<?xml version="1.0" encoding="UTF-8"?>
<robot generator="Robot 7.1.1 (Python 3.10.12 on linux)" generated="2026-05-07T21:09:42.874825" rpa="false" schemaversion="5">
<suite id="s1" name="Insert" source="/home/rfahham/projetos/testcontainers/tests/local/insert.robot">
<test id="s1-t1" name="Inserir Pessoas Do CSV No Banco" line="5">
<kw name="Criar Tabela" owner="keywords">
<kw name="Connect To Database" owner="DatabaseLibrary">
<msg time="2026-05-07T21:09:43.105029" level="INFO">Looking for configuration file: 'resources/db.cfg'</msg>
<msg time="2026-05-07T21:09:43.105112" level="INFO">Configuration file doesn't exist</msg>
<msg time="2026-05-07T21:09:43.113596" level="INFO">Connect to DB using : psycopg2.connect(database='horadoqa-postgresql', user='horadoqa', password=***, host='host.docker.internal', port=5432)</msg>
<arg>psycopg2</arg>
<arg>${DB_NAME}</arg>
<arg>${DB_USER}</arg>
<arg>${DB_PASSWORD}</arg>
<arg>${DB_HOST}</arg>
<arg>${DB_PORT}</arg>
<doc>Creates a database connection using the DB API 2.0 ``db_module`` and the parameters provided.
Along with listed commonly used arguments (`db_name`, `db_host` etc.)
you can set any other DB module specific parameters as key/value pairs.</doc>
<status status="PASS" start="2026-05-07T21:09:43.104649" elapsed="0.028676"/>
</kw>
<kw name="Set Variable" owner="BuiltIn">
<msg time="2026-05-07T21:09:43.134036" level="INFO">${sql} = CREATE TABLE IF NOT EXISTS usuarios (id SERIAL PRIMARY KEY, nome VARCHAR(255), data_nascimento DATE, sexo VARCHAR(10), estado_civil VARCHAR(20), naturalidade VARCHAR(100), nacionalidade VARCHAR(100))</msg>
<var>${sql}</var>
<arg>CREATE TABLE IF NOT EXISTS ${TABLE_NAME} (id SERIAL PRIMARY KEY, nome VARCHAR(255), data_nascimento DATE, sexo VARCHAR(10), estado_civil VARCHAR(20), naturalidade VARCHAR(100), nacionalidade VARCHAR(100))</arg>
<doc>Returns the given values which can then be assigned to a variables.</doc>
<status status="PASS" start="2026-05-07T21:09:43.133600" elapsed="0.000528"/>
</kw>
<kw name="Execute Sql String" owner="DatabaseLibrary">
<msg time="2026-05-07T21:09:43.134793" level="INFO" html="true">Executing sql:&lt;br&gt;&lt;code style="font-weight: bold;"&gt;CREATE TABLE IF NOT EXISTS usuarios (id SERIAL PRIMARY KEY, nome VARCHAR(255), data_nascimento DATE, sexo VARCHAR(10), estado_civil VARCHAR(20), naturalidade VARCHAR(100), nacionalidade VARCHAR(100))&lt;/code&gt;</msg>
<msg time="2026-05-07T21:09:43.137934" level="INFO">Commit the transaction</msg>
<arg>${sql}</arg>
<doc>Executes the ``sql_string`` - as a single SQL command (default) or as separate statements.</doc>
<status status="PASS" start="2026-05-07T21:09:43.134429" elapsed="0.004971"/>
</kw>
<kw name="Disconnect From Database" owner="DatabaseLibrary">
<doc>Disconnects from the database.</doc>
<status status="PASS" start="2026-05-07T21:09:43.139626" elapsed="0.000286"/>
</kw>
<status status="PASS" start="2026-05-07T21:09:43.103846" elapsed="0.036189"/>
</kw>
<kw name="Inserir Dados" owner="keywords">
<kw name="Connect To Database" owner="DatabaseLibrary">
<msg time="2026-05-07T21:09:43.141135" level="INFO">Looking for configuration file: 'resources/db.cfg'</msg>
<msg time="2026-05-07T21:09:43.141187" level="INFO">Configuration file doesn't exist</msg>
<msg time="2026-05-07T21:09:43.141365" level="INFO">Connect to DB using : psycopg2.connect(database='horadoqa-postgresql', user='horadoqa', password=***, host='host.docker.internal', port=5432)</msg>
<arg>psycopg2</arg>
<arg>${DB_NAME}</arg>
<arg>${DB_USER}</arg>
<arg>${DB_PASSWORD}</arg>
<arg>${DB_HOST}</arg>
<arg>${DB_PORT}</arg>
<doc>Creates a database connection using the DB API 2.0 ``db_module`` and the parameters provided.
Along with listed commonly used arguments (`db_name`, `db_host` etc.)
you can set any other DB module specific parameters as key/value pairs.</doc>
<status status="PASS" start="2026-05-07T21:09:43.140774" elapsed="0.014219"/>
</kw>
<kw name="Get File" owner="OperatingSystem">
<msg time="2026-05-07T21:09:43.155466" level="INFO" html="true">Getting file '&lt;a href="file:///home/rfahham/projetos/testcontainers/tests/local/usuarios.csv"&gt;/home/rfahham/projetos/testcontainers/tests/local/usuarios.csv&lt;/a&gt;'.</msg>
<msg time="2026-05-07T21:09:43.155645" level="INFO">${content} = nome,data_nascimento,sexo,estado_civil,naturalidade,nacionalidade
João Silva,1971-02-02,Masculino,Solteiro,Rio de Janeiro,Brasileira
Maria Souza,1972-03-03,Feminino,Casado,São Paulo,Brasileira
Ana Oli...</msg>
<var>${content}</var>
<arg>${CSV_FILE}</arg>
<doc>Returns the contents of a specified file.</doc>
<status status="PASS" start="2026-05-07T21:09:43.155221" elapsed="0.000450"/>
</kw>
<kw name="Split To Lines" owner="String">
<msg time="2026-05-07T21:09:43.155934" level="INFO">101 lines returned</msg>
<msg time="2026-05-07T21:09:43.156041" level="INFO">${lines} = ['nome,data_nascimento,sexo,estado_civil,naturalidade,nacionalidade', 'João Silva,1971-02-02,Masculino,Solteiro,Rio de Janeiro,Brasileira', 'Maria Souza,1972-03-03,Feminino,Casado,São Paulo,Brasileira...</msg>
<var>${lines}</var>
<arg>${content}</arg>
<doc>Splits the given string to lines.</doc>
<status status="PASS" start="2026-05-07T21:09:43.155786" elapsed="0.000278"/>
</kw>
<kw name="Get Slice From List" owner="Collections">
<msg time="2026-05-07T21:09:43.156500" level="INFO">${data_lines} = ['João Silva,1971-02-02,Masculino,Solteiro,Rio de Janeiro,Brasileira', 'Maria Souza,1972-03-03,Feminino,Casado,São Paulo,Brasileira', 'Ana Oliveira,1973-04-04,Feminino,Divorciado,Curitiba,Brasileira',...</msg>
<var>${data_lines}</var>
<arg>${lines}</arg>
<arg>1</arg>
<doc>Returns a slice of the given list between ``start`` and ``end`` indexes.</doc>
<status status="PASS" start="2026-05-07T21:09:43.156216" elapsed="0.000313"/>
</kw>
<for flavor="IN">
<iter>
<kw name="Split String" owner="String">
<msg time="2026-05-07T21:09:43.157108" level="INFO">${data} = ['João Silva', '1971-02-02', 'Masculino', 'Solteiro', 'Rio de Janeiro', 'Brasileira']</msg>
<var>${data}</var>
<arg>${line}</arg>
<arg>,</arg>
<doc>Splits the ``string`` using ``separator`` as a delimiter string.</doc>
<status status="PASS" start="2026-05-07T21:09:43.156911" elapsed="0.000226"/>
</kw>
<kw name="Set Variable" owner="BuiltIn">
<msg time="2026-05-07T21:09:43.157611" level="INFO">${nome} = João Silva</msg>
<var>${nome}</var>
<arg>${data}[0]</arg>
<doc>Returns the given values which can then be assigned to a variables.</doc>
<status status="PASS" start="2026-05-07T21:09:43.157287" elapsed="0.000351"/>
</kw>
<kw name="Set Variable" owner="BuiltIn">
<msg time="2026-05-07T21:09:43.157959" level="INFO">${data_nascimento} = 1971-02-02</msg>
<var>${data_nascimento}</var>
<arg>${data}[1]</arg>
<doc>Returns the given values which can then be assigned to a variables.</doc>
<status status="PASS" start="2026-05-07T21:09:43.157755" elapsed="0.000294"/>
</kw>
<kw name="Set Variable" owner="BuiltIn">
<msg time="2026-05-07T21:09:43.158356" level="INFO">${sexo} = Masculino</msg>
<var>${sexo}</var>
<arg>${data}[2]</arg>
<doc>Returns the given values which can then be assigned to a variables.</doc>
<status status="PASS" start="2026-05-07T21:09:43.158185" elapsed="0.000193"/>
</kw>
<kw name="Set Variable" owner="BuiltIn">
<msg time="2026-05-07T21:09:43.158634" level="INFO">${estado_civil} = Solteiro</msg>
<var>${estado_civil}</var>
<arg>${data}[3]</arg>
<doc>Returns the given values which can then be assigned to a variables.</doc>
<status status="PASS" start="2026-05-07T21:09:43.158479" elapsed="0.000177"/>
</kw>
<kw name="Set Variable" owner="BuiltIn">
<msg time="2026-05-07T21:09:43.158901" level="INFO">${naturalidade} = Rio de Janeiro</msg>
<var>${naturalidade}</var>
<arg>${data}[4]</arg>
<doc>Returns the given values which can then be assigned to a variables.</doc>
<status status="PASS" start="2026-05-07T21:09:43.158754" elapsed="0.000177"/>
</kw>
<kw name="Set Variable" owner="BuiltIn">
<msg time="2026-05-07T21:09:43.159217" level="INFO">${nacionalidade} = Brasileira</msg>
<var>${nacionalidade}</var>
<arg>${data}[5]</arg>
<doc>Returns the given values which can then be assigned to a variables.</doc>
<status status="PASS" start="2026-05-07T21:09:43.159030" elapsed="0.000209"/>
</kw>
<kw name="Set Variable" owner="BuiltIn">
<msg time="2026-05-07T21:09:43.159756" level="INFO">${sql} = INSERT INTO usuarios(nome, data_nascimento, sexo, estado_civil, naturalidade, nacionalidade) VALUES ('João Silva', '1971-02-02', 'Masculino', 'Solteiro', 'Rio de Janeiro', 'Brasileira')</msg>
<var>${sql}</var>
<arg>INSERT INTO ${TABLE_NAME}(nome, data_nascimento, sexo, estado_civil, naturalidade, nacionalidade) VALUES ('${nome}', '${data_nascimento}', '${sexo}', '${estado_civil}', '${naturalidade}', '${nacionalidade}')</arg>
<doc>Returns the given values which can then be assigned to a variables.</doc>
<status status="PASS" start="2026-05-07T21:09:43.159461" elapsed="0.000325"/>
</kw>
<kw name="Execute Sql String" owner="DatabaseLibrary">
<msg time="2026-05-07T21:09:43.160066" level="INFO" html="true">Executing sql:&lt;br&gt;&lt;code style="font-weight: bold;"&gt;INSERT INTO usuarios(nome, data_nascimento, sexo, estado_civil, naturalidade, nacionalidade) VALUES ('João Silva', '1971-02-02', 'Masculino', 'Solteiro', 'Rio de Janeiro', 'Brasileira')&lt;/code&gt;</msg>
<msg time="2026-05-07T21:09:43.163736" level="INFO">Commit the transaction</msg>
<arg>${sql}</arg>
<doc>Executes the ``sql_string`` - as a single SQL command (default) or as separate statements.</doc>
<status status="PASS" start="2026-05-07T21:09:43.159903" elapsed="0.007254"/>
</kw>
<var name="${line}">João Silva,1971-02-02,Masculino,Solteiro,Rio de Janeiro,Brasileira</var>
<status status="PASS" start="2026-05-07T21:09:43.156798" elapsed="0.010461"/>
</iter>
<iter>
<kw name="Split String" owner="String">
<msg time="2026-05-07T21:09:43.168193" level="INFO">${data} = ['Maria Souza', '1972-03-03', 'Feminino', 'Casado', 'São Paulo', 'Brasileira']</msg>
<var>${data}</var>
<arg>${line}</arg>
<arg>,</arg>
<doc>Splits the ``string`` using ``separator`` as a delimiter string.</doc>
<status status="PASS" start="2026-05-07T21:09:43.167731" elapsed="0.000528"/>
</kw>
<kw name="Set Variable" owner="BuiltIn">
<msg time="2026-05-07T21:09:43.168810" level="INFO">${nome} = Maria Souza</msg>
<var>${nome}</var>
<arg>${data}[0]</arg>
<doc>Returns the given values which can then be assigned to a variables.</doc>
<status status="PASS" start="2026-05-07T21:09:43.168531" elapsed="0.000312"/>
</kw>
<kw name="Set Variable" owner="BuiltIn">
<msg time="2026-05-07T21:09:43.169643" level="INFO">${data_nascimento} = 1972-03-03</msg>
<var>${data_nascimento}</var>
<arg>${data}[1]</arg>
<doc>Returns the given values which can then be assigned to a variables.</doc>
<status status="PASS" start="2026-05-07T21:09:43.169161" elapsed="0.000580"/>
</kw>
<kw name="Set Variable" owner="BuiltIn">
<msg time="2026-05-07T21:09:43.170222" level="INFO">${sexo} = Feminino</msg>
<var>${sexo}</var>
<arg>${data}[2]</arg>
<doc>Returns the given values which can then be assigned to a variables.</doc>
<status status="PASS" start="2026-05-07T21:09:43.169966" elapsed="0.000283"/>
</kw>
<kw name="Set Variable" owner="BuiltIn">
<msg time="2026-05-07T21:09:43.170560" level="INFO">${estado_civil} = Casado</msg>
<var>${estado_civil}</var>
<arg>${data}[3]</arg>
<doc>Returns the given values which can then be assigned to a variables.</doc>
<status status="PASS" start="2026-05-07T21:09:43.170387" elapsed="0.000195"/>
</kw>
<kw name="Set Variable" owner="BuiltIn">
<msg time="2026-05-07T21:09:43.170844" level="INFO">${naturalidade} = São Paulo</msg>
<var>${naturalidade}</var>
<arg>${data}[4]</arg>
<doc>Returns the given values which can then be assigned to a variables.</doc>
<status status="PASS" start="2026-05-07T21:09:43.170686" elapsed="0.000182"/>
</kw>
<kw name="Set Variable" owner="BuiltIn">
<msg time="2026-05-07T21:09:43.171118" level="INFO">${nacionalidade} = Brasileira</msg>
<var>${nacionalidade}</var>
<arg>${data}[5]</arg>
<doc>Returns the given values which can then be assigned to a variables.</doc>
<status status="PASS" start="2026-05-07T21:09:43.170968" elapsed="0.000172"/>
</kw>
<kw name="Set Variable" owner="BuiltIn">
<msg time="2026-05-07T21:09:43.171520" level="INFO">${sql} = INSERT INTO usuarios(nome, data_nascimento, sexo, estado_civil, naturalidade, nacionalidade) VALUES ('Maria Souza', '1972-03-03', 'Feminino', 'Casado', 'São Paulo', 'Brasileira')</msg>
<var>${sql}</var>
<arg>INSERT INTO ${TABLE_NAME}(nome, data_nascimento, sexo, estado_civil, naturalidade, nacionalidade) VALUES ('${nome}', '${data_nascimento}', '${sexo}', '${estado_civil}', '${naturalidade}', '${nacionalidade}')</arg>
<doc>Returns the given values which can then be assigned to a variables.</doc>
<status status="PASS" start="2026-05-07T21:09:43.171236" elapsed="0.000314"/>
</kw>
<kw name="Execute Sql String" owner="DatabaseLibrary">
<msg time="2026-05-07T21:09:43.171809" level="INFO" html="true">Executing sql:&lt;br&gt;&lt;code style="font-weight: bold;"&gt;INSERT INTO usuarios(nome, data_nascimento, sexo, estado_civil, naturalidade, nacionalidade) VALUES ('Maria Souza', '1972-03-03', 'Feminino', 'Casado', 'São Paulo', 'Brasileira')&lt;/code&gt;</msg>
<msg time="2026-05-07T21:09:43.174654" level="INFO">Commit the transaction</msg>
<arg>${sql}</arg>
<doc>Executes the ``sql_string`` - as a single SQL command (default) or as separate statements.</doc>
<status status="PASS" start="2026-05-07T21:09:43.171656" elapsed="0.005828"/>
</kw>
<var name="${line}">Maria Souza,1972-03-03,Feminino,Casado,São Paulo,Brasileira</var>
<status status="PASS" start="2026-05-07T21:09:43.167516" elapsed="0.010045"/>
</iter>
<iter>
<kw name="Split String" owner="String">
<msg time="2026-05-07T21:09:43.178123" level="INFO">${data} = ['Ana Oliveira', '1973-04-04', 'Feminino', 'Divorciado', 'Curitiba', 'Brasileira']</msg>
<var>${data}</var>
<arg>${line}</arg>
<arg>,</arg>
<doc>Splits the ``string`` using ``separator`` as a delimiter string.</doc>
<status status="PASS" start="2026-05-07T21:09:43.177903" elapsed="0.000271"/>
</kw>
<kw name="Set Variable" owner="BuiltIn">
<msg time="2026-05-07T21:09:43.178485" level="INFO">${nome} = Ana Oliveira</msg>
<var>${nome}</var>
<arg>${data}[0]</arg>
<doc>Returns the given values which can then be assigned to a variables.</doc>
<status status="PASS" start="2026-05-07T21:09:43.178318" elapsed="0.000190"/>
</kw>
<kw name="Set Variable" owner="BuiltIn">
<msg time="2026-05-07T21:09:43.178865" level="INFO">${data_nascimento} = 1973-04-04</msg>
<var>${data_nascimento}</var>
<arg>${data}[1]</arg>
<doc>Returns the given values which can then be assigned to a variables.</doc>
<status status="PASS" start="2026-05-07T21:09:43.178609" elapsed="0.000287"/>
</kw>
<kw name="Set Variable" owner="BuiltIn">
<msg time="2026-05-07T21:09:43.179414" level="INFO">${sexo} = Feminino</msg>
<var>${sexo}</var>
<arg>${data}[2]</arg>
<doc>Returns the given values which can then be assigned to a variables.</doc>
<status status="PASS" start="2026-05-07T21:09:43.179073" elapsed="0.000382"/>
</kw>
<kw name="Set Variable" owner="BuiltIn">
<msg time="2026-05-07T21:09:43.180588" level="INFO">${estado_civil} = Divorciado</msg>
<var>${estado_civil}</var>
<arg>${data}[3]</arg>
<doc>Returns the given values which can then be assigned to a variables.</doc>
<status status="PASS" start="2026-05-07T21:09:43.179856" elapsed="0.000783"/>
</kw>
<kw name="Set Variable" owner="BuiltIn">
<msg time="2026-05-07T21:09:43.181126" level="INFO">${naturalidade} = Curitiba</msg>
<var>${naturalidade}</var>
<arg>${data}[4]</arg>
<doc>Returns the given values which can then be assigned to a variables.</doc>
<status status="PASS" start="2026-05-07T21:09:43.180870" elapsed="0.000296"/>
</kw>
<kw name="Set Variable" owner="BuiltIn">
<msg time="2026-05-07T21:09:43.181693" level="INFO">${nacionalidade} = Brasileira</msg>
<var>${nacionalidade}</var>
<arg>${data}[5]</arg>
<doc>Returns the given values which can then be assigned to a variables.</doc>
<status status="PASS" start="2026-05-07T21:09:43.181444" elapsed="0.000276"/>
</kw>
<kw name="Set Variable" owner="BuiltIn">
<msg time="2026-05-07T21:09:43.182208" level="INFO">${sql} = INSERT INTO usuarios(nome, data_nascimento, sexo, estado_civil, naturalidade, nacionalidade) VALUES ('Ana Oliveira', '1973-04-04', 'Feminino', 'Divorciado', 'Curitiba', 'Brasileira')</msg>
<var>${sql}</var>
<arg>INSERT INTO ${TABLE_NAME}(nome, data_nascimento, sexo, estado_civil, naturalidade, nacionalidade) VALUES ('${nome}', '${data_nascimento}', '${sexo}', '${estado_civil}', '${naturalidade}', '${nacionalidade}')</arg>
<doc>Returns the given values which can then be assigned to a variables.</doc>
<status status="PASS" start="2026-05-07T21:09:43.181895" elapsed="0.000493"/>
</kw>
<kw name="Execute Sql String" owner="DatabaseLibrary">
<msg time="2026-05-07T21:09:43.182704" level="INFO" html="true">Executing sql:&lt;br&gt;&lt;code style="font-weight: bold;"&gt;INSERT INTO usuarios(nome, data_nascimento, sexo, estado_civil, naturalidade, nacionalidade) VALUES ('Ana Oliveira', '1973-04-04', 'Feminino', 'Divorciado', 'Curitiba', 'Brasileira')&lt;/code&gt;</msg>
<msg time="2026-05-07T21:09:43.185371" level="INFO">Commit the transaction</msg>
<arg>${sql}</arg>
<doc>Executes the ``sql_string`` - as a single SQL command (default) or as separate statements.</doc>
<status status="PASS" start="2026-05-07T21:09:43.182528" elapsed="0.005933"/>
</kw>
<var name="${line}">Ana Oliveira,1973-04-04,Feminino,Divorciado,Curitiba,Brasileira</var>
<status status="PASS" start="2026-05-07T21:09:43.177769" elapsed="0.010770"/>
</iter>
<iter>
<kw name="Split String" owner="String">
<msg time="2026-05-07T21:09:43.189198" level="INFO">${data} = ['Carlos Santos', '1974-05-05', 'Masculino', 'Viúvo', 'Salvador', 'Brasileira']</msg>
<var>${data}</var>
<arg>${line}</arg>
<arg>,</arg>
<doc>Splits the ``string`` using ``separator`` as a delimiter string.</doc>
<status status="PASS" start="2026-05-07T21:09:43.188931" elapsed="0.000296"/>
</kw>
<kw name="Set Variable" owner="BuiltIn">
<msg time="2026-05-07T21:09:43.189506" level="INFO">${nome} = Carlos Santos</msg>
<var>${nome}</var>
<arg>${data}[0]</arg>
<doc>Returns the given values which can then be assigned to a variables.</doc>
<status status="PASS" start="2026-05-07T21:09:43.189339" elapsed="0.000190"/>
</kw>
<kw name="Set Variable" owner="BuiltIn">
<msg time="2026-05-07T21:09:43.189835" level="INFO">${data_nascimento} = 1974-05-05</msg>
<var>${data_nascimento}</var>
<arg>${data}[1]</arg>
<doc>Returns the given values which can then be assigned to a variables.</doc>
<status status="PASS" start="2026-05-07T21:09:43.189673" elapsed="0.000184"/>
</kw>
<kw name="Set Variable" owner="BuiltIn">
<msg time="2026-05-07T21:09:43.190106" level="INFO">${sexo} = Masculino</msg>
<var>${sexo}</var>
<arg>${data}[2]</arg>
<doc>Returns the given values which can then be assigned to a variables.</doc>
<status status="PASS" start="2026-05-07T21:09:43.189956" elapsed="0.000199"/>
</kw>
<kw name="Set Variable" owner="BuiltIn">
<msg time="2026-05-07T21:09:43.190447" level="INFO">${estado_civil} = Viúvo</msg>
<var>${estado_civil}</var>
<arg>${data}[3]</arg>
<doc>Returns the given values which can then be assigned to a variables.</doc>
<status status="PASS" start="2026-05-07T21:09:43.190279" elapsed="0.000192"/>
</kw>
<kw name="Set Variable" owner="BuiltIn">
<msg time="2026-05-07T21:09:43.190866" level="INFO">${naturalidade} = Salvador</msg>
<var>${naturalidade}</var>
<arg>${data}[4]</arg>
<doc>Returns the given values which can then be assigned to a variables.</doc>
<status status="PASS" start="2026-05-07T21:09:43.190572" elapsed="0.000320"/>
</kw>
<kw name="Set Variable" owner="BuiltIn">
<msg time="2026-05-07T21:09:43.191189" level="INFO">${nacionalidade} = Brasileira</msg>
<var>${nacionalidade}</var>
<arg>${data}[5]</arg>
<doc>Returns the given values which can then be assigned to a variables.</doc>
<status status="PASS" start="2026-05-07T21:09:43.191003" elapsed="0.000228"/>
</kw>
<kw name="Set Variable" owner="BuiltIn">
<msg time="2026-05-07T21:09:43.191625" level="INFO">${sql} = INSERT INTO usuarios(nome, data_nascimento, sexo, estado_civil, naturalidade, nacionalidade) VALUES ('Carlos Santos', '1974-05-05', 'Masculino', 'Viúvo', 'Salvador', 'Brasileira')</msg>
<var>${sql}</var>
<arg>INSERT INTO ${TABLE_NAME}(nome, data_nascimento, sexo, estado_civil, naturalidade, nacionalidade) VALUES ('${nome}', '${data_nascimento}', '${sexo}', '${estado_civil}', '${naturalidade}', '${nacionalidade}')</arg>
<doc>Returns the given values which can then be assigned to a variables.</doc>
<status status="PASS" start="2026-05-07T21:09:43.191339" elapsed="0.000310"/>
</kw>
<kw name="Execute Sql String" owner="DatabaseLibrary">
<msg time="2026-05-07T21:09:43.191941" level="INFO" html="true">Executing sql:&lt;br&gt;&lt;code style="font-weight: bold;"&gt;INSERT INTO usuarios(nome, data_nascimento, sexo, estado_civil, naturalidade, nacionalidade) VALUES ('Carlos Santos', '1974-05-05', 'Masculino', 'Viúvo', 'Salvador', 'Brasileira')&lt;/code&gt;</msg>
<msg time="2026-05-07T21:09:43.194673" level="INFO">Commit the transaction</msg>
<arg>${sql}</arg>
<doc>Executes the ``sql_string`` - as a single SQL command (default) or as separate statements.</doc>
<status status="PASS" start="2026-05-07T21:09:43.191795" elapsed="0.006317"/>
</kw>
<var name="${line}">Carlos Santos,1974-05-05,Masculino,Viúvo,Salvador,Brasileira</var>
<status status="PASS" start="2026-05-07T21:09:43.188797" elapsed="0.009411"/>
</iter>
<iter>
<kw name="Split String" owner="String">
<msg time="2026-05-07T21:09:43.198861" level="INFO">${data} = ['Pedro Lima', '1975-06-06', 'Masculino', 'Solteiro', 'Belo Horizonte', 'Brasileira']</msg>
<var>${data}</var>
<arg>${line}</arg>
<arg>,</arg>
<doc>Splits the ``string`` using ``separator`` as a delimiter string.</doc>
<status status="PASS" start="2026-05-07T21:09:43.198640" elapsed="0.000246"/>
</kw>
<kw name="Set Variable" owner="BuiltIn">
<msg time="2026-05-07T21:09:43.199147" level="INFO">${nome} = Pedro Lima</msg>
<var>${nome}</var>
<arg>${data}[0]</arg>
<doc>Returns the given values which can then be assigned to a variables.</doc>
<status status="PASS" start="2026-05-07T21:09:43.198990" elapsed="0.000178"/>
</kw>
<kw name="Set Variable" owner="BuiltIn">
<msg time="2026-05-07T21:09:43.199413" level="INFO">${data_nascimento} = 1975-06-06</msg>
<var>${data_nascimento}</var>
<arg>${data}[1]</arg>
<doc>Returns the given values which can then be assigned to a variables.</doc>
<status status="PASS" start="2026-05-07T21:09:43.199264" elapsed="0.000170"/>
</kw>
<kw name="Set Variable" owner="BuiltIn">
<msg time="2026-05-07T21:09:43.199689" level="INFO">${sexo} = Masculino</msg>
<var>${sexo}</var>
<arg>${data}[2]</arg>
<doc>Returns the given values which can then be assigned to a variables.</doc>
<status status="PASS" start="2026-05-07T21:09:43.199529" elapsed="0.000182"/>
</kw>
<kw name="Set Variable" owner="BuiltIn">
<msg time="2026-05-07T21:09:43.200013" level="INFO">${estado_civil} = Solteiro</msg>
<var>${estado_civil}</var>
<arg>${data}[3]</arg>
<doc>Returns the given values which can then be assigned to a variables.</doc>
<status status="PASS" start="2026-05-07T21:09:43.199814" elapsed="0.000223"/>
</kw>
<kw name="Set Variable" owner="BuiltIn">
<msg time="2026-05-07T21:09:43.200294" level="INFO">${naturalidade} = Belo Horizonte</msg>
<var>${naturalidade}</var>
<arg>${data}[4]</arg>
<doc>Returns the given values which can then be assigned to a variables.</doc>
<status status="PASS" start="2026-05-07T21:09:43.200143" elapsed="0.000173"/>
</kw>
<kw name="Set Variable" owner="BuiltIn">
<msg time="2026-05-07T21:09:43.200994" level="INFO">${nacionalidade} = Brasileira</msg>
<var>${nacionalidade}</var>
<arg>${data}[5]</arg>
<doc>Returns the given values which can then be assigned to a variables.</doc>
<status status="PASS" start="2026-05-07T21:09:43.200711" elapsed="0.000329"/>
</kw>
<kw name="Set Variable" owner="BuiltIn">
<msg time="2026-05-07T21:09:43.201753" level="INFO">${sql} = INSERT INTO usuarios(nome, data_nascimento, sexo, estado_civil, naturalidade, nacionalidade) VALUES ('Pedro Lima', '1975-06-06', 'Masculino', 'Solteiro', 'Belo Horizonte', 'Brasileira')</msg>
<var>${sql}</var>
<arg>INSERT INTO ${TABLE_NAME}(nome, data_nascimento, sexo, estado_civil, naturalidade, nacionalidade) VALUES ('${nome}', '${data_nascimento}', '${sexo}', '${estado_civil}', '${naturalidade}', '${nacionalidade}')</arg>
<doc>Returns the given values which can then be assigned to a variables.</doc>
<status status="PASS" start="2026-05-07T21:09:43.201264" elapsed="0.000537"/>
</kw>
<kw name="Execute Sql String" owner="DatabaseLibrary">
<msg time="2026-05-07T21:09:43.202740" level="INFO" html="true">Executing sql:&lt;br&gt;&lt;code style="font-weight: bold;"&gt;INSERT INTO usuarios(nome, data_nascimento, sexo, estado_civil, naturalidade, nacionalidade) VALUES ('Pedro Lima', '1975-06-06', 'Masculino', 'Solteiro', 'Belo Horizonte', 'Brasileira')&lt;/code&gt;</msg>
<msg time="2026-05-07T21:09:43.205325" level="INFO">Commit the transaction</msg>
<arg>${sql}</arg>
<doc>Executes the ``sql_string`` - as a single SQL command (default) or as separate statements.</doc>
<status status="PASS" start="2026-05-07T21:09:43.202347" elapsed="0.005659"/>
</kw>
<var name="${line}">Pedro Lima,1975-06-06,Masculino,Solteiro,Belo Horizonte,Brasileira</var>
<status status="PASS" start="2026-05-07T21:09:43.198503" elapsed="0.009589"/>
</iter>
<iter>
<kw name="Split String" owner="String">
<msg time="2026-05-07T21:09:43.208883" level="INFO">${data} = ['Lucas Pereira', '1976-07-07', 'Masculino', 'Casado', 'Recife', 'Brasileira']</msg>
<var>${data}</var>
<arg>${line}</arg>
<arg>,</arg>
<doc>Splits the ``string`` using ``separator`` as a delimiter string.</doc>
<status status="PASS" start="2026-05-07T21:09:43.208525" elapsed="0.000416"/>
</kw>
<kw name="Set Variable" owner="BuiltIn">
<msg time="2026-05-07T21:09:43.209763" level="INFO">${nome} = Lucas Pereira</msg>
<var>${nome}</var>
<arg>${data}[0]</arg>
<doc>Returns the given values which can then be assigned to a variables.</doc>
<status status="PASS" start="2026-05-07T21:09:43.209226" elapsed="0.000607"/>
</kw>
<kw name="Set Variable" owner="BuiltIn">
<msg time="2026-05-07T21:09:43.210669" level="INFO">${data_nascimento} = 1976-07-07</msg>
<var>${data_nascimento}</var>
<arg>${data}[1]</arg>
<doc>Returns the given values which can then be assigned to a variables.</doc>
<status status="PASS" start="2026-05-07T21:09:43.210193" elapsed="0.000532"/>
</kw>
<kw name="Set Variable" owner="BuiltIn">
<msg time="2026-05-07T21:09:43.211200" level="INFO">${sexo} = Masculino</msg>
<var>${sexo}</var>
<arg>${data}[2]</arg>
<doc>Returns the given values which can then be assigned to a variables.</doc>
<status status="PASS" start="2026-05-07T21:09:43.210965" elapsed="0.000265"/>
</kw>
<kw name="Set Variable" owner="BuiltIn">
<msg time="2026-05-07T21:09:43.211577" level="INFO">${estado_civil} = Casado</msg>
<var>${estado_civil}</var>
<arg>${data}[3]</arg>
<doc>Returns the given values which can then be assigned to a variables.</doc>
<status status="PASS" start="2026-05-07T21:09:43.211370" elapsed="0.000237"/>
</kw>
<kw name="Set Variable" owner="BuiltIn">
<msg time="2026-05-07T21:09:43.211964" level="INFO">${naturalidade} = Recife</msg>
<var>${naturalidade}</var>
<arg>${data}[4]</arg>
<doc>Returns the given values which can then be assigned to a variables.</doc>
<status status="PASS" start="2026-05-07T21:09:43.211751" elapsed="0.000238"/>
</kw>
<kw name="Set Variable" owner="BuiltIn">
<msg time="2026-05-07T21:09:43.212375" level="INFO">${nacionalidade} = Brasileira</msg>
<var>${nacionalidade}</var>
<arg>${data}[5]</arg>
<doc>Returns the given values which can then be assigned to a variables.</doc>
<status status="PASS" start="2026-05-07T21:09:43.212173" elapsed="0.000239"/>
</kw>
<kw name="Set Variable" owner="BuiltIn">
<msg time="2026-05-07T21:09:43.213050" level="INFO">${sql} = INSERT INTO usuarios(nome, data_nascimento, sexo, estado_civil, naturalidade, nacionalidade) VALUES ('Lucas Pereira', '1976-07-07', 'Masculino', 'Casado', 'Recife', 'Brasileira')</msg>
<var>${sql}</var>
<arg>INSERT INTO ${TABLE_NAME}(nome, data_nascimento, sexo, estado_civil, naturalidade, nacionalidade) VALUES ('${nome}', '${data_nascimento}', '${sexo}', '${estado_civil}', '${naturalidade}', '${nacionalidade}')</arg>
<doc>Returns the given values which can then be assigned to a variables.</doc>
<status status="PASS" start="2026-05-07T21:09:43.212569" elapsed="0.000516"/>
</kw>
<kw name="Execute Sql String" owner="DatabaseLibrary">
<msg time="2026-05-07T21:09:43.213463" level="INFO" html="true">Executing sql:&lt;br&gt;&lt;code style="font-weight: bold;"&gt;INSERT INTO usuarios(nome, data_nascimento, sexo, estado_civil, naturalidade, nacionalidade) VALUES ('Lucas Pereira', '1976-07-07', 'Masculino', 'Casado', 'Recife', 'Brasileira')&lt;/code&gt;</msg>
<msg time="2026-05-07T21:09:43.215860" level="INFO">Commit the transaction</msg>
<arg>${sql}</arg>
<doc>Executes the ``sql_string`` - as a single SQL command (default) or as separate statements.</doc>
<status status="PASS" start="2026-05-07T21:09:43.213247" elapsed="0.005142"/>
</kw>
<var name="${line}">Lucas Pereira,1976-07-07,Masculino,Casado,Recife,Brasileira</var>
<status status="PASS" start="2026-05-07T21:09:43.208291" elapsed="0.010196"/>
</iter>
<iter>
<kw name="Split String" owner="String">
<msg time="2026-05-07T21:09:43.219207" level="INFO">${data} = ['Julia Costa', '1977-08-08', 'Feminino', 'Divorciado', 'Porto Alegre', 'Brasileira']</msg>
<var>${data}</var>
<arg>${line}</arg>
<arg>,</arg>
<doc>Splits the ``string`` using ``separator`` as a delimiter string.</doc>
<status status="PASS" start="2026-05-07T21:09:43.218898" elapsed="0.000350"/>
</kw>
<kw name="Set Variable" owner="BuiltIn">
<msg time="2026-05-07T21:09:43.219593" level="INFO">${nome} = Julia Costa</msg>
<var>${nome}</var>
<arg>${data}[0]</arg>
<doc>Returns the given values which can then be assigned to a variables.</doc>
<status status="PASS" start="2026-05-07T21:09:43.219400" elapsed="0.000218"/>
</kw>
<kw name="Set Variable" owner="BuiltIn">
<msg time="2026-05-07T21:09:43.219940" level="INFO">${data_nascimento} = 1977-08-08</msg>
<var>${data_nascimento}</var>
<arg>${data}[1]</arg>
<doc>Returns the given values which can then be assigned to a variables.</doc>
<status status="PASS" start="2026-05-07T21:09:43.219742" elapsed="0.000226"/>
</kw>
<kw name="Set Variable" owner="BuiltIn">
<msg time="2026-05-07T21:09:43.220261" level="INFO">${sexo} = Feminino</msg>
<var>${sexo}</var>
<arg>${data}[2]</arg>
<doc>Returns the given values which can then be assigned to a variables.</doc>
<status status="PASS" start="2026-05-07T21:09:43.220090" elapsed="0.000195"/>
</kw>
<kw name="Set Variable" owner="BuiltIn">
<msg time="2026-05-07T21:09:43.220610" level="INFO">${estado_civil} = Divorciado</msg>
<var>${estado_civil}</var>
<arg>${data}[3]</arg>
<doc>Returns the given values which can then be assigned to a variables.</doc>
<status status="PASS" start="2026-05-07T21:09:43.220403" elapsed="0.000241"/>
</kw>
<kw name="Set Variable" owner="BuiltIn">
<msg time="2026-05-07T21:09:43.221057" level="INFO">${naturalidade} = Porto Alegre</msg>
<var>${naturalidade}</var>
<arg>${data}[4]</arg>
<doc>Returns the given values which can then be assigned to a variables.</doc>
<status status="PASS" start="2026-05-07T21:09:43.220819" elapsed="0.000266"/>
</kw>
<kw name="Set Variable" owner="BuiltIn">
<msg time="2026-05-07T21:09:43.221619" level="INFO">${nacionalidade} = Brasileira</msg>
<var>${nacionalidade}</var>
<arg>${data}[5]</arg>
<doc>Returns the given values which can then be assigned to a variables.</doc>
<status status="PASS" start="2026-05-07T21:09:43.221289" elapsed="0.000365"/>
</kw>
<kw name="Set Variable" owner="BuiltIn">
<msg time="2026-05-07T21:09:43.222298" level="INFO">${sql} = INSERT INTO usuarios(nome, data_nascimento, sexo, estado_civil, naturalidade, nacionalidade) VALUES ('Julia Costa', '1977-08-08', 'Feminino', 'Divorciado', 'Porto Alegre', 'Brasileira')</msg>
<var>${sql}</var>
<arg>INSERT INTO ${TABLE_NAME}(nome, data_nascimento, sexo, estado_civil, naturalidade, nacionalidade) VALUES ('${nome}', '${data_nascimento}', '${sexo}', '${estado_civil}', '${naturalidade}', '${nacionalidade}')</arg>
<doc>Returns the given values which can then be assigned to a variables.</doc>
<status status="PASS" start="2026-05-07T21:09:43.221853" elapsed="0.000481"/>
</kw>
<kw name="Execute Sql String" owner="DatabaseLibrary">
<msg time="2026-05-07T21:09:43.223804" level="INFO" html="true">Executing sql:&lt;br&gt;&lt;code style="font-weight: bold;"&gt;INSERT INTO usuarios(nome, data_nascimento, sexo, estado_civil, naturalidade, nacionalidade) VALUES ('Julia Costa', '1977-08-08', 'Feminino', 'Divorciado', 'Porto Alegre', 'Brasileira')&lt;/code&gt;</msg>
<msg time="2026-05-07T21:09:43.226967" level="INFO">Commit the transaction</msg>
<arg>${sql}</arg>
<doc>Executes the ``sql_string`` - as a single SQL command (default) or as separate statements.</doc>
<status status="PASS" start="2026-05-07T21:09:43.223119" elapsed="0.006896"/>
</kw>
<var name="${line}">Julia Costa,1977-08-08,Feminino,Divorciado,Porto Alegre,Brasileira</var>
<status status="PASS" start="2026-05-07T21:09:43.218709" elapsed="0.011447"/>
</iter>
<iter>
<kw name="Split String" owner="String">
<msg time="2026-05-07T21:09:43.231138" level="INFO">${data} = ['Mariana Rodrigues', '1978-09-09', 'Feminino', 'Viúvo', 'Brasília', 'Brasileira']</msg>
<var>${data}</var>
<arg>${line}</arg>
<arg>,</arg>
<doc>Splits the ``string`` using ``separator`` as a delimiter string.</doc>
<status status="PASS" start="2026-05-07T21:09:43.230694" elapsed="0.000502"/>
</kw>
<kw name="Set Variable" owner="BuiltIn">
<msg time="2026-05-07T21:09:43.231771" level="INFO">${nome} = Mariana Rodrigues</msg>
<var>${nome}</var>
<arg>${data}[0]</arg>
<doc>Returns the given values which can then be assigned to a variables.</doc>
<status status="PASS" start="2026-05-07T21:09:43.231444" elapsed="0.000371"/>
</kw>
<kw name="Set Variable" owner="BuiltIn">
<msg time="2026-05-07T21:09:43.232444" level="INFO">${data_nascimento} = 1978-09-09</msg>
<var>${data_nascimento}</var>
<arg>${data}[1]</arg>
<doc>Returns the given values which can then be assigned to a variables.</doc>
<status status="PASS" start="2026-05-07T21:09:43.232063" elapsed="0.000438"/>
</kw>
<kw name="Set Variable" owner="BuiltIn">
<msg time="2026-05-07T21:09:43.234258" level="INFO">${sexo} = Feminino</msg>
<var>${sexo}</var>
<arg>${data}[2]</arg>
<doc>Returns the given values which can then be assigned to a variables.</doc>
<status status="PASS" start="2026-05-07T21:09:43.232679" elapsed="0.001658"/>
</kw>
<kw name="Set Variable" owner="BuiltIn">
<msg time="2026-05-07T21:09:43.234838" level="INFO">${estado_civil} = Viúvo</msg>
<var>${estado_civil}</var>
<arg>${data}[3]</arg>
<doc>Returns the given values which can then be assigned to a variables.</doc>
<status status="PASS" start="2026-05-07T21:09:43.234562" elapsed="0.000312"/>
</kw>
<kw name="Set Variable" owner="BuiltIn">
<msg time="2026-05-07T21:09:43.235275" level="INFO">${naturalidade} = Brasília</msg>
<var>${naturalidade}</var>
<arg>${data}[4]</arg>
<doc>Returns the given values which can then be assigned to a variables.</doc>
<status status="PASS" start="2026-05-07T21:09:43.235040" elapsed="0.000284"/>
</kw>
<kw name="Set Variable" owner="BuiltIn">
<msg time="2026-05-07T21:09:43.235817" level="INFO">${nacionalidade} = Brasileira</msg>
<var>${nacionalidade}</var>
<arg>${data}[5]</arg>
<doc>Returns the given values which can then be assigned to a variables.</doc>
<status status="PASS" start="2026-05-07T21:09:43.235544" elapsed="0.000302"/>
</kw>
<kw name="Set Variable" owner="BuiltIn">
<msg time="2026-05-07T21:09:43.236298" level="INFO">${sql} = INSERT INTO usuarios(nome, data_nascimento, sexo, estado_civil, naturalidade, nacionalidade) VALUES ('Mariana Rodrigues', '1978-09-09', 'Feminino', 'Viúvo', 'Brasília', 'Brasileira')</msg>
<var>${sql}</var>
<arg>INSERT INTO ${TABLE_NAME}(nome, data_nascimento, sexo, estado_civil, naturalidade, nacionalidade) VALUES ('${nome}', '${data_nascimento}', '${sexo}', '${estado_civil}', '${naturalidade}', '${nacionalidade}')</arg>
<doc>Returns the given values which can then be assigned to a variables.</doc>
<status status="PASS" start="2026-05-07T21:09:43.235982" elapsed="0.000363"/>
</kw>
<kw name="Execute Sql String" owner="DatabaseLibrary">
<msg time="2026-05-07T21:09:43.236705" level="INFO" html="true">Executing sql:&lt;br&gt;&lt;code style="font-weight: bold;"&gt;INSERT INTO usuarios(nome, data_nascimento, sexo, estado_civil, naturalidade, nacionalidade) VALUES ('Mariana Rodrigues', '1978-09-09', 'Feminino', 'Viúvo', 'Brasília', 'Brasileira')&lt;/code&gt;</msg>
<msg time="2026-05-07T21:09:43.240769" level="INFO">Commit the transaction</msg>
<arg>${sql}</arg>
<doc>Executes the ``sql_string`` - as a single SQL command (default) or as separate statements.</doc>
<status status="PASS" start="2026-05-07T21:09:43.236512" elapsed="0.007310"/>
</kw>
<var name="${line}">Mariana Rodrigues,1978-09-09,Feminino,Viúvo,Brasília,Brasileira</var>
<status status="PASS" start="2026-05-07T21:09:43.230465" elapsed="0.013474"/>
</iter>
<iter>
<kw name="Split String" owner="String">
<msg time="2026-05-07T21:09:43.244650" level="INFO">${data} = ['Rafael Alves', '1979-10-10', 'Masculino', 'Solteiro', 'Manaus', 'Brasileira']</msg>
<var>${data}</var>
<arg>${line}</arg>
<arg>,</arg>
<doc>Splits the ``string`` using ``separator`` as a delimiter string.</doc>
<status status="PASS" start="2026-05-07T21:09:43.244310" elapsed="0.000370"/>
</kw>
<kw name="Set Variable" owner="BuiltIn">
<msg time="2026-05-07T21:09:43.245011" level="INFO">${nome} = Rafael Alves</msg>
<var>${nome}</var>
<arg>${data}[0]</arg>
<doc>Returns the given values which can then be assigned to a variables.</doc>
<status status="PASS" start="2026-05-07T21:09:43.244824" elapsed="0.000212"/>
</kw>
<kw name="Set Variable" owner="BuiltIn">
<msg time="2026-05-07T21:09:43.245324" level="INFO">${data_nascimento} = 1979-10-10</msg>
<var>${data_nascimento}</var>
<arg>${data}[1]</arg>
<doc>Returns the given values which can then be assigned to a variables.</doc>
<status status="PASS" start="2026-05-07T21:09:43.245151" elapsed="0.000196"/>
</kw>
<kw name="Set Variable" owner="BuiltIn">
<msg time="2026-05-07T21:09:43.245613" level="INFO">${sexo} = Masculino</msg>
<var>${sexo}</var>
<arg>${data}[2]</arg>
<doc>Returns the given values which can then be assigned to a variables.</doc>
<status status="PASS" start="2026-05-07T21:09:43.245454" elapsed="0.000181"/>
</kw>
<kw name="Set Variable" owner="BuiltIn">
<msg time="2026-05-07T21:09:43.245891" level="INFO">${estado_civil} = Solteiro</msg>
<var>${estado_civil}</var>
<arg>${data}[3]</arg>
<doc>Returns the given values which can then be assigned to a variables.</doc>
<status status="PASS" start="2026-05-07T21:09:43.245737" elapsed="0.000176"/>
</kw>
<kw name="Set Variable" owner="BuiltIn">
<msg time="2026-05-07T21:09:43.246161" level="INFO">${naturalidade} = Manaus</msg>
<var>${naturalidade}</var>
<arg>${data}[4]</arg>
<doc>Returns the given values which can then be assigned to a variables.</doc>
<status status="PASS" start="2026-05-07T21:09:43.246012" elapsed="0.000170"/>
</kw>
<kw name="Set Variable" owner="BuiltIn">
<msg time="2026-05-07T21:09:43.246469" level="INFO">${nacionalidade} = Brasileira</msg>
<var>${nacionalidade}</var>
<arg>${data}[5]</arg>
<doc>Returns the given values which can then be assigned to a variables.</doc>
<status status="PASS" start="2026-05-07T21:09:43.246314" elapsed="0.000178"/>
</kw>
<kw name="Set Variable" owner="BuiltIn">
<msg time="2026-05-07T21:09:43.246855" level="INFO">${sql} = INSERT INTO usuarios(nome, data_nascimento, sexo, estado_civil, naturalidade, nacionalidade) VALUES ('Rafael Alves', '1979-10-10', 'Masculino', 'Solteiro', 'Manaus', 'Brasileira')</msg>
<var>${sql}</var>
<arg>INSERT INTO ${TABLE_NAME}(nome, data_nascimento, sexo, estado_civil, naturalidade, nacionalidade) VALUES ('${nome}', '${data_nascimento}', '${sexo}', '${estado_civil}', '${naturalidade}', '${nacionalidade}')</arg>
<doc>Returns the given values which can then be assigned to a variables.</doc>
<status status="PASS" start="2026-05-07T21:09:43.246591" elapsed="0.000288"/>
</kw>
<kw name="Execute Sql String" owner="DatabaseLibrary">
<msg time="2026-05-07T21:09:43.247154" level="INFO" html="true">Executing sql:&lt;br&gt;&lt;code style="font-weight: bold;"&gt;INSERT INTO usuarios(nome, data_nascimento, sexo, estado_civil, naturalidade, nacionalidade) VALUES ('Rafael Alves', '1979-10-10', 'Masculino', 'Solteiro', 'Manaus', 'Brasileira')&lt;/code&gt;</msg>
<msg time="2026-05-07T21:09:43.250208" level="INFO">Commit the transaction</msg>
<arg>${sql}</arg>
<doc>Executes the ``sql_string`` - as a single SQL command (default) or as separate statements.</doc>
<status status="PASS" start="2026-05-07T21:09:43.246999" elapsed="0.006259"/>
</kw>
<var name="${line}">Rafael Alves,1979-10-10,Masculino,Solteiro,Manaus,Brasileira</var>
<status status="PASS" start="2026-05-07T21:09:43.244144" elapsed="0.009225"/>
</iter>
<iter>
<kw name="Split String" owner="String">
<msg time="2026-05-07T21:09:43.254252" level="INFO">${data} = ['Ana Souza', '1990-03-12', 'F', 'Solteira', 'Rio de Janeiro', 'Brasileira']</msg>
<var>${data}</var>
<arg>${line}</arg>
<arg>,</arg>
<doc>Splits the ``string`` using ``separator`` as a delimiter string.</doc>
<status status="PASS" start="2026-05-07T21:09:43.253823" elapsed="0.000481"/>
</kw>
<kw name="Set Variable" owner="BuiltIn">
<msg time="2026-05-07T21:09:43.254725" level="INFO">${nome} = Ana Souza</msg>
<var>${nome}</var>
<arg>${data}[0]</arg>
<doc>Returns the given values which can then be assigned to a variables.</doc>
<status status="PASS" start="2026-05-07T21:09:43.254484" elapsed="0.000268"/>
</kw>
<kw name="Set Variable" owner="BuiltIn">
<msg time="2026-05-07T21:09:43.255175" level="INFO">${data_nascimento} = 1990-03-12</msg>
<var>${data_nascimento}</var>
<arg>${data}[1]</arg>
<doc>Returns the given values which can then be assigned to a variables.</doc>
<status status="PASS" start="2026-05-07T21:09:43.254907" elapsed="0.000307"/>
</kw>
<kw name="Set Variable" owner="BuiltIn">
<msg time="2026-05-07T21:09:43.255730" level="INFO">${sexo} = F</msg>
<var>${sexo}</var>
<arg>${data}[2]</arg>
<doc>Returns the given values which can then be assigned to a variables.</doc>
<status status="PASS" start="2026-05-07T21:09:43.255398" elapsed="0.000407"/>
</kw>
<kw name="Set Variable" owner="BuiltIn">
<msg time="2026-05-07T21:09:43.256509" level="INFO">${estado_civil} = Solteira</msg>
<var>${estado_civil}</var>
<arg>${data}[3]</arg>
<doc>Returns the given values which can then be assigned to a variables.</doc>
<status status="PASS" start="2026-05-07T21:09:43.256126" elapsed="0.000423"/>
</kw>
<kw name="Set Variable" owner="BuiltIn">
<msg time="2026-05-07T21:09:43.256977" level="INFO">${naturalidade} = Rio de Janeiro</msg>
<var>${naturalidade}</var>
<arg>${data}[4]</arg>
<doc>Returns the given values which can then be assigned to a variables.</doc>
<status status="PASS" start="2026-05-07T21:09:43.256746" elapsed="0.000265"/>
</kw>
<kw name="Set Variable" owner="BuiltIn">
<msg time="2026-05-07T21:09:43.257358" level="INFO">${nacionalidade} = Brasileira</msg>
<var>${nacionalidade}</var>
<arg>${data}[5]</arg>
<doc>Returns the given values which can then be assigned to a variables.</doc>
<status status="PASS" start="2026-05-07T21:09:43.257157" elapsed="0.000226"/>
</kw>
<kw name="Set Variable" owner="BuiltIn">
<msg time="2026-05-07T21:09:43.257839" level="INFO">${sql} = INSERT INTO usuarios(nome, data_nascimento, sexo, estado_civil, naturalidade, nacionalidade) VALUES ('Ana Souza', '1990-03-12', 'F', 'Solteira', 'Rio de Janeiro', 'Brasileira')</msg>
<var>${sql}</var>
<arg>INSERT INTO ${TABLE_NAME}(nome, data_nascimento, sexo, estado_civil, naturalidade, nacionalidade) VALUES ('${nome}', '${data_nascimento}', '${sexo}', '${estado_civil}', '${naturalidade}', '${nacionalidade}')</arg>
<doc>Returns the given values which can then be assigned to a variables.</doc>
<status status="PASS" start="2026-05-07T21:09:43.257498" elapsed="0.000367"/>
</kw>
<kw name="Execute Sql String" owner="DatabaseLibrary">
<msg time="2026-05-07T21:09:43.258143" level="INFO" html="true">Executing sql:&lt;br&gt;&lt;code style="font-weight: bold;"&gt;INSERT INTO usuarios(nome, data_nascimento, sexo, estado_civil, naturalidade, nacionalidade) VALUES ('Ana Souza', '1990-03-12', 'F', 'Solteira', 'Rio de Janeiro', 'Brasileira')&lt;/code&gt;</msg>
<msg time="2026-05-07T21:09:43.260764" level="INFO">Commit the transaction</msg>
<arg>${sql}</arg>
<doc>Executes the ``sql_string`` - as a single SQL command (default) or as separate statements.</doc>
<status status="PASS" start="2026-05-07T21:09:43.257984" elapsed="0.005777"/>
</kw>
<var name="${line}">Ana Souza,1990-03-12,F,Solteira,Rio de Janeiro,Brasileira</var>
<status status="PASS" start="2026-05-07T21:09:43.253625" elapsed="0.010217"/>
</iter>
<iter>
<kw name="Split String" owner="String">
<msg time="2026-05-07T21:09:43.264430" level="INFO">${data} = ['Carlos Lima', '1985-07-25', 'M', 'Casado', 'São Paulo', 'Brasileira']</msg>
<var>${data}</var>
<arg>${line}</arg>
<arg>,</arg>
<doc>Splits the ``string`` using ``separator`` as a delimiter string.</doc>
<status status="PASS" start="2026-05-07T21:09:43.264181" elapsed="0.000278"/>
</kw>
<kw name="Set Variable" owner="BuiltIn">
<msg time="2026-05-07T21:09:43.264769" level="INFO">${nome} = Carlos Lima</msg>
<var>${nome}</var>
<arg>${data}[0]</arg>
<doc>Returns the given values which can then be assigned to a variables.</doc>
<status status="PASS" start="2026-05-07T21:09:43.264582" elapsed="0.000211"/>
</kw>
<kw name="Set Variable" owner="BuiltIn">
<msg time="2026-05-07T21:09:43.265062" level="INFO">${data_nascimento} = 1985-07-25</msg>
<var>${data_nascimento}</var>
<arg>${data}[1]</arg>
<doc>Returns the given values which can then be assigned to a variables.</doc>
<status status="PASS" start="2026-05-07T21:09:43.264897" elapsed="0.000188"/>
</kw>
<kw name="Set Variable" owner="BuiltIn">
<msg time="2026-05-07T21:09:43.265348" level="INFO">${sexo} = M</msg>
<var>${sexo}</var>
<arg>${data}[2]</arg>
<doc>Returns the given values which can then be assigned to a variables.</doc>
<status status="PASS" start="2026-05-07T21:09:43.265193" elapsed="0.000178"/>
</kw>
<kw name="Set Variable" owner="BuiltIn">
<msg time="2026-05-07T21:09:43.265623" level="INFO">${estado_civil} = Casado</msg>
<var>${estado_civil}</var>
<arg>${data}[3]</arg>
<doc>Returns the given values which can then be assigned to a variables.</doc>
<status status="PASS" start="2026-05-07T21:09:43.265471" elapsed="0.000175"/>
</kw>
<kw name="Set Variable" owner="BuiltIn">
<msg time="2026-05-07T21:09:43.265952" level="INFO">${naturalidade} = São Paulo</msg>
<var>${naturalidade}</var>
<arg>${data}[4]</arg>
<doc>Returns the given values which can then be assigned to a variables.</doc>
<status status="PASS" start="2026-05-07T21:09:43.265790" elapsed="0.000186"/>
</kw>
<kw name="Set Variable" owner="BuiltIn">
<msg time="2026-05-07T21:09:43.266254" level="INFO">${nacionalidade} = Brasileira</msg>
<var>${nacionalidade}</var>
<arg>${data}[5]</arg>
<doc>Returns the given values which can then be assigned to a variables.</doc>
<status status="PASS" start="2026-05-07T21:09:43.266083" elapsed="0.000195"/>
</kw>
<kw name="Set Variable" owner="BuiltIn">
<msg time="2026-05-07T21:09:43.266662" level="INFO">${sql} = INSERT INTO usuarios(nome, data_nascimento, sexo, estado_civil, naturalidade, nacionalidade) VALUES ('Carlos Lima', '1985-07-25', 'M', 'Casado', 'São Paulo', 'Brasileira')</msg>
<var>${sql}</var>
<arg>INSERT INTO ${TABLE_NAME}(nome, data_nascimento, sexo, estado_civil, naturalidade, nacionalidade) VALUES ('${nome}', '${data_nascimento}', '${sexo}', '${estado_civil}', '${naturalidade}', '${nacionalidade}')</arg>
<doc>Returns the given values which can then be assigned to a variables.</doc>
<status status="PASS" start="2026-05-07T21:09:43.266383" elapsed="0.000304"/>
</kw>
<kw name="Execute Sql String" owner="DatabaseLibrary">
<msg time="2026-05-07T21:09:43.266950" level="INFO" html="true">Executing sql:&lt;br&gt;&lt;code style="font-weight: bold;"&gt;INSERT INTO usuarios(nome, data_nascimento, sexo, estado_civil, naturalidade, nacionalidade) VALUES ('Carlos Lima', '1985-07-25', 'M', 'Casado', 'São Paulo', 'Brasileira')&lt;/code&gt;</msg>
<msg time="2026-05-07T21:09:43.269751" level="INFO">Commit the transaction</msg>
<arg>${sql}</arg>
<doc>Executes the ``sql_string`` - as a single SQL command (default) or as separate statements.</doc>
<status status="PASS" start="2026-05-07T21:09:43.266795" elapsed="0.006008"/>
</kw>
<var name="${line}">Carlos Lima,1985-07-25,M,Casado,São Paulo,Brasileira</var>
<status status="PASS" start="2026-05-07T21:09:43.264038" elapsed="0.008856"/>
</iter>
<iter>
<kw name="Split String" owner="String">
<msg time="2026-05-07T21:09:43.273552" level="INFO">${data} = ['Mariana Alves', '1992-11-03', 'F', 'Solteira', 'Belo Horizonte', 'Brasileira']</msg>
<var>${data}</var>
<arg>${line}</arg>
<arg>,</arg>
<doc>Splits the ``string`` using ``separator`` as a delimiter string.</doc>
<status status="PASS" start="2026-05-07T21:09:43.273269" elapsed="0.000312"/>
</kw>
<kw name="Set Variable" owner="BuiltIn">
<msg time="2026-05-07T21:09:43.274042" level="INFO">${nome} = Mariana Alves</msg>
<var>${nome}</var>
<arg>${data}[0]</arg>
<doc>Returns the given values which can then be assigned to a variables.</doc>
<status status="PASS" start="2026-05-07T21:09:43.273698" elapsed="0.000371"/>
</kw>
<kw name="Set Variable" owner="BuiltIn">
<msg time="2026-05-07T21:09:43.274346" level="INFO">${data_nascimento} = 1992-11-03</msg>
<var>${data_nascimento}</var>
<arg>${data}[1]</arg>
<doc>Returns the given values which can then be assigned to a variables.</doc>
<status status="PASS" start="2026-05-07T21:09:43.274180" elapsed="0.000190"/>
</kw>
<kw name="Set Variable" owner="BuiltIn">
<msg time="2026-05-07T21:09:43.274681" level="INFO">${sexo} = F</msg>
<var>${sexo}</var>
<arg>${data}[2]</arg>
<doc>Returns the given values which can then be assigned to a variables.</doc>
<status status="PASS" start="2026-05-07T21:09:43.274522" elapsed="0.000182"/>
</kw>
<kw name="Set Variable" owner="BuiltIn">
<msg time="2026-05-07T21:09:43.275014" level="INFO">${estado_civil} = Solteira</msg>
<var>${estado_civil}</var>
<arg>${data}[3]</arg>
<doc>Returns the given values which can then be assigned to a variables.</doc>
<status status="PASS" start="2026-05-07T21:09:43.274804" elapsed="0.000237"/>
</kw>
<kw name="Set Variable" owner="BuiltIn">
<msg time="2026-05-07T21:09:43.275300" level="INFO">${naturalidade} = Belo Horizonte</msg>
<var>${naturalidade}</var>
<arg>${data}[4]</arg>
<doc>Returns the given values which can then be assigned to a variables.</doc>
<status status="PASS" start="2026-05-07T21:09:43.275145" elapsed="0.000177"/>
</kw>
<kw name="Set Variable" owner="BuiltIn">
<msg time="2026-05-07T21:09:43.275624" level="INFO">${nacionalidade} = Brasileira</msg>
<var>${nacionalidade}</var>
<arg>${data}[5]</arg>
<doc>Returns the given values which can then be assigned to a variables.</doc>
<status status="PASS" start="2026-05-07T21:09:43.275421" elapsed="0.000226"/>
</kw>
<kw name="Set Variable" owner="BuiltIn">
<msg time="2026-05-07T21:09:43.276124" level="INFO">${sql} = INSERT INTO usuarios(nome, data_nascimento, sexo, estado_civil, naturalidade, nacionalidade) VALUES ('Mariana Alves', '1992-11-03', 'F', 'Solteira', 'Belo Horizonte', 'Brasileira')</msg>
<var>${sql}</var>
<arg>INSERT INTO ${TABLE_NAME}(nome, data_nascimento, sexo, estado_civil, naturalidade, nacionalidade) VALUES ('${nome}', '${data_nascimento}', '${sexo}', '${estado_civil}', '${naturalidade}', '${nacionalidade}')</arg>
<doc>Returns the given values which can then be assigned to a variables.</doc>
<status status="PASS" start="2026-05-07T21:09:43.275750" elapsed="0.000400"/>
</kw>
<kw name="Execute Sql String" owner="DatabaseLibrary">
<msg time="2026-05-07T21:09:43.276416" level="INFO" html="true">Executing sql:&lt;br&gt;&lt;code style="font-weight: bold;"&gt;INSERT INTO usuarios(nome, data_nascimento, sexo, estado_civil, naturalidade, nacionalidade) VALUES ('Mariana Alves', '1992-11-03', 'F', 'Solteira', 'Belo Horizonte', 'Brasileira')&lt;/code&gt;</msg>
<msg time="2026-05-07T21:09:43.279274" level="INFO">Commit the transaction</msg>
<arg>${sql}</arg>
<doc>Executes the ``sql_string`` - as a single SQL command (default) or as separate statements.</doc>
<status status="PASS" start="2026-05-07T21:09:43.276264" elapsed="0.006027"/>
</kw>
<var name="${line}">Mariana Alves,1992-11-03,F,Solteira,Belo Horizonte,Brasileira</var>
<status status="PASS" start="2026-05-07T21:09:43.273136" elapsed="0.009245"/>
</iter>
<iter>
<kw name="Split String" owner="String">
<msg time="2026-05-07T21:09:43.283177" level="INFO">${data} = ['João Pereira', '1978-01-19', 'M', 'Divorciado', 'Salvador', 'Brasileira']</msg>
<var>${data}</var>
<arg>${line}</arg>
<arg>,</arg>
<doc>Splits the ``string`` using ``separator`` as a delimiter string.</doc>
<status status="PASS" start="2026-05-07T21:09:43.282793" elapsed="0.000418"/>
</kw>
<kw name="Set Variable" owner="BuiltIn">
<msg time="2026-05-07T21:09:43.283574" level="INFO">${nome} = João Pereira</msg>
<var>${nome}</var>
<arg>${data}[0]</arg>
<doc>Returns the given values which can then be assigned to a variables.</doc>
<status status="PASS" start="2026-05-07T21:09:43.283346" elapsed="0.000258"/>
</kw>
<kw name="Set Variable" owner="BuiltIn">
<msg time="2026-05-07T21:09:43.283886" level="INFO">${data_nascimento} = 1978-01-19</msg>
<var>${data_nascimento}</var>
<arg>${data}[1]</arg>
<doc>Returns the given values which can then be assigned to a variables.</doc>
<status status="PASS" start="2026-05-07T21:09:43.283714" elapsed="0.000195"/>
</kw>
<kw name="Set Variable" owner="BuiltIn">
<msg time="2026-05-07T21:09:43.284226" level="INFO">${sexo} = M</msg>
<var>${sexo}</var>
<arg>${data}[2]</arg>
<doc>Returns the given values which can then be assigned to a variables.</doc>
<status status="PASS" start="2026-05-07T21:09:43.284012" elapsed="0.000238"/>
</kw>
<kw name="Set Variable" owner="BuiltIn">
<msg time="2026-05-07T21:09:43.284510" level="INFO">${estado_civil} = Divorciado</msg>
<var>${estado_civil}</var>
<arg>${data}[3]</arg>
<doc>Returns the given values which can then be assigned to a variables.</doc>
<status status="PASS" start="2026-05-07T21:09:43.284353" elapsed="0.000213"/>
</kw>
<kw name="Set Variable" owner="BuiltIn">
<msg time="2026-05-07T21:09:43.284861" level="INFO">${naturalidade} = Salvador</msg>
<var>${naturalidade}</var>
<arg>${data}[4]</arg>
<doc>Returns the given values which can then be assigned to a variables.</doc>
<status status="PASS" start="2026-05-07T21:09:43.284700" elapsed="0.000184"/>
</kw>
<kw name="Set Variable" owner="BuiltIn">
<msg time="2026-05-07T21:09:43.285199" level="INFO">${nacionalidade} = Brasileira</msg>
<var>${nacionalidade}</var>
<arg>${data}[5]</arg>
<doc>Returns the given values which can then be assigned to a variables.</doc>
<status status="PASS" start="2026-05-07T21:09:43.284987" elapsed="0.000235"/>
</kw>
<kw name="Set Variable" owner="BuiltIn">
<msg time="2026-05-07T21:09:43.285761" level="INFO">${sql} = INSERT INTO usuarios(nome, data_nascimento, sexo, estado_civil, naturalidade, nacionalidade) VALUES ('João Pereira', '1978-01-19', 'M', 'Divorciado', 'Salvador', 'Brasileira')</msg>
<var>${sql}</var>
<arg>INSERT INTO ${TABLE_NAME}(nome, data_nascimento, sexo, estado_civil, naturalidade, nacionalidade) VALUES ('${nome}', '${data_nascimento}', '${sexo}', '${estado_civil}', '${naturalidade}', '${nacionalidade}')</arg>
<doc>Returns the given values which can then be assigned to a variables.</doc>
<status status="PASS" start="2026-05-07T21:09:43.285328" elapsed="0.000478"/>
</kw>
<kw name="Execute Sql String" owner="DatabaseLibrary">
<msg time="2026-05-07T21:09:43.286372" level="INFO" html="true">Executing sql:&lt;br&gt;&lt;code style="font-weight: bold;"&gt;INSERT INTO usuarios(nome, data_nascimento, sexo, estado_civil, naturalidade, nacionalidade) VALUES ('João Pereira', '1978-01-19', 'M', 'Divorciado', 'Salvador', 'Brasileira')&lt;/code&gt;</msg>
<msg time="2026-05-07T21:09:43.289135" level="INFO">Commit the transaction</msg>
<arg>${sql}</arg>
<doc>Executes the ``sql_string`` - as a single SQL command (default) or as separate statements.</doc>
<status status="PASS" start="2026-05-07T21:09:43.286001" elapsed="0.005974"/>
</kw>
<var name="${line}">João Pereira,1978-01-19,M,Divorciado,Salvador,Brasileira</var>
<status status="PASS" start="2026-05-07T21:09:43.282641" elapsed="0.009462"/>
</iter>
<iter>
<kw name="Split String" owner="String">
<msg time="2026-05-07T21:09:43.293075" level="INFO">${data} = ['Fernanda Rocha', '2000-06-30', 'F', 'Solteira', 'Curitiba', 'Brasileira']</msg>
<var>${data}</var>
<arg>${line}</arg>
<arg>,</arg>
<doc>Splits the ``string`` using ``separator`` as a delimiter string.</doc>
<status status="PASS" start="2026-05-07T21:09:43.292631" elapsed="0.000493"/>
</kw>
<kw name="Set Variable" owner="BuiltIn">
<msg time="2026-05-07T21:09:43.293780" level="INFO">${nome} = Fernanda Rocha</msg>
<var>${nome}</var>
<arg>${data}[0]</arg>
<doc>Returns the given values which can then be assigned to a variables.</doc>
<status status="PASS" start="2026-05-07T21:09:43.293377" elapsed="0.000453"/>
</kw>
<kw name="Set Variable" owner="BuiltIn">
<msg time="2026-05-07T21:09:43.294370" level="INFO">${data_nascimento} = 2000-06-30</msg>
<var>${data_nascimento}</var>
<arg>${data}[1]</arg>
<doc>Returns the given values which can then be assigned to a variables.</doc>
<status status="PASS" start="2026-05-07T21:09:43.294094" elapsed="0.000309"/>
</kw>
<kw name="Set Variable" owner="BuiltIn">
<msg time="2026-05-07T21:09:43.294944" level="INFO">${sexo} = F</msg>
<var>${sexo}</var>
<arg>${data}[2]</arg>
<doc>Returns the given values which can then be assigned to a variables.</doc>
<status status="PASS" start="2026-05-07T21:09:43.294669" elapsed="0.000308"/>
</kw>
<kw name="Set Variable" owner="BuiltIn">
<msg time="2026-05-07T21:09:43.295607" level="INFO">${estado_civil} = Solteira</msg>
<var>${estado_civil}</var>
<arg>${data}[3]</arg>
<doc>Returns the given values which can then be assigned to a variables.</doc>
<status status="PASS" start="2026-05-07T21:09:43.295220" elapsed="0.000456"/>
</kw>
<kw name="Set Variable" owner="BuiltIn">
<msg time="2026-05-07T21:09:43.296377" level="INFO">${naturalidade} = Curitiba</msg>
<var>${naturalidade}</var>
<arg>${data}[4]</arg>
<doc>Returns the given values which can then be assigned to a variables.</doc>
<status status="PASS" start="2026-05-07T21:09:43.295906" elapsed="0.000612"/>
</kw>
<kw name="Set Variable" owner="BuiltIn">
<msg time="2026-05-07T21:09:43.297214" level="INFO">${nacionalidade} = Brasileira</msg>
<var>${nacionalidade}</var>
<arg>${data}[5]</arg>
<doc>Returns the given values which can then be assigned to a variables.</doc>
<status status="PASS" start="2026-05-07T21:09:43.296798" elapsed="0.000475"/>
</kw>
<kw name="Set Variable" owner="BuiltIn">
<msg time="2026-05-07T21:09:43.299603" level="INFO">${sql} = INSERT INTO usuarios(nome, data_nascimento, sexo, estado_civil, naturalidade, nacionalidade) VALUES ('Fernanda Rocha', '2000-06-30', 'F', 'Solteira', 'Curitiba', 'Brasileira')</msg>
<var>${sql}</var>
<arg>INSERT INTO ${TABLE_NAME}(nome, data_nascimento, sexo, estado_civil, naturalidade, nacionalidade) VALUES ('${nome}', '${data_nascimento}', '${sexo}', '${estado_civil}', '${naturalidade}', '${nacionalidade}')</arg>
<doc>Returns the given values which can then be assigned to a variables.</doc>
<status status="PASS" start="2026-05-07T21:09:43.297653" elapsed="0.002028"/>
</kw>
<kw name="Execute Sql String" owner="DatabaseLibrary">
<msg time="2026-05-07T21:09:43.300416" level="INFO" html="true">Executing sql:&lt;br&gt;&lt;code style="font-weight: bold;"&gt;INSERT INTO usuarios(nome, data_nascimento, sexo, estado_civil, naturalidade, nacionalidade) VALUES ('Fernanda Rocha', '2000-06-30', 'F', 'Solteira', 'Curitiba', 'Brasileira')&lt;/code&gt;</msg>
<msg time="2026-05-07T21:09:43.303965" level="INFO">Commit the transaction</msg>
<arg>${sql}</arg>
<doc>Executes the ``sql_string`` - as a single SQL command (default) or as separate statements.</doc>
<status status="PASS" start="2026-05-07T21:09:43.300041" elapsed="0.006873"/>
</kw>
<var name="${line}">Fernanda Rocha,2000-06-30,F,Solteira,Curitiba,Brasileira</var>
<status status="PASS" start="2026-05-07T21:09:43.292403" elapsed="0.014605"/>
</iter>
<iter>
<kw name="Split String" owner="String">
<msg time="2026-05-07T21:09:43.307683" level="INFO">${data} = ['Lucas Martins', '1995-09-14', 'M', 'Solteiro', 'Fortaleza', 'Brasileira']</msg>
<var>${data}</var>
<arg>${line}</arg>
<arg>,</arg>
<doc>Splits the ``string`` using ``separator`` as a delimiter string.</doc>
<status status="PASS" start="2026-05-07T21:09:43.307371" elapsed="0.000348"/>
</kw>
<kw name="Set Variable" owner="BuiltIn">
<msg time="2026-05-07T21:09:43.308085" level="INFO">${nome} = Lucas Martins</msg>
<var>${nome}</var>
<arg>${data}[0]</arg>
<doc>Returns the given values which can then be assigned to a variables.</doc>
<status status="PASS" start="2026-05-07T21:09:43.307902" elapsed="0.000206"/>
</kw>
<kw name="Set Variable" owner="BuiltIn">
<msg time="2026-05-07T21:09:43.308436" level="INFO">${data_nascimento} = 1995-09-14</msg>
<var>${data_nascimento}</var>
<arg>${data}[1]</arg>
<doc>Returns the given values which can then be assigned to a variables.</doc>
<status status="PASS" start="2026-05-07T21:09:43.308216" elapsed="0.000244"/>
</kw>
<kw name="Set Variable" owner="BuiltIn">
<msg time="2026-05-07T21:09:43.308792" level="INFO">${sexo} = M</msg>
<var>${sexo}</var>
<arg>${data}[2]</arg>
<doc>Returns the given values which can then be assigned to a variables.</doc>
<status status="PASS" start="2026-05-07T21:09:43.308618" elapsed="0.000195"/>
</kw>
<kw name="Set Variable" owner="BuiltIn">
<msg time="2026-05-07T21:09:43.309071" level="INFO">${estado_civil} = Solteiro</msg>
<var>${estado_civil}</var>
<arg>${data}[3]</arg>
<doc>Returns the given values which can then be assigned to a variables.</doc>
<status status="PASS" start="2026-05-07T21:09:43.308917" elapsed="0.000176"/>
</kw>
<kw name="Set Variable" owner="BuiltIn">
<msg time="2026-05-07T21:09:43.309395" level="INFO">${naturalidade} = Fortaleza</msg>
<var>${naturalidade}</var>
<arg>${data}[4]</arg>
<doc>Returns the given values which can then be assigned to a variables.</doc>
<status status="PASS" start="2026-05-07T21:09:43.309194" elapsed="0.000225"/>
</kw>
<kw name="Set Variable" owner="BuiltIn">
<msg time="2026-05-07T21:09:43.309735" level="INFO">${nacionalidade} = Brasileira</msg>
<var>${nacionalidade}</var>
<arg>${data}[5]</arg>
<doc>Returns the given values which can then be assigned to a variables.</doc>
<status status="PASS" start="2026-05-07T21:09:43.309553" elapsed="0.000222"/>
</kw>
<kw name="Set Variable" owner="BuiltIn">
<msg time="2026-05-07T21:09:43.310293" level="INFO">${sql} = INSERT INTO usuarios(nome, data_nascimento, sexo, estado_civil, naturalidade, nacionalidade) VALUES ('Lucas Martins', '1995-09-14', 'M', 'Solteiro', 'Fortaleza', 'Brasileira')</msg>
<var>${sql}</var>
<arg>INSERT INTO ${TABLE_NAME}(nome, data_nascimento, sexo, estado_civil, naturalidade, nacionalidade) VALUES ('${nome}', '${data_nascimento}', '${sexo}', '${estado_civil}', '${naturalidade}', '${nacionalidade}')</arg>
<doc>Returns the given values which can then be assigned to a variables.</doc>
<status status="PASS" start="2026-05-07T21:09:43.309916" elapsed="0.000406"/>
</kw>
<kw name="Execute Sql String" owner="DatabaseLibrary">
<msg time="2026-05-07T21:09:43.310731" level="INFO" html="true">Executing sql:&lt;br&gt;&lt;code style="font-weight: bold;"&gt;INSERT INTO usuarios(nome, data_nascimento, sexo, estado_civil, naturalidade, nacionalidade) VALUES ('Lucas Martins', '1995-09-14', 'M', 'Solteiro', 'Fortaleza', 'Brasileira')&lt;/code&gt;</msg>
<msg time="2026-05-07T21:09:43.313441" level="INFO">Commit the transaction</msg>
<arg>${sql}</arg>
<doc>Executes the ``sql_string`` - as a single SQL command (default) or as separate statements.</doc>
<status status="PASS" start="2026-05-07T21:09:43.310531" elapsed="0.006194"/>
</kw>
<var name="${line}">Lucas Martins,1995-09-14,M,Solteiro,Fortaleza,Brasileira</var>
<status status="PASS" start="2026-05-07T21:09:43.307216" elapsed="0.009650"/>
</iter>
<iter>
<kw name="Split String" owner="String">
<msg time="2026-05-07T21:09:43.317801" level="INFO">${data} = ['Patrícia Gomes', '1988-12-05', 'F', 'Casada', 'Recife', 'Brasileira']</msg>
<var>${data}</var>
<arg>${line}</arg>
<arg>,</arg>
<doc>Splits the ``string`` using ``separator`` as a delimiter string.</doc>
<status status="PASS" start="2026-05-07T21:09:43.317330" elapsed="0.000510"/>
</kw>
<kw name="Set Variable" owner="BuiltIn">
<msg time="2026-05-07T21:09:43.318482" level="INFO">${nome} = Patrícia Gomes</msg>
<var>${nome}</var>
<arg>${data}[0]</arg>
<doc>Returns the given values which can then be assigned to a variables.</doc>
<status status="PASS" start="2026-05-07T21:09:43.318160" elapsed="0.000378"/>
</kw>
<kw name="Set Variable" owner="BuiltIn">
<msg time="2026-05-07T21:09:43.319022" level="INFO">${data_nascimento} = 1988-12-05</msg>
<var>${data_nascimento}</var>
<arg>${data}[1]</arg>
<doc>Returns the given values which can then be assigned to a variables.</doc>
<status status="PASS" start="2026-05-07T21:09:43.318742" elapsed="0.000309"/>
</kw>
<kw name="Set Variable" owner="BuiltIn">
<msg time="2026-05-07T21:09:43.319426" level="INFO">${sexo} = F</msg>
<var>${sexo}</var>
<arg>${data}[2]</arg>
<doc>Returns the given values which can then be assigned to a variables.</doc>
<status status="PASS" start="2026-05-07T21:09:43.319191" elapsed="0.000259"/>
</kw>
<kw name="Set Variable" owner="BuiltIn">
<msg time="2026-05-07T21:09:43.319719" level="INFO">${estado_civil} = Casada</msg>
<var>${estado_civil}</var>
<arg>${data}[3]</arg>
<doc>Returns the given values which can then be assigned to a variables.</doc>
<status status="PASS" start="2026-05-07T21:09:43.319560" elapsed="0.000180"/>
</kw>
<kw name="Set Variable" owner="BuiltIn">
<msg time="2026-05-07T21:09:43.319986" level="INFO">${naturalidade} = Recife</msg>
<var>${naturalidade}</var>
<arg>${data}[4]</arg>
<doc>Returns the given values which can then be assigned to a variables.</doc>
<status status="PASS" start="2026-05-07T21:09:43.319838" elapsed="0.000169"/>
</kw>
<kw name="Set Variable" owner="BuiltIn">
<msg time="2026-05-07T21:09:43.320251" level="INFO">${nacionalidade} = Brasileira</msg>
<var>${nacionalidade}</var>
<arg>${data}[5]</arg>
<doc>Returns the given values which can then be assigned to a variables.</doc>
<status status="PASS" start="2026-05-07T21:09:43.320105" elapsed="0.000167"/>
</kw>
<kw name="Set Variable" owner="BuiltIn">
<msg time="2026-05-07T21:09:43.320647" level="INFO">${sql} = INSERT INTO usuarios(nome, data_nascimento, sexo, estado_civil, naturalidade, nacionalidade) VALUES ('Patrícia Gomes', '1988-12-05', 'F', 'Casada', 'Recife', 'Brasileira')</msg>
<var>${sql}</var>
<arg>INSERT INTO ${TABLE_NAME}(nome, data_nascimento, sexo, estado_civil, naturalidade, nacionalidade) VALUES ('${nome}', '${data_nascimento}', '${sexo}', '${estado_civil}', '${naturalidade}', '${nacionalidade}')</arg>
<doc>Returns the given values which can then be assigned to a variables.</doc>
<status status="PASS" start="2026-05-07T21:09:43.320377" elapsed="0.000295"/>
</kw>
<kw name="Execute Sql String" owner="DatabaseLibrary">
<msg time="2026-05-07T21:09:43.320949" level="INFO" html="true">Executing sql:&lt;br&gt;&lt;code style="font-weight: bold;"&gt;INSERT INTO usuarios(nome, data_nascimento, sexo, estado_civil, naturalidade, nacionalidade) VALUES ('Patrícia Gomes', '1988-12-05', 'F', 'Casada', 'Recife', 'Brasileira')&lt;/code&gt;</msg>
<msg time="2026-05-07T21:09:43.323735" level="INFO">Commit the transaction</msg>
<arg>${sql}</arg>
<doc>Executes the ``sql_string`` - as a single SQL command (default) or as separate statements.</doc>
<status status="PASS" start="2026-05-07T21:09:43.320782" elapsed="0.006161"/>
</kw>
<var name="${line}">Patrícia Gomes,1988-12-05,F,Casada,Recife,Brasileira</var>
<status status="PASS" start="2026-05-07T21:09:43.317139" elapsed="0.009888"/>
</iter>
<iter>
<kw name="Split String" owner="String">
<msg time="2026-05-07T21:09:43.327623" level="INFO">${data} = ['Rafael Ribeiro', '1993-04-22', 'M', 'Solteiro', 'Porto Alegre', 'Brasileira']</msg>
<var>${data}</var>
<arg>${line}</arg>
<arg>,</arg>
<doc>Splits the ``string`` using ``separator`` as a delimiter string.</doc>
<status status="PASS" start="2026-05-07T21:09:43.327341" elapsed="0.000342"/>
</kw>
<kw name="Set Variable" owner="BuiltIn">
<msg time="2026-05-07T21:09:43.327990" level="INFO">${nome} = Rafael Ribeiro</msg>
<var>${nome}</var>
<arg>${data}[0]</arg>
<doc>Returns the given values which can then be assigned to a variables.</doc>
<status status="PASS" start="2026-05-07T21:09:43.327816" elapsed="0.000197"/>
</kw>
<kw name="Set Variable" owner="BuiltIn">
<msg time="2026-05-07T21:09:43.328264" level="INFO">${data_nascimento} = 1993-04-22</msg>
<var>${data_nascimento}</var>
<arg>${data}[1]</arg>
<doc>Returns the given values which can then be assigned to a variables.</doc>
<status status="PASS" start="2026-05-07T21:09:43.328112" elapsed="0.000174"/>
</kw>
<kw name="Set Variable" owner="BuiltIn">
<msg time="2026-05-07T21:09:43.328533" level="INFO">${sexo} = M</msg>
<var>${sexo}</var>
<arg>${data}[2]</arg>
<doc>Returns the given values which can then be assigned to a variables.</doc>
<status status="PASS" start="2026-05-07T21:09:43.328383" elapsed="0.000171"/>
</kw>
<kw name="Set Variable" owner="BuiltIn">
<msg time="2026-05-07T21:09:43.328833" level="INFO">${estado_civil} = Solteiro</msg>
<var>${estado_civil}</var>
<arg>${data}[3]</arg>
<doc>Returns the given values which can then be assigned to a variables.</doc>
<status status="PASS" start="2026-05-07T21:09:43.328672" elapsed="0.000183"/>
</kw>
<kw name="Set Variable" owner="BuiltIn">
<msg time="2026-05-07T21:09:43.329116" level="INFO">${naturalidade} = Porto Alegre</msg>
<var>${naturalidade}</var>
<arg>${data}[4]</arg>
<doc>Returns the given values which can then be assigned to a variables.</doc>
<status status="PASS" start="2026-05-07T21:09:43.328958" elapsed="0.000181"/>
</kw>
<kw name="Set Variable" owner="BuiltIn">
<msg time="2026-05-07T21:09:43.329401" level="INFO">${nacionalidade} = Brasileira</msg>
<var>${nacionalidade}</var>
<arg>${data}[5]</arg>
<doc>Returns the given values which can then be assigned to a variables.</doc>
<status status="PASS" start="2026-05-07T21:09:43.329243" elapsed="0.000180"/>
</kw>
<kw name="Set Variable" owner="BuiltIn">
<msg time="2026-05-07T21:09:43.329900" level="INFO">${sql} = INSERT INTO usuarios(nome, data_nascimento, sexo, estado_civil, naturalidade, nacionalidade) VALUES ('Rafael Ribeiro', '1993-04-22', 'M', 'Solteiro', 'Porto Alegre', 'Brasileira')</msg>
<var>${sql}</var>
<arg>INSERT INTO ${TABLE_NAME}(nome, data_nascimento, sexo, estado_civil, naturalidade, nacionalidade) VALUES ('${nome}', '${data_nascimento}', '${sexo}', '${estado_civil}', '${naturalidade}', '${nacionalidade}')</arg>
<doc>Returns the given values which can then be assigned to a variables.</doc>
<status status="PASS" start="2026-05-07T21:09:43.329559" elapsed="0.000373"/>
</kw>
<kw name="Execute Sql String" owner="DatabaseLibrary">
<msg time="2026-05-07T21:09:43.330215" level="INFO" html="true">Executing sql:&lt;br&gt;&lt;code style="font-weight: bold;"&gt;INSERT INTO usuarios(nome, data_nascimento, sexo, estado_civil, naturalidade, nacionalidade) VALUES ('Rafael Ribeiro', '1993-04-22', 'M', 'Solteiro', 'Porto Alegre', 'Brasileira')&lt;/code&gt;</msg>
<msg time="2026-05-07T21:09:43.332899" level="INFO">Commit the transaction</msg>
<arg>${sql}</arg>
<doc>Executes the ``sql_string`` - as a single SQL command (default) or as separate statements.</doc>
<status status="PASS" start="2026-05-07T21:09:43.330057" elapsed="0.005837"/>
</kw>
<var name="${line}">Rafael Ribeiro,1993-04-22,M,Solteiro,Porto Alegre,Brasileira</var>
<status status="PASS" start="2026-05-07T21:09:43.327206" elapsed="0.008768"/>
</iter>
<iter>
<kw name="Split String" owner="String">
<msg time="2026-05-07T21:09:43.336581" level="INFO">${data} = ['Juliana Carvalho', '1987-08-11', 'F', 'Divorciada', 'Brasília', 'Brasileira']</msg>
<var>${data}</var>
<arg>${line}</arg>
<arg>,</arg>
<doc>Splits the ``string`` using ``separator`` as a delimiter string.</doc>
<status status="PASS" start="2026-05-07T21:09:43.336338" elapsed="0.000276"/>
</kw>
<kw name="Set Variable" owner="BuiltIn">
<msg time="2026-05-07T21:09:43.336958" level="INFO">${nome} = Juliana Carvalho</msg>
<var>${nome}</var>
<arg>${data}[0]</arg>
<doc>Returns the given values which can then be assigned to a variables.</doc>
<status status="PASS" start="2026-05-07T21:09:43.336761" elapsed="0.000324"/>
</kw>
<kw name="Set Variable" owner="BuiltIn">
<msg time="2026-05-07T21:09:43.337617" level="INFO">${data_nascimento} = 1987-08-11</msg>
<var>${data_nascimento}</var>
<arg>${data}[1]</arg>
<doc>Returns the given values which can then be assigned to a variables.</doc>
<status status="PASS" start="2026-05-07T21:09:43.337349" elapsed="0.000299"/>
</kw>
<kw name="Set Variable" owner="BuiltIn">
<msg time="2026-05-07T21:09:43.338048" level="INFO">${sexo} = F</msg>
<var>${sexo}</var>
<arg>${data}[2]</arg>
<doc>Returns the given values which can then be assigned to a variables.</doc>
<status status="PASS" start="2026-05-07T21:09:43.337846" elapsed="0.000229"/>
</kw>
<kw name="Set Variable" owner="BuiltIn">
<msg time="2026-05-07T21:09:43.338426" level="INFO">${estado_civil} = Divorciada</msg>
<var>${estado_civil}</var>
<arg>${data}[3]</arg>
<doc>Returns the given values which can then be assigned to a variables.</doc>
<status status="PASS" start="2026-05-07T21:09:43.338199" elapsed="0.000252"/>
</kw>
<kw name="Set Variable" owner="BuiltIn">
<msg time="2026-05-07T21:09:43.338712" level="INFO">${naturalidade} = Brasília</msg>
<var>${naturalidade}</var>
<arg>${data}[4]</arg>
<doc>Returns the given values which can then be assigned to a variables.</doc>
<status status="PASS" start="2026-05-07T21:09:43.338560" elapsed="0.000174"/>
</kw>
<kw name="Set Variable" owner="BuiltIn">
<msg time="2026-05-07T21:09:43.339034" level="INFO">${nacionalidade} = Brasileira</msg>
<var>${nacionalidade}</var>
<arg>${data}[5]</arg>
<doc>Returns the given values which can then be assigned to a variables.</doc>
<status status="PASS" start="2026-05-07T21:09:43.338879" elapsed="0.000177"/>
</kw>
<kw name="Set Variable" owner="BuiltIn">
<msg time="2026-05-07T21:09:43.339485" level="INFO">${sql} = INSERT INTO usuarios(nome, data_nascimento, sexo, estado_civil, naturalidade, nacionalidade) VALUES ('Juliana Carvalho', '1987-08-11', 'F', 'Divorciada', 'Brasília', 'Brasileira')</msg>
<var>${sql}</var>
<arg>INSERT INTO ${TABLE_NAME}(nome, data_nascimento, sexo, estado_civil, naturalidade, nacionalidade) VALUES ('${nome}', '${data_nascimento}', '${sexo}', '${estado_civil}', '${naturalidade}', '${nacionalidade}')</arg>
<doc>Returns the given values which can then be assigned to a variables.</doc>
<status status="PASS" start="2026-05-07T21:09:43.339154" elapsed="0.000356"/>
</kw>
<kw name="Execute Sql String" owner="DatabaseLibrary">
<msg time="2026-05-07T21:09:43.339772" level="INFO" html="true">Executing sql:&lt;br&gt;&lt;code style="font-weight: bold;"&gt;INSERT INTO usuarios(nome, data_nascimento, sexo, estado_civil, naturalidade, nacionalidade) VALUES ('Juliana Carvalho', '1987-08-11', 'F', 'Divorciada', 'Brasília', 'Brasileira')&lt;/code&gt;</msg>
<msg time="2026-05-07T21:09:43.342624" level="INFO">Commit the transaction</msg>
<arg>${sql}</arg>
<doc>Executes the ``sql_string`` - as a single SQL command (default) or as separate statements.</doc>
<status status="PASS" start="2026-05-07T21:09:43.339617" elapsed="0.006312"/>
</kw>
<var name="${line}">Juliana Carvalho,1987-08-11,F,Divorciada,Brasília,Brasileira</var>
<status status="PASS" start="2026-05-07T21:09:43.336146" elapsed="0.009883"/>
</iter>
<iter>
<kw name="Split String" owner="String">
<msg time="2026-05-07T21:09:43.346556" level="INFO">${data} = ['Bruno Fernandes', '1999-02-27', 'M', 'Solteiro', 'Manaus', 'Brasileira']</msg>
<var>${data}</var>
<arg>${line}</arg>
<arg>,</arg>
<doc>Splits the ``string`` using ``separator`` as a delimiter string.</doc>
<status status="PASS" start="2026-05-07T21:09:43.346337" elapsed="0.000243"/>
</kw>
<kw name="Set Variable" owner="BuiltIn">
<msg time="2026-05-07T21:09:43.346870" level="INFO">${nome} = Bruno Fernandes</msg>
<var>${nome}</var>
<arg>${data}[0]</arg>
<doc>Returns the given values which can then be assigned to a variables.</doc>
<status status="PASS" start="2026-05-07T21:09:43.346688" elapsed="0.000221"/>
</kw>
<kw name="Set Variable" owner="BuiltIn">
<msg time="2026-05-07T21:09:43.347268" level="INFO">${data_nascimento} = 1999-02-27</msg>
<var>${data_nascimento}</var>
<arg>${data}[1]</arg>
<doc>Returns the given values which can then be assigned to a variables.</doc>
<status status="PASS" start="2026-05-07T21:09:43.347059" elapsed="0.000236"/>
</kw>
<kw name="Set Variable" owner="BuiltIn">
<msg time="2026-05-07T21:09:43.347646" level="INFO">${sexo} = M</msg>
<var>${sexo}</var>
<arg>${data}[2]</arg>
<doc>Returns the given values which can then be assigned to a variables.</doc>
<status status="PASS" start="2026-05-07T21:09:43.347430" elapsed="0.000244"/>
</kw>
<kw name="Set Variable" owner="BuiltIn">
<msg time="2026-05-07T21:09:43.348157" level="INFO">${estado_civil} = Solteiro</msg>
<var>${estado_civil}</var>
<arg>${data}[3]</arg>
<doc>Returns the given values which can then be assigned to a variables.</doc>
<status status="PASS" start="2026-05-07T21:09:43.347878" elapsed="0.000308"/>
</kw>
<kw name="Set Variable" owner="BuiltIn">
<msg time="2026-05-07T21:09:43.348491" level="INFO">${naturalidade} = Manaus</msg>
<var>${naturalidade}</var>
<arg>${data}[4]</arg>
<doc>Returns the given values which can then be assigned to a variables.</doc>
<status status="PASS" start="2026-05-07T21:09:43.348322" elapsed="0.000191"/>
</kw>
<kw name="Set Variable" owner="BuiltIn">
<msg time="2026-05-07T21:09:43.348761" level="INFO">${nacionalidade} = Brasileira</msg>
<var>${nacionalidade}</var>
<arg>${data}[5]</arg>
<doc>Returns the given values which can then be assigned to a variables.</doc>
<status status="PASS" start="2026-05-07T21:09:43.348614" elapsed="0.000168"/>
</kw>
<kw name="Set Variable" owner="BuiltIn">
<msg time="2026-05-07T21:09:43.349138" level="INFO">${sql} = INSERT INTO usuarios(nome, data_nascimento, sexo, estado_civil, naturalidade, nacionalidade) VALUES ('Bruno Fernandes', '1999-02-27', 'M', 'Solteiro', 'Manaus', 'Brasileira')</msg>
<var>${sql}</var>
<arg>INSERT INTO ${TABLE_NAME}(nome, data_nascimento, sexo, estado_civil, naturalidade, nacionalidade) VALUES ('${nome}', '${data_nascimento}', '${sexo}', '${estado_civil}', '${naturalidade}', '${nacionalidade}')</arg>
<doc>Returns the given values which can then be assigned to a variables.</doc>
<status status="PASS" start="2026-05-07T21:09:43.348879" elapsed="0.000281"/>
</kw>
<kw name="Execute Sql String" owner="DatabaseLibrary">
[...]
</kw>
<kw name="Set Variable" owner="BuiltIn">
<msg time="2026-05-07T21:09:44.062175" level="INFO">${data_nascimento} = 1997-07-21</msg>
<var>${data_nascimento}</var>
<arg>${data}[1]</arg>
<doc>Returns the given values which can then be assigned to a variables.</doc>
<status status="PASS" start="2026-05-07T21:09:44.061986" elapsed="0.000227"/>
</kw>
<kw name="Set Variable" owner="BuiltIn">
<msg time="2026-05-07T21:09:44.062452" level="INFO">${sexo} = F</msg>
<var>${sexo}</var>
<arg>${data}[2]</arg>
<doc>Returns the given values which can then be assigned to a variables.</doc>
<status status="PASS" start="2026-05-07T21:09:44.062312" elapsed="0.000174"/>
</kw>
<kw name="Set Variable" owner="BuiltIn">
<msg time="2026-05-07T21:09:44.062778" level="INFO">${estado_civil} = Solteira</msg>
<var>${estado_civil}</var>
<arg>${data}[3]</arg>
<doc>Returns the given values which can then be assigned to a variables.</doc>
<status status="PASS" start="2026-05-07T21:09:44.062585" elapsed="0.000232"/>
</kw>
<kw name="Set Variable" owner="BuiltIn">
<msg time="2026-05-07T21:09:44.063130" level="INFO">${naturalidade} = Casimiro de Abreu</msg>
<var>${naturalidade}</var>
<arg>${data}[4]</arg>
<doc>Returns the given values which can then be assigned to a variables.</doc>
<status status="PASS" start="2026-05-07T21:09:44.062955" elapsed="0.000196"/>
</kw>
<kw name="Set Variable" owner="BuiltIn">
<msg time="2026-05-07T21:09:44.063392" level="INFO">${nacionalidade} = Brasileira</msg>
<var>${nacionalidade}</var>
<arg>${data}[5]</arg>
<doc>Returns the given values which can then be assigned to a variables.</doc>
<status status="PASS" start="2026-05-07T21:09:44.063248" elapsed="0.000165"/>
</kw>
<kw name="Set Variable" owner="BuiltIn">
<msg time="2026-05-07T21:09:44.063766" level="INFO">${sql} = INSERT INTO usuarios(nome, data_nascimento, sexo, estado_civil, naturalidade, nacionalidade) VALUES ('Gisele Batista', '1997-07-21', 'F', 'Solteira', 'Casimiro de Abreu', 'Brasileira')</msg>
<var>${sql}</var>
<arg>INSERT INTO ${TABLE_NAME}(nome, data_nascimento, sexo, estado_civil, naturalidade, nacionalidade) VALUES ('${nome}', '${data_nascimento}', '${sexo}', '${estado_civil}', '${naturalidade}', '${nacionalidade}')</arg>
<doc>Returns the given values which can then be assigned to a variables.</doc>
<status status="PASS" start="2026-05-07T21:09:44.063507" elapsed="0.000281"/>
</kw>
<kw name="Execute Sql String" owner="DatabaseLibrary">
<msg time="2026-05-07T21:09:44.064025" level="INFO" html="true">Executing sql:&lt;br&gt;&lt;code style="font-weight: bold;"&gt;INSERT INTO usuarios(nome, data_nascimento, sexo, estado_civil, naturalidade, nacionalidade) VALUES ('Gisele Batista', '1997-07-21', 'F', 'Solteira', 'Casimiro de Abreu', 'Brasileira')&lt;/code&gt;</msg>
<msg time="2026-05-07T21:09:44.067107" level="INFO">Commit the transaction</msg>
<arg>${sql}</arg>
<doc>Executes the ``sql_string`` - as a single SQL command (default) or as separate statements.</doc>
<status status="PASS" start="2026-05-07T21:09:44.063887" elapsed="0.006390"/>
</kw>
<var name="${line}">Gisele Batista,1997-07-21,F,Solteira,Casimiro de Abreu,Brasileira</var>
<status status="PASS" start="2026-05-07T21:09:44.061219" elapsed="0.009136"/>
</iter>
<iter>
<kw name="Split String" owner="String">
<msg time="2026-05-07T21:09:44.071117" level="INFO">${data} = ['Jonas Ribeiro', '1985-09-05', 'M', 'Casado', 'Quissamã', 'Brasileira']</msg>
<var>${data}</var>
<arg>${line}</arg>
<arg>,</arg>
<doc>Splits the ``string`` using ``separator`` as a delimiter string.</doc>
<status status="PASS" start="2026-05-07T21:09:44.070867" elapsed="0.000282"/>
</kw>
<kw name="Set Variable" owner="BuiltIn">
<msg time="2026-05-07T21:09:44.071480" level="INFO">${nome} = Jonas Ribeiro</msg>
<var>${nome}</var>
<arg>${data}[0]</arg>
<doc>Returns the given values which can then be assigned to a variables.</doc>
<status status="PASS" start="2026-05-07T21:09:44.071290" elapsed="0.000214"/>
</kw>
<kw name="Set Variable" owner="BuiltIn">
<msg time="2026-05-07T21:09:44.071786" level="INFO">${data_nascimento} = 1985-09-05</msg>
<var>${data_nascimento}</var>
<arg>${data}[1]</arg>
<doc>Returns the given values which can then be assigned to a variables.</doc>
<status status="PASS" start="2026-05-07T21:09:44.071622" elapsed="0.000186"/>
</kw>
<kw name="Set Variable" owner="BuiltIn">
<msg time="2026-05-07T21:09:44.072084" level="INFO">${sexo} = M</msg>
<var>${sexo}</var>
<arg>${data}[2]</arg>
<doc>Returns the given values which can then be assigned to a variables.</doc>
<status status="PASS" start="2026-05-07T21:09:44.071926" elapsed="0.000180"/>
</kw>
<kw name="Set Variable" owner="BuiltIn">
<msg time="2026-05-07T21:09:44.072387" level="INFO">${estado_civil} = Casado</msg>
<var>${estado_civil}</var>
<arg>${data}[3]</arg>
<doc>Returns the given values which can then be assigned to a variables.</doc>
<status status="PASS" start="2026-05-07T21:09:44.072209" elapsed="0.000201"/>
</kw>
<kw name="Set Variable" owner="BuiltIn">
<msg time="2026-05-07T21:09:44.072700" level="INFO">${naturalidade} = Quissamã</msg>
<var>${naturalidade}</var>
<arg>${data}[4]</arg>
<doc>Returns the given values which can then be assigned to a variables.</doc>
<status status="PASS" start="2026-05-07T21:09:44.072536" elapsed="0.000188"/>
</kw>
<kw name="Set Variable" owner="BuiltIn">
<msg time="2026-05-07T21:09:44.073019" level="INFO">${nacionalidade} = Brasileira</msg>
<var>${nacionalidade}</var>
<arg>${data}[5]</arg>
<doc>Returns the given values which can then be assigned to a variables.</doc>
<status status="PASS" start="2026-05-07T21:09:44.072824" elapsed="0.000219"/>
</kw>
<kw name="Set Variable" owner="BuiltIn">
<msg time="2026-05-07T21:09:44.073406" level="INFO">${sql} = INSERT INTO usuarios(nome, data_nascimento, sexo, estado_civil, naturalidade, nacionalidade) VALUES ('Jonas Ribeiro', '1985-09-05', 'M', 'Casado', 'Quissamã', 'Brasileira')</msg>
<var>${sql}</var>
<arg>INSERT INTO ${TABLE_NAME}(nome, data_nascimento, sexo, estado_civil, naturalidade, nacionalidade) VALUES ('${nome}', '${data_nascimento}', '${sexo}', '${estado_civil}', '${naturalidade}', '${nacionalidade}')</arg>
<doc>Returns the given values which can then be assigned to a variables.</doc>
<status status="PASS" start="2026-05-07T21:09:44.073145" elapsed="0.000285"/>
</kw>
<kw name="Execute Sql String" owner="DatabaseLibrary">
<msg time="2026-05-07T21:09:44.073678" level="INFO" html="true">Executing sql:&lt;br&gt;&lt;code style="font-weight: bold;"&gt;INSERT INTO usuarios(nome, data_nascimento, sexo, estado_civil, naturalidade, nacionalidade) VALUES ('Jonas Ribeiro', '1985-09-05', 'M', 'Casado', 'Quissamã', 'Brasileira')&lt;/code&gt;</msg>
<msg time="2026-05-07T21:09:44.076310" level="INFO">Commit the transaction</msg>
<arg>${sql}</arg>
<doc>Executes the ``sql_string`` - as a single SQL command (default) or as separate statements.</doc>
<status status="PASS" start="2026-05-07T21:09:44.073532" elapsed="0.005295"/>
</kw>
<var name="${line}">Jonas Ribeiro,1985-09-05,M,Casado,Quissamã,Brasileira</var>
<status status="PASS" start="2026-05-07T21:09:44.070693" elapsed="0.008214"/>
</iter>
<iter>
<kw name="Split String" owner="String">
<msg time="2026-05-07T21:09:44.079454" level="INFO">${data} = ['Carolina Andrade', '1993-02-28', 'F', 'Solteira', 'Carapebus', 'Brasileira']</msg>
<var>${data}</var>
<arg>${line}</arg>
<arg>,</arg>
<doc>Splits the ``string`` using ``separator`` as a delimiter string.</doc>
<status status="PASS" start="2026-05-07T21:09:44.079227" elapsed="0.000252"/>
</kw>
<kw name="Set Variable" owner="BuiltIn">
<msg time="2026-05-07T21:09:44.079762" level="INFO">${nome} = Carolina Andrade</msg>
<var>${nome}</var>
<arg>${data}[0]</arg>
<doc>Returns the given values which can then be assigned to a variables.</doc>
<status status="PASS" start="2026-05-07T21:09:44.079601" elapsed="0.000184"/>
</kw>
<kw name="Set Variable" owner="BuiltIn">
<msg time="2026-05-07T21:09:44.080038" level="INFO">${data_nascimento} = 1993-02-28</msg>
<var>${data_nascimento}</var>
<arg>${data}[1]</arg>
<doc>Returns the given values which can then be assigned to a variables.</doc>
<status status="PASS" start="2026-05-07T21:09:44.079885" elapsed="0.000175"/>
</kw>
<kw name="Set Variable" owner="BuiltIn">
<msg time="2026-05-07T21:09:44.080303" level="INFO">${sexo} = F</msg>
<var>${sexo}</var>
<arg>${data}[2]</arg>
<doc>Returns the given values which can then be assigned to a variables.</doc>
<status status="PASS" start="2026-05-07T21:09:44.080158" elapsed="0.000170"/>
</kw>
<kw name="Set Variable" owner="BuiltIn">
<msg time="2026-05-07T21:09:44.080571" level="INFO">${estado_civil} = Solteira</msg>
<var>${estado_civil}</var>
<arg>${data}[3]</arg>
<doc>Returns the given values which can then be assigned to a variables.</doc>
<status status="PASS" start="2026-05-07T21:09:44.080425" elapsed="0.000167"/>
</kw>
<kw name="Set Variable" owner="BuiltIn">
<msg time="2026-05-07T21:09:44.080832" level="INFO">${naturalidade} = Carapebus</msg>
<var>${naturalidade}</var>
<arg>${data}[4]</arg>
<doc>Returns the given values which can then be assigned to a variables.</doc>
<status status="PASS" start="2026-05-07T21:09:44.080687" elapsed="0.000166"/>
</kw>
<kw name="Set Variable" owner="BuiltIn">
<msg time="2026-05-07T21:09:44.081142" level="INFO">${nacionalidade} = Brasileira</msg>
<var>${nacionalidade}</var>
<arg>${data}[5]</arg>
<doc>Returns the given values which can then be assigned to a variables.</doc>
<status status="PASS" start="2026-05-07T21:09:44.080969" elapsed="0.000196"/>
</kw>
<kw name="Set Variable" owner="BuiltIn">
<msg time="2026-05-07T21:09:44.081594" level="INFO">${sql} = INSERT INTO usuarios(nome, data_nascimento, sexo, estado_civil, naturalidade, nacionalidade) VALUES ('Carolina Andrade', '1993-02-28', 'F', 'Solteira', 'Carapebus', 'Brasileira')</msg>
<var>${sql}</var>
<arg>INSERT INTO ${TABLE_NAME}(nome, data_nascimento, sexo, estado_civil, naturalidade, nacionalidade) VALUES ('${nome}', '${data_nascimento}', '${sexo}', '${estado_civil}', '${naturalidade}', '${nacionalidade}')</arg>
<doc>Returns the given values which can then be assigned to a variables.</doc>
<status status="PASS" start="2026-05-07T21:09:44.081282" elapsed="0.000339"/>
</kw>
<kw name="Execute Sql String" owner="DatabaseLibrary">
<msg time="2026-05-07T21:09:44.081927" level="INFO" html="true">Executing sql:&lt;br&gt;&lt;code style="font-weight: bold;"&gt;INSERT INTO usuarios(nome, data_nascimento, sexo, estado_civil, naturalidade, nacionalidade) VALUES ('Carolina Andrade', '1993-02-28', 'F', 'Solteira', 'Carapebus', 'Brasileira')&lt;/code&gt;</msg>
<msg time="2026-05-07T21:09:44.084327" level="INFO">Commit the transaction</msg>
<arg>${sql}</arg>
<doc>Executes the ``sql_string`` - as a single SQL command (default) or as separate statements.</doc>
<status status="PASS" start="2026-05-07T21:09:44.081757" elapsed="0.005309"/>
</kw>
<var name="${line}">Carolina Andrade,1993-02-28,F,Solteira,Carapebus,Brasileira</var>
<status status="PASS" start="2026-05-07T21:09:44.079077" elapsed="0.008067"/>
</iter>
<iter>
<kw name="Split String" owner="String">
<msg time="2026-05-07T21:09:44.087715" level="INFO">${data} = ['Elias Nascimento', '1979-05-17', 'M', 'Casado', 'Tanguá', 'Brasileira']</msg>
<var>${data}</var>
<arg>${line}</arg>
<arg>,</arg>
<doc>Splits the ``string`` using ``separator`` as a delimiter string.</doc>
<status status="PASS" start="2026-05-07T21:09:44.087470" elapsed="0.000355"/>
</kw>
<kw name="Set Variable" owner="BuiltIn">
<msg time="2026-05-07T21:09:44.088130" level="INFO">${nome} = Elias Nascimento</msg>
<var>${nome}</var>
<arg>${data}[0]</arg>
<doc>Returns the given values which can then be assigned to a variables.</doc>
<status status="PASS" start="2026-05-07T21:09:44.087950" elapsed="0.000202"/>
</kw>
<kw name="Set Variable" owner="BuiltIn">
<msg time="2026-05-07T21:09:44.088419" level="INFO">${data_nascimento} = 1979-05-17</msg>
<var>${data_nascimento}</var>
<arg>${data}[1]</arg>
<doc>Returns the given values which can then be assigned to a variables.</doc>
<status status="PASS" start="2026-05-07T21:09:44.088260" elapsed="0.000180"/>
</kw>
<kw name="Set Variable" owner="BuiltIn">
<msg time="2026-05-07T21:09:44.088706" level="INFO">${sexo} = M</msg>
<var>${sexo}</var>
<arg>${data}[2]</arg>
<doc>Returns the given values which can then be assigned to a variables.</doc>
<status status="PASS" start="2026-05-07T21:09:44.088545" elapsed="0.000183"/>
</kw>
<kw name="Set Variable" owner="BuiltIn">
<msg time="2026-05-07T21:09:44.088992" level="INFO">${estado_civil} = Casado</msg>
<var>${estado_civil}</var>
<arg>${data}[3]</arg>
<doc>Returns the given values which can then be assigned to a variables.</doc>
<status status="PASS" start="2026-05-07T21:09:44.088830" elapsed="0.000196"/>
</kw>
<kw name="Set Variable" owner="BuiltIn">
<msg time="2026-05-07T21:09:44.089376" level="INFO">${naturalidade} = Tanguá</msg>
<var>${naturalidade}</var>
<arg>${data}[4]</arg>
<doc>Returns the given values which can then be assigned to a variables.</doc>
<status status="PASS" start="2026-05-07T21:09:44.089190" elapsed="0.000210"/>
</kw>
<kw name="Set Variable" owner="BuiltIn">
<msg time="2026-05-07T21:09:44.090067" level="INFO">${nacionalidade} = Brasileira</msg>
<var>${nacionalidade}</var>
<arg>${data}[5]</arg>
<doc>Returns the given values which can then be assigned to a variables.</doc>
<status status="PASS" start="2026-05-07T21:09:44.089534" elapsed="0.000573"/>
</kw>
<kw name="Set Variable" owner="BuiltIn">
<msg time="2026-05-07T21:09:44.090521" level="INFO">${sql} = INSERT INTO usuarios(nome, data_nascimento, sexo, estado_civil, naturalidade, nacionalidade) VALUES ('Elias Nascimento', '1979-05-17', 'M', 'Casado', 'Tanguá', 'Brasileira')</msg>
<var>${sql}</var>
<arg>INSERT INTO ${TABLE_NAME}(nome, data_nascimento, sexo, estado_civil, naturalidade, nacionalidade) VALUES ('${nome}', '${data_nascimento}', '${sexo}', '${estado_civil}', '${naturalidade}', '${nacionalidade}')</arg>
<doc>Returns the given values which can then be assigned to a variables.</doc>
<status status="PASS" start="2026-05-07T21:09:44.090265" elapsed="0.000279"/>
</kw>
<kw name="Execute Sql String" owner="DatabaseLibrary">
<msg time="2026-05-07T21:09:44.090846" level="INFO" html="true">Executing sql:&lt;br&gt;&lt;code style="font-weight: bold;"&gt;INSERT INTO usuarios(nome, data_nascimento, sexo, estado_civil, naturalidade, nacionalidade) VALUES ('Elias Nascimento', '1979-05-17', 'M', 'Casado', 'Tanguá', 'Brasileira')&lt;/code&gt;</msg>
<msg time="2026-05-07T21:09:44.093750" level="INFO">Commit the transaction</msg>
<arg>${sql}</arg>
<doc>Executes the ``sql_string`` - as a single SQL command (default) or as separate statements.</doc>
<status status="PASS" start="2026-05-07T21:09:44.090641" elapsed="0.006234"/>
</kw>
<var name="${line}">Elias Nascimento,1979-05-17,M,Casado,Tanguá,Brasileira</var>
<status status="PASS" start="2026-05-07T21:09:44.087320" elapsed="0.009640"/>
</iter>
<iter>
<kw name="Split String" owner="String">
<msg time="2026-05-07T21:09:44.097603" level="INFO">${data} = ['Camila Alves', '1989-08-24', 'Feminino', 'Divorciado', 'Manaus', 'Brasileira']</msg>
<var>${data}</var>
<arg>${line}</arg>
<arg>,</arg>
<doc>Splits the ``string`` using ``separator`` as a delimiter string.</doc>
<status status="PASS" start="2026-05-07T21:09:44.097366" elapsed="0.000263"/>
</kw>
<kw name="Set Variable" owner="BuiltIn">
<msg time="2026-05-07T21:09:44.097936" level="INFO">${nome} = Camila Alves</msg>
<var>${nome}</var>
<arg>${data}[0]</arg>
<doc>Returns the given values which can then be assigned to a variables.</doc>
<status status="PASS" start="2026-05-07T21:09:44.097774" elapsed="0.000183"/>
</kw>
<kw name="Set Variable" owner="BuiltIn">
<msg time="2026-05-07T21:09:44.098198" level="INFO">${data_nascimento} = 1989-08-24</msg>
<var>${data_nascimento}</var>
<arg>${data}[1]</arg>
<doc>Returns the given values which can then be assigned to a variables.</doc>
<status status="PASS" start="2026-05-07T21:09:44.098054" elapsed="0.000165"/>
</kw>
<kw name="Set Variable" owner="BuiltIn">
<msg time="2026-05-07T21:09:44.098493" level="INFO">${sexo} = Feminino</msg>
<var>${sexo}</var>
<arg>${data}[2]</arg>
<doc>Returns the given values which can then be assigned to a variables.</doc>
<status status="PASS" start="2026-05-07T21:09:44.098354" elapsed="0.000159"/>
</kw>
<kw name="Set Variable" owner="BuiltIn">
<msg time="2026-05-07T21:09:44.098747" level="INFO">${estado_civil} = Divorciado</msg>
<var>${estado_civil}</var>
<arg>${data}[3]</arg>
<doc>Returns the given values which can then be assigned to a variables.</doc>
<status status="PASS" start="2026-05-07T21:09:44.098606" elapsed="0.000162"/>
</kw>
<kw name="Set Variable" owner="BuiltIn">
<msg time="2026-05-07T21:09:44.099025" level="INFO">${naturalidade} = Manaus</msg>
<var>${naturalidade}</var>
<arg>${data}[4]</arg>
<doc>Returns the given values which can then be assigned to a variables.</doc>
<status status="PASS" start="2026-05-07T21:09:44.098881" elapsed="0.000164"/>
</kw>
<kw name="Set Variable" owner="BuiltIn">
<msg time="2026-05-07T21:09:44.099327" level="INFO">${nacionalidade} = Brasileira</msg>
<var>${nacionalidade}</var>
<arg>${data}[5]</arg>
<doc>Returns the given values which can then be assigned to a variables.</doc>
<status status="PASS" start="2026-05-07T21:09:44.099168" elapsed="0.000182"/>
</kw>
<kw name="Set Variable" owner="BuiltIn">
<msg time="2026-05-07T21:09:44.099726" level="INFO">${sql} = INSERT INTO usuarios(nome, data_nascimento, sexo, estado_civil, naturalidade, nacionalidade) VALUES ('Camila Alves', '1989-08-24', 'Feminino', 'Divorciado', 'Manaus', 'Brasileira')</msg>
<var>${sql}</var>
<arg>INSERT INTO ${TABLE_NAME}(nome, data_nascimento, sexo, estado_civil, naturalidade, nacionalidade) VALUES ('${nome}', '${data_nascimento}', '${sexo}', '${estado_civil}', '${naturalidade}', '${nacionalidade}')</arg>
<doc>Returns the given values which can then be assigned to a variables.</doc>
<status status="PASS" start="2026-05-07T21:09:44.099453" elapsed="0.000297"/>
</kw>
<kw name="Execute Sql String" owner="DatabaseLibrary">
<msg time="2026-05-07T21:09:44.100000" level="INFO" html="true">Executing sql:&lt;br&gt;&lt;code style="font-weight: bold;"&gt;INSERT INTO usuarios(nome, data_nascimento, sexo, estado_civil, naturalidade, nacionalidade) VALUES ('Camila Alves', '1989-08-24', 'Feminino', 'Divorciado', 'Manaus', 'Brasileira')&lt;/code&gt;</msg>
<msg time="2026-05-07T21:09:44.102547" level="INFO">Commit the transaction</msg>
<arg>${sql}</arg>
<doc>Executes the ``sql_string`` - as a single SQL command (default) or as separate statements.</doc>
<status status="PASS" start="2026-05-07T21:09:44.099855" elapsed="0.005578"/>
</kw>
<var name="${line}">Camila Alves,1989-08-24,Feminino,Divorciado,Manaus,Brasileira</var>
<status status="PASS" start="2026-05-07T21:09:44.097132" elapsed="0.008380"/>
</iter>
<var>${line}</var>
<value>@{data_lines}</value>
<status status="PASS" start="2026-05-07T21:09:43.156608" elapsed="0.948941"/>
</for>
<kw name="Disconnect From Database" owner="DatabaseLibrary">
<doc>Disconnects from the database.</doc>
<status status="PASS" start="2026-05-07T21:09:44.105721" elapsed="0.000194"/>
</kw>
<status status="PASS" start="2026-05-07T21:09:43.140436" elapsed="0.965550"/>
</kw>
<status status="PASS" start="2026-05-07T21:09:43.103009" elapsed="1.003224"/>
</test>
<status status="PASS" start="2026-05-07T21:09:42.875915" elapsed="1.230954"/>
</suite>
<statistics>
<total>
<stat pass="1" fail="0" skip="0">All Tests</stat>
</total>
<tag>
</tag>
<suite>
<stat pass="1" fail="0" skip="0" id="s1" name="Insert">Insert</stat>
</suite>
</statistics>
<errors>
<msg time="2026-05-07T21:09:43.102038" level="WARN">Imported library '/home/rfahham/projetos/testcontainers/tests/local/libraries/postgres_container.py' contains no keywords.</msg>
</errors>
</robot>
