<?xml version="1.0" encoding="UTF-8"?>
<robot generator="Robot 7.1.1 (Python 3.10.12 on linux)" generated="2026-05-07T23:17:16.784720" rpa="false" schemaversion="5">
<suite id="s1" name="Testcontainers" source="/home/rfahham/projetos/testcontainers">
<suite id="s1-s1" name="Tests" source="/home/rfahham/projetos/testcontainers/tests">
<suite id="s1-s1-s1" name="Teste" source="/home/rfahham/projetos/testcontainers/tests/teste.robot">
<test id="s1-s1-s1-t1" name="Acessar URL Do ServeRest" line="17">
<kw name="Acessar URL">
<kw name="Open Browser" owner="SeleniumLibrary">
<msg time="2026-05-07T23:17:17.140811" level="INFO">Opening browser 'chrome' to base url 'https://serverest.dev/usuarios'.</msg>
<arg>${URL}</arg>
<arg>${BROWSER}</arg>
<doc>Opens a new browser instance to the optional ``url``.</doc>
<status status="PASS" start="2026-05-07T23:17:17.140336" elapsed="3.875233"/>
</kw>
<kw name="Maximize Browser Window" owner="SeleniumLibrary">
<doc>Maximizes current browser window.</doc>
<status status="PASS" start="2026-05-07T23:17:21.015956" elapsed="0.034336"/>
</kw>
<status status="PASS" start="2026-05-07T23:17:17.139215" elapsed="3.911546"/>
</kw>
<kw name="Fechar Navegador">
<kw name="Close Browser" owner="SeleniumLibrary">
<doc>Closes the current browser.</doc>
<status status="PASS" start="2026-05-07T23:17:21.052593" elapsed="0.070972"/>
</kw>
<status status="PASS" start="2026-05-07T23:17:21.051469" elapsed="0.073622"/>
</kw>
<status status="PASS" start="2026-05-07T23:17:17.088209" elapsed="4.038228"/>
</test>
<status status="PASS" start="2026-05-07T23:17:16.901323" elapsed="4.290179"/>
</suite>
<status status="PASS" start="2026-05-07T23:17:16.844421" elapsed="4.414818"/>
</suite>
<status status="PASS" start="2026-05-07T23:17:16.789549" elapsed="4.562646"/>
</suite>
<statistics>
<total>
<stat pass="1" fail="0" skip="0">All Tests</stat>
</total>
<tag>
</tag>
<suite>
<stat pass="1" fail="0" skip="0" id="s1" name="Testcontainers">Testcontainers</stat>
<stat pass="1" fail="0" skip="0" id="s1-s1" name="Tests">Testcontainers.Tests</stat>
<stat pass="1" fail="0" skip="0" id="s1-s1-s1" name="Teste">Testcontainers.Tests.Teste</stat>
</suite>
</statistics>
<errors>
</errors>
</robot>
