<?xml version="1.0" encoding="UTF-8"?>
<robot generator="Robot 7.1.1 (Python 3.10.12 on linux)" generated="2026-05-07T21:11:04.898821" rpa="false" schemaversion="5">
<suite id="s1" name="Insert" source="/home/rfahham/projetos/testcontainers/tests/local/insert.robot">
<test id="s1-t1" name="Inserir Pessoas Do CSV No Banco" line="5">
<kw name="Criar Tabela" owner="keywords">
<kw name="Connect To Database" owner="DatabaseLibrary">
<msg time="2026-05-07T21:11:05.149423" level="INFO">Looking for configuration file: 'resources/db.cfg'</msg>
<msg time="2026-05-07T21:11:05.149516" level="INFO">Configuration file doesn't exist</msg>
<msg time="2026-05-07T21:11:05.161518" level="INFO">Connect to DB using : psycopg2.connect(database='horadoqa-postgresql', user='horadoqa', password=***, host='host.docker.internal', port=5432)</msg>
<arg>psycopg2</arg>
<arg>${DB_NAME}</arg>
<arg>${DB_USER}</arg>
<arg>${DB_PASSWORD}</arg>
<arg>${DB_HOST}</arg>
<arg>${DB_PORT}</arg>
<doc>Creates a database connection using the DB API 2.0 ``db_module`` and the parameters provided.
Along with listed commonly used arguments (`db_name`, `db_host` etc.)
you can set any other DB module specific parameters as key/value pairs.</doc>
<status status="PASS" start="2026-05-07T21:11:05.148989" elapsed="0.040149"/>
</kw>
<kw name="Set Variable" owner="BuiltIn">
<msg time="2026-05-07T21:11:05.189694" level="INFO">${sql} = CREATE TABLE IF NOT EXISTS usuarios (id SERIAL PRIMARY KEY, nome VARCHAR(255), data_nascimento DATE, sexo VARCHAR(10), estado_civil VARCHAR(20), naturalidade VARCHAR(100), nacionalidade VARCHAR(100))</msg>
<var>${sql}</var>
<arg>CREATE TABLE IF NOT EXISTS ${TABLE_NAME} (id SERIAL PRIMARY KEY, nome VARCHAR(255), data_nascimento DATE, sexo VARCHAR(10), estado_civil VARCHAR(20), naturalidade VARCHAR(100), nacionalidade VARCHAR(100))</arg>
<doc>Returns the given values which can then be assigned to a variables.</doc>
<status status="PASS" start="2026-05-07T21:11:05.189422" elapsed="0.000301"/>
</kw>
<kw name="Execute Sql String" owner="DatabaseLibrary">
<msg time="2026-05-07T21:11:05.190058" level="INFO" html="true">Executing sql:&lt;br&gt;&lt;code style="font-weight: bold;"&gt;CREATE TABLE IF NOT EXISTS usuarios (id SERIAL PRIMARY KEY, nome VARCHAR(255), data_nascimento DATE, sexo VARCHAR(10), estado_civil VARCHAR(20), naturalidade VARCHAR(100), nacionalidade VARCHAR(100))&lt;/code&gt;</msg>
<msg time="2026-05-07T21:11:05.193647" level="INFO">Commit the transaction</msg>
<arg>${sql}</arg>
<doc>Executes the ``sql_string`` - as a single SQL command (default) or as separate statements.</doc>
<status status="PASS" start="2026-05-07T21:11:05.189866" elapsed="0.005239"/>
</kw>
<kw name="Disconnect From Database" owner="DatabaseLibrary">
<doc>Disconnects from the database.</doc>
<status status="PASS" start="2026-05-07T21:11:05.195309" elapsed="0.000231"/>
</kw>
<status status="PASS" start="2026-05-07T21:11:05.148177" elapsed="0.047462"/>
</kw>
<kw name="Inserir Dados" owner="keywords">
<kw name="Connect To Database" owner="DatabaseLibrary">
<msg time="2026-05-07T21:11:05.196732" level="INFO">Looking for configuration file: 'resources/db.cfg'</msg>
<msg time="2026-05-07T21:11:05.196786" level="INFO">Configuration file doesn't exist</msg>
<msg time="2026-05-07T21:11:05.196982" level="INFO">Connect to DB using : psycopg2.connect(database='horadoqa-postgresql', user='horadoqa', password=***, host='host.docker.internal', port=5432)</msg>
<arg>psycopg2</arg>
<arg>${DB_NAME}</arg>
<arg>${DB_USER}</arg>
<arg>${DB_PASSWORD}</arg>
<arg>${DB_HOST}</arg>
<arg>${DB_PORT}</arg>
<doc>Creates a database connection using the DB API 2.0 ``db_module`` and the parameters provided.
Along with listed commonly used arguments (`db_name`, `db_host` etc.)
you can set any other DB module specific parameters as key/value pairs.</doc>
<status status="PASS" start="2026-05-07T21:11:05.196386" elapsed="0.017018"/>
</kw>
<kw name="Get File" owner="OperatingSystem">
<msg time="2026-05-07T21:11:05.213965" level="INFO" html="true">Getting file '&lt;a href="file:///home/rfahham/projetos/testcontainers/tests/local/usuarios.csv"&gt;/home/rfahham/projetos/testcontainers/tests/local/usuarios.csv&lt;/a&gt;'.</msg>
<msg time="2026-05-07T21:11:05.214293" level="INFO">${content} = nome,data_nascimento,sexo,estado_civil,naturalidade,nacionalidade
João Silva,1971-02-02,Masculino,Solteiro,Rio de Janeiro,Brasileira
Maria Souza,1972-03-03,Feminino,Casado,São Paulo,Brasileira
Ana Oli...</msg>
<var>${content}</var>
<arg>${CSV_FILE}</arg>
<doc>Returns the contents of a specified file.</doc>
<status status="PASS" start="2026-05-07T21:11:05.213707" elapsed="0.000618"/>
</kw>
<kw name="Split To Lines" owner="String">
<msg time="2026-05-07T21:11:05.214657" level="INFO">101 lines returned</msg>
<msg time="2026-05-07T21:11:05.214845" level="INFO">${lines} = ['nome,data_nascimento,sexo,estado_civil,naturalidade,nacionalidade', 'João Silva,1971-02-02,Masculino,Solteiro,Rio de Janeiro,Brasileira', 'Maria Souza,1972-03-03,Feminino,Casado,São Paulo,Brasileira...</msg>
<var>${lines}</var>
<arg>${content}</arg>
<doc>Splits the given string to lines.</doc>
<status status="PASS" start="2026-05-07T21:11:05.214478" elapsed="0.000397"/>
</kw>
<kw name="Get Slice From List" owner="Collections">
<msg time="2026-05-07T21:11:05.215316" level="INFO">${data_lines} = ['João Silva,1971-02-02,Masculino,Solteiro,Rio de Janeiro,Brasileira', 'Maria Souza,1972-03-03,Feminino,Casado,São Paulo,Brasileira', 'Ana Oliveira,1973-04-04,Feminino,Divorciado,Curitiba,Brasileira',...</msg>
<var>${data_lines}</var>
<arg>${lines}</arg>
<arg>1</arg>
<doc>Returns a slice of the given list between ``start`` and ``end`` indexes.</doc>
<status status="PASS" start="2026-05-07T21:11:05.214999" elapsed="0.000367"/>
</kw>
<for flavor="IN">
<iter>
<kw name="Split String" owner="String">
<msg time="2026-05-07T21:11:05.216098" level="INFO">${data} = ['João Silva', '1971-02-02', 'Masculino', 'Solteiro', 'Rio de Janeiro', 'Brasileira']</msg>
<var>${data}</var>
<arg>${line}</arg>
<arg>,</arg>
<doc>Splits the ``string`` using ``separator`` as a delimiter string.</doc>
<status status="PASS" start="2026-05-07T21:11:05.215906" elapsed="0.000219"/>
</kw>
<kw name="Set Variable" owner="BuiltIn">
<msg time="2026-05-07T21:11:05.216619" level="INFO">${nome} = João Silva</msg>
<var>${nome}</var>
<arg>${data}[0]</arg>
<doc>Returns the given values which can then be assigned to a variables.</doc>
<status status="PASS" start="2026-05-07T21:11:05.216242" elapsed="0.000405"/>
</kw>
<kw name="Set Variable" owner="BuiltIn">
<msg time="2026-05-07T21:11:05.216963" level="INFO">${data_nascimento} = 1971-02-02</msg>
<var>${data_nascimento}</var>
<arg>${data}[1]</arg>
<doc>Returns the given values which can then be assigned to a variables.</doc>
<status status="PASS" start="2026-05-07T21:11:05.216765" elapsed="0.000227"/>
</kw>
<kw name="Set Variable" owner="BuiltIn">
<msg time="2026-05-07T21:11:05.217341" level="INFO">${sexo} = Masculino</msg>
<var>${sexo}</var>
<arg>${data}[2]</arg>
<doc>Returns the given values which can then be assigned to a variables.</doc>
<status status="PASS" start="2026-05-07T21:11:05.217173" elapsed="0.000192"/>
</kw>
<kw name="Set Variable" owner="BuiltIn">
<msg time="2026-05-07T21:11:05.217924" level="INFO">${estado_civil} = Solteiro</msg>
<var>${estado_civil}</var>
<arg>${data}[3]</arg>
<doc>Returns the given values which can then be assigned to a variables.</doc>
<status status="PASS" start="2026-05-07T21:11:05.217474" elapsed="0.000483"/>
</kw>
<kw name="Set Variable" owner="BuiltIn">
<msg time="2026-05-07T21:11:05.218463" level="INFO">${naturalidade} = Rio de Janeiro</msg>
<var>${naturalidade}</var>
<arg>${data}[4]</arg>
<doc>Returns the given values which can then be assigned to a variables.</doc>
<status status="PASS" start="2026-05-07T21:11:05.218129" elapsed="0.000368"/>
</kw>
<kw name="Set Variable" owner="BuiltIn">
<msg time="2026-05-07T21:11:05.219121" level="INFO">${nacionalidade} = Brasileira</msg>
<var>${nacionalidade}</var>
<arg>${data}[5]</arg>
<doc>Returns the given values which can then be assigned to a variables.</doc>
<status status="PASS" start="2026-05-07T21:11:05.218719" elapsed="0.000559"/>
</kw>
<kw name="Set Variable" owner="BuiltIn">
<msg time="2026-05-07T21:11:05.221083" level="INFO">${sql} = INSERT INTO usuarios(nome, data_nascimento, sexo, estado_civil, naturalidade, nacionalidade) VALUES ('João Silva', '1971-02-02', 'Masculino', 'Solteiro', 'Rio de Janeiro', 'Brasileira')</msg>
<var>${sql}</var>
<arg>INSERT INTO ${TABLE_NAME}(nome, data_nascimento, sexo, estado_civil, naturalidade, nacionalidade) VALUES ('${nome}', '${data_nascimento}', '${sexo}', '${estado_civil}', '${naturalidade}', '${nacionalidade}')</arg>
<doc>Returns the given values which can then be assigned to a variables.</doc>
<status status="PASS" start="2026-05-07T21:11:05.220577" elapsed="0.000550"/>
</kw>
<kw name="Execute Sql String" owner="DatabaseLibrary">
<msg time="2026-05-07T21:11:05.221630" level="INFO" html="true">Executing sql:&lt;br&gt;&lt;code style="font-weight: bold;"&gt;INSERT INTO usuarios(nome, data_nascimento, sexo, estado_civil, naturalidade, nacionalidade) VALUES ('João Silva', '1971-02-02', 'Masculino', 'Solteiro', 'Rio de Janeiro', 'Brasileira')&lt;/code&gt;</msg>
<msg time="2026-05-07T21:11:05.225827" level="INFO">Commit the transaction</msg>
<arg>${sql}</arg>
<doc>Executes the ``sql_string`` - as a single SQL command (default) or as separate statements.</doc>
<status status="PASS" start="2026-05-07T21:11:05.221372" elapsed="0.007815"/>
</kw>
<var name="${line}">João Silva,1971-02-02,Masculino,Solteiro,Rio de Janeiro,Brasileira</var>
<status status="PASS" start="2026-05-07T21:11:05.215746" elapsed="0.013529"/>
</iter>
<iter>
<kw name="Split String" owner="String">
<msg time="2026-05-07T21:11:05.230138" level="INFO">${data} = ['Maria Souza', '1972-03-03', 'Feminino', 'Casado', 'São Paulo', 'Brasileira']</msg>
<var>${data}</var>
<arg>${line}</arg>
<arg>,</arg>
<doc>Splits the ``string`` using ``separator`` as a delimiter string.</doc>
<status status="PASS" start="2026-05-07T21:11:05.229721" elapsed="0.000461"/>
</kw>
<kw name="Set Variable" owner="BuiltIn">
<msg time="2026-05-07T21:11:05.230547" level="INFO">${nome} = Maria Souza</msg>
<var>${nome}</var>
<arg>${data}[0]</arg>
<doc>Returns the given values which can then be assigned to a variables.</doc>
<status status="PASS" start="2026-05-07T21:11:05.230345" elapsed="0.000228"/>
</kw>
<kw name="Set Variable" owner="BuiltIn">
<msg time="2026-05-07T21:11:05.230865" level="INFO">${data_nascimento} = 1972-03-03</msg>
<var>${data_nascimento}</var>
<arg>${data}[1]</arg>
<doc>Returns the given values which can then be assigned to a variables.</doc>
<status status="PASS" start="2026-05-07T21:11:05.230692" elapsed="0.000198"/>
</kw>
<kw name="Set Variable" owner="BuiltIn">
<msg time="2026-05-07T21:11:05.231175" level="INFO">${sexo} = Feminino</msg>
<var>${sexo}</var>
<arg>${data}[2]</arg>
<doc>Returns the given values which can then be assigned to a variables.</doc>
<status status="PASS" start="2026-05-07T21:11:05.231000" elapsed="0.000200"/>
</kw>
<kw name="Set Variable" owner="BuiltIn">
<msg time="2026-05-07T21:11:05.231516" level="INFO">${estado_civil} = Casado</msg>
<var>${estado_civil}</var>
<arg>${data}[3]</arg>
<doc>Returns the given values which can then be assigned to a variables.</doc>
<status status="PASS" start="2026-05-07T21:11:05.231336" elapsed="0.000205"/>
</kw>
<kw name="Set Variable" owner="BuiltIn">
<msg time="2026-05-07T21:11:05.231823" level="INFO">${naturalidade} = São Paulo</msg>
<var>${naturalidade}</var>
<arg>${data}[4]</arg>
<doc>Returns the given values which can then be assigned to a variables.</doc>
<status status="PASS" start="2026-05-07T21:11:05.231653" elapsed="0.000195"/>
</kw>
<kw name="Set Variable" owner="BuiltIn">
<msg time="2026-05-07T21:11:05.232124" level="INFO">${nacionalidade} = Brasileira</msg>
<var>${nacionalidade}</var>
<arg>${data}[5]</arg>
<doc>Returns the given values which can then be assigned to a variables.</doc>
<status status="PASS" start="2026-05-07T21:11:05.231960" elapsed="0.000187"/>
</kw>
<kw name="Set Variable" owner="BuiltIn">
<msg time="2026-05-07T21:11:05.232544" level="INFO">${sql} = INSERT INTO usuarios(nome, data_nascimento, sexo, estado_civil, naturalidade, nacionalidade) VALUES ('Maria Souza', '1972-03-03', 'Feminino', 'Casado', 'São Paulo', 'Brasileira')</msg>
<var>${sql}</var>
<arg>INSERT INTO ${TABLE_NAME}(nome, data_nascimento, sexo, estado_civil, naturalidade, nacionalidade) VALUES ('${nome}', '${data_nascimento}', '${sexo}', '${estado_civil}', '${naturalidade}', '${nacionalidade}')</arg>
<doc>Returns the given values which can then be assigned to a variables.</doc>
<status status="PASS" start="2026-05-07T21:11:05.232253" elapsed="0.000317"/>
</kw>
<kw name="Execute Sql String" owner="DatabaseLibrary">
<msg time="2026-05-07T21:11:05.232834" level="INFO" html="true">Executing sql:&lt;br&gt;&lt;code style="font-weight: bold;"&gt;INSERT INTO usuarios(nome, data_nascimento, sexo, estado_civil, naturalidade, nacionalidade) VALUES ('Maria Souza', '1972-03-03', 'Feminino', 'Casado', 'São Paulo', 'Brasileira')&lt;/code&gt;</msg>
<msg time="2026-05-07T21:11:05.236299" level="INFO">Commit the transaction</msg>
<arg>${sql}</arg>
<doc>Executes the ``sql_string`` - as a single SQL command (default) or as separate statements.</doc>
<status status="PASS" start="2026-05-07T21:11:05.232683" elapsed="0.007116"/>
</kw>
<var name="${line}">Maria Souza,1972-03-03,Feminino,Casado,São Paulo,Brasileira</var>
<status status="PASS" start="2026-05-07T21:11:05.229495" elapsed="0.010391"/>
</iter>
<iter>
<kw name="Split String" owner="String">
<msg time="2026-05-07T21:11:05.240494" level="INFO">${data} = ['Ana Oliveira', '1973-04-04', 'Feminino', 'Divorciado', 'Curitiba', 'Brasileira']</msg>
<var>${data}</var>
<arg>${line}</arg>
<arg>,</arg>
<doc>Splits the ``string`` using ``separator`` as a delimiter string.</doc>
<status status="PASS" start="2026-05-07T21:11:05.240256" elapsed="0.000265"/>
</kw>
<kw name="Set Variable" owner="BuiltIn">
<msg time="2026-05-07T21:11:05.240826" level="INFO">${nome} = Ana Oliveira</msg>
<var>${nome}</var>
<arg>${data}[0]</arg>
<doc>Returns the given values which can then be assigned to a variables.</doc>
<status status="PASS" start="2026-05-07T21:11:05.240650" elapsed="0.000200"/>
</kw>
<kw name="Set Variable" owner="BuiltIn">
<msg time="2026-05-07T21:11:05.241123" level="INFO">${data_nascimento} = 1973-04-04</msg>
<var>${data_nascimento}</var>
<arg>${data}[1]</arg>
<doc>Returns the given values which can then be assigned to a variables.</doc>
<status status="PASS" start="2026-05-07T21:11:05.240960" elapsed="0.000186"/>
</kw>
<kw name="Set Variable" owner="BuiltIn">
<msg time="2026-05-07T21:11:05.241420" level="INFO">${sexo} = Feminino</msg>
<var>${sexo}</var>
<arg>${data}[2]</arg>
<doc>Returns the given values which can then be assigned to a variables.</doc>
<status status="PASS" start="2026-05-07T21:11:05.241259" elapsed="0.000184"/>
</kw>
<kw name="Set Variable" owner="BuiltIn">
<msg time="2026-05-07T21:11:05.241709" level="INFO">${estado_civil} = Divorciado</msg>
<var>${estado_civil}</var>
<arg>${data}[3]</arg>
<doc>Returns the given values which can then be assigned to a variables.</doc>
<status status="PASS" start="2026-05-07T21:11:05.241549" elapsed="0.000183"/>
</kw>
<kw name="Set Variable" owner="BuiltIn">
<msg time="2026-05-07T21:11:05.242013" level="INFO">${naturalidade} = Curitiba</msg>
<var>${naturalidade}</var>
<arg>${data}[4]</arg>
<doc>Returns the given values which can then be assigned to a variables.</doc>
<status status="PASS" start="2026-05-07T21:11:05.241838" elapsed="0.000222"/>
</kw>
<kw name="Set Variable" owner="BuiltIn">
<msg time="2026-05-07T21:11:05.242338" level="INFO">${nacionalidade} = Brasileira</msg>
<var>${nacionalidade}</var>
<arg>${data}[5]</arg>
<doc>Returns the given values which can then be assigned to a variables.</doc>
<status status="PASS" start="2026-05-07T21:11:05.242174" elapsed="0.000188"/>
</kw>
<kw name="Set Variable" owner="BuiltIn">
<msg time="2026-05-07T21:11:05.242924" level="INFO">${sql} = INSERT INTO usuarios(nome, data_nascimento, sexo, estado_civil, naturalidade, nacionalidade) VALUES ('Ana Oliveira', '1973-04-04', 'Feminino', 'Divorciado', 'Curitiba', 'Brasileira')</msg>
<var>${sql}</var>
<arg>INSERT INTO ${TABLE_NAME}(nome, data_nascimento, sexo, estado_civil, naturalidade, nacionalidade) VALUES ('${nome}', '${data_nascimento}', '${sexo}', '${estado_civil}', '${naturalidade}', '${nacionalidade}')</arg>
<doc>Returns the given values which can then be assigned to a variables.</doc>
<status status="PASS" start="2026-05-07T21:11:05.242468" elapsed="0.000588"/>
</kw>
<kw name="Execute Sql String" owner="DatabaseLibrary">
<msg time="2026-05-07T21:11:05.243359" level="INFO" html="true">Executing sql:&lt;br&gt;&lt;code style="font-weight: bold;"&gt;INSERT INTO usuarios(nome, data_nascimento, sexo, estado_civil, naturalidade, nacionalidade) VALUES ('Ana Oliveira', '1973-04-04', 'Feminino', 'Divorciado', 'Curitiba', 'Brasileira')&lt;/code&gt;</msg>
<msg time="2026-05-07T21:11:05.246441" level="INFO">Commit the transaction</msg>
<arg>${sql}</arg>
<doc>Executes the ``sql_string`` - as a single SQL command (default) or as separate statements.</doc>
<status status="PASS" start="2026-05-07T21:11:05.243190" elapsed="0.006344"/>
</kw>
<var name="${line}">Ana Oliveira,1973-04-04,Feminino,Divorciado,Curitiba,Brasileira</var>
<status status="PASS" start="2026-05-07T21:11:05.240118" elapsed="0.009502"/>
</iter>
<iter>
<kw name="Split String" owner="String">
<msg time="2026-05-07T21:11:05.250166" level="INFO">${data} = ['Carlos Santos', '1974-05-05', 'Masculino', 'Viúvo', 'Salvador', 'Brasileira']</msg>
<var>${data}</var>
<arg>${line}</arg>
<arg>,</arg>
<doc>Splits the ``string`` using ``separator`` as a delimiter string.</doc>
<status status="PASS" start="2026-05-07T21:11:05.249937" elapsed="0.000259"/>
</kw>
<kw name="Set Variable" owner="BuiltIn">
<msg time="2026-05-07T21:11:05.250487" level="INFO">${nome} = Carlos Santos</msg>
<var>${nome}</var>
<arg>${data}[0]</arg>
<doc>Returns the given values which can then be assigned to a variables.</doc>
<status status="PASS" start="2026-05-07T21:11:05.250312" elapsed="0.000200"/>
</kw>
<kw name="Set Variable" owner="BuiltIn">
<msg time="2026-05-07T21:11:05.250784" level="INFO">${data_nascimento} = 1974-05-05</msg>
<var>${data_nascimento}</var>
<arg>${data}[1]</arg>
<doc>Returns the given values which can then be assigned to a variables.</doc>
<status status="PASS" start="2026-05-07T21:11:05.250622" elapsed="0.000185"/>
</kw>
<kw name="Set Variable" owner="BuiltIn">
<msg time="2026-05-07T21:11:05.251070" level="INFO">${sexo} = Masculino</msg>
<var>${sexo}</var>
<arg>${data}[2]</arg>
<doc>Returns the given values which can then be assigned to a variables.</doc>
<status status="PASS" start="2026-05-07T21:11:05.250914" elapsed="0.000179"/>
</kw>
<kw name="Set Variable" owner="BuiltIn">
<msg time="2026-05-07T21:11:05.251359" level="INFO">${estado_civil} = Viúvo</msg>
<var>${estado_civil}</var>
<arg>${data}[3]</arg>
<doc>Returns the given values which can then be assigned to a variables.</doc>
<status status="PASS" start="2026-05-07T21:11:05.251199" elapsed="0.000184"/>
</kw>
<kw name="Set Variable" owner="BuiltIn">
<msg time="2026-05-07T21:11:05.251769" level="INFO">${naturalidade} = Salvador</msg>
<var>${naturalidade}</var>
<arg>${data}[4]</arg>
<doc>Returns the given values which can then be assigned to a variables.</doc>
<status status="PASS" start="2026-05-07T21:11:05.251513" elapsed="0.000282"/>
</kw>
<kw name="Set Variable" owner="BuiltIn">
<msg time="2026-05-07T21:11:05.252165" level="INFO">${nacionalidade} = Brasileira</msg>
<var>${nacionalidade}</var>
<arg>${data}[5]</arg>
<doc>Returns the given values which can then be assigned to a variables.</doc>
<status status="PASS" start="2026-05-07T21:11:05.251915" elapsed="0.000287"/>
</kw>
<kw name="Set Variable" owner="BuiltIn">
<msg time="2026-05-07T21:11:05.252898" level="INFO">${sql} = INSERT INTO usuarios(nome, data_nascimento, sexo, estado_civil, naturalidade, nacionalidade) VALUES ('Carlos Santos', '1974-05-05', 'Masculino', 'Viúvo', 'Salvador', 'Brasileira')</msg>
<var>${sql}</var>
<arg>INSERT INTO ${TABLE_NAME}(nome, data_nascimento, sexo, estado_civil, naturalidade, nacionalidade) VALUES ('${nome}', '${data_nascimento}', '${sexo}', '${estado_civil}', '${naturalidade}', '${nacionalidade}')</arg>
<doc>Returns the given values which can then be assigned to a variables.</doc>
<status status="PASS" start="2026-05-07T21:11:05.252441" elapsed="0.000494"/>
</kw>
<kw name="Execute Sql String" owner="DatabaseLibrary">
<msg time="2026-05-07T21:11:05.253307" level="INFO" html="true">Executing sql:&lt;br&gt;&lt;code style="font-weight: bold;"&gt;INSERT INTO usuarios(nome, data_nascimento, sexo, estado_civil, naturalidade, nacionalidade) VALUES ('Carlos Santos', '1974-05-05', 'Masculino', 'Viúvo', 'Salvador', 'Brasileira')&lt;/code&gt;</msg>
<msg time="2026-05-07T21:11:05.256409" level="INFO">Commit the transaction</msg>
<arg>${sql}</arg>
<doc>Executes the ``sql_string`` - as a single SQL command (default) or as separate statements.</doc>
<status status="PASS" start="2026-05-07T21:11:05.253106" elapsed="0.006604"/>
</kw>
<var name="${line}">Carlos Santos,1974-05-05,Masculino,Viúvo,Salvador,Brasileira</var>
<status status="PASS" start="2026-05-07T21:11:05.249804" elapsed="0.009994"/>
</iter>
<iter>
<kw name="Split String" owner="String">
<msg time="2026-05-07T21:11:05.260398" level="INFO">${data} = ['Pedro Lima', '1975-06-06', 'Masculino', 'Solteiro', 'Belo Horizonte', 'Brasileira']</msg>
<var>${data}</var>
<arg>${line}</arg>
<arg>,</arg>
<doc>Splits the ``string`` using ``separator`` as a delimiter string.</doc>
<status status="PASS" start="2026-05-07T21:11:05.260137" elapsed="0.000290"/>
</kw>
<kw name="Set Variable" owner="BuiltIn">
<msg time="2026-05-07T21:11:05.260806" level="INFO">${nome} = Pedro Lima</msg>
<var>${nome}</var>
<arg>${data}[0]</arg>
<doc>Returns the given values which can then be assigned to a variables.</doc>
<status status="PASS" start="2026-05-07T21:11:05.260577" elapsed="0.000257"/>
</kw>
<kw name="Set Variable" owner="BuiltIn">
<msg time="2026-05-07T21:11:05.261112" level="INFO">${data_nascimento} = 1975-06-06</msg>
<var>${data_nascimento}</var>
<arg>${data}[1]</arg>
<doc>Returns the given values which can then be assigned to a variables.</doc>
<status status="PASS" start="2026-05-07T21:11:05.260946" elapsed="0.000190"/>
</kw>
<kw name="Set Variable" owner="BuiltIn">
<msg time="2026-05-07T21:11:05.261458" level="INFO">${sexo} = Masculino</msg>
<var>${sexo}</var>
<arg>${data}[2]</arg>
<doc>Returns the given values which can then be assigned to a variables.</doc>
<status status="PASS" start="2026-05-07T21:11:05.261273" elapsed="0.000210"/>
</kw>
<kw name="Set Variable" owner="BuiltIn">
<msg time="2026-05-07T21:11:05.261759" level="INFO">${estado_civil} = Solteiro</msg>
<var>${estado_civil}</var>
<arg>${data}[3]</arg>
<doc>Returns the given values which can then be assigned to a variables.</doc>
<status status="PASS" start="2026-05-07T21:11:05.261597" elapsed="0.000209"/>
</kw>
<kw name="Set Variable" owner="BuiltIn">
<msg time="2026-05-07T21:11:05.262105" level="INFO">${naturalidade} = Belo Horizonte</msg>
<var>${naturalidade}</var>
<arg>${data}[4]</arg>
<doc>Returns the given values which can then be assigned to a variables.</doc>
<status status="PASS" start="2026-05-07T21:11:05.261943" elapsed="0.000186"/>
</kw>
<kw name="Set Variable" owner="BuiltIn">
<msg time="2026-05-07T21:11:05.262442" level="INFO">${nacionalidade} = Brasileira</msg>
<var>${nacionalidade}</var>
<arg>${data}[5]</arg>
<doc>Returns the given values which can then be assigned to a variables.</doc>
<status status="PASS" start="2026-05-07T21:11:05.262235" elapsed="0.000233"/>
</kw>
<kw name="Set Variable" owner="BuiltIn">
<msg time="2026-05-07T21:11:05.262866" level="INFO">${sql} = INSERT INTO usuarios(nome, data_nascimento, sexo, estado_civil, naturalidade, nacionalidade) VALUES ('Pedro Lima', '1975-06-06', 'Masculino', 'Solteiro', 'Belo Horizonte', 'Brasileira')</msg>
<var>${sql}</var>
<arg>INSERT INTO ${TABLE_NAME}(nome, data_nascimento, sexo, estado_civil, naturalidade, nacionalidade) VALUES ('${nome}', '${data_nascimento}', '${sexo}', '${estado_civil}', '${naturalidade}', '${nacionalidade}')</arg>
<doc>Returns the given values which can then be assigned to a variables.</doc>
<status status="PASS" start="2026-05-07T21:11:05.262577" elapsed="0.000338"/>
</kw>
<kw name="Execute Sql String" owner="DatabaseLibrary">
<msg time="2026-05-07T21:11:05.263319" level="INFO" html="true">Executing sql:&lt;br&gt;&lt;code style="font-weight: bold;"&gt;INSERT INTO usuarios(nome, data_nascimento, sexo, estado_civil, naturalidade, nacionalidade) VALUES ('Pedro Lima', '1975-06-06', 'Masculino', 'Solteiro', 'Belo Horizonte', 'Brasileira')&lt;/code&gt;</msg>
<msg time="2026-05-07T21:11:05.266207" level="INFO">Commit the transaction</msg>
<arg>${sql}</arg>
<doc>Executes the ``sql_string`` - as a single SQL command (default) or as separate statements.</doc>
<status status="PASS" start="2026-05-07T21:11:05.263152" elapsed="0.006097"/>
</kw>
<var name="${line}">Pedro Lima,1975-06-06,Masculino,Solteiro,Belo Horizonte,Brasileira</var>
<status status="PASS" start="2026-05-07T21:11:05.259978" elapsed="0.009398"/>
</iter>
<iter>
<kw name="Split String" owner="String">
<msg time="2026-05-07T21:11:05.270026" level="INFO">${data} = ['Lucas Pereira', '1976-07-07', 'Masculino', 'Casado', 'Recife', 'Brasileira']</msg>
<var>${data}</var>
<arg>${line}</arg>
<arg>,</arg>
<doc>Splits the ``string`` using ``separator`` as a delimiter string.</doc>
<status status="PASS" start="2026-05-07T21:11:05.269710" elapsed="0.000349"/>
</kw>
<kw name="Set Variable" owner="BuiltIn">
<msg time="2026-05-07T21:11:05.270429" level="INFO">${nome} = Lucas Pereira</msg>
<var>${nome}</var>
<arg>${data}[0]</arg>
<doc>Returns the given values which can then be assigned to a variables.</doc>
<status status="PASS" start="2026-05-07T21:11:05.270211" elapsed="0.000247"/>
</kw>
<kw name="Set Variable" owner="BuiltIn">
<msg time="2026-05-07T21:11:05.270860" level="INFO">${data_nascimento} = 1976-07-07</msg>
<var>${data_nascimento}</var>
<arg>${data}[1]</arg>
<doc>Returns the given values which can then be assigned to a variables.</doc>
<status status="PASS" start="2026-05-07T21:11:05.270598" elapsed="0.000293"/>
</kw>
<kw name="Set Variable" owner="BuiltIn">
<msg time="2026-05-07T21:11:05.271215" level="INFO">${sexo} = Masculino</msg>
<var>${sexo}</var>
<arg>${data}[2]</arg>
<doc>Returns the given values which can then be assigned to a variables.</doc>
<status status="PASS" start="2026-05-07T21:11:05.271027" elapsed="0.000214"/>
</kw>
<kw name="Set Variable" owner="BuiltIn">
<msg time="2026-05-07T21:11:05.271569" level="INFO">${estado_civil} = Casado</msg>
<var>${estado_civil}</var>
<arg>${data}[3]</arg>
<doc>Returns the given values which can then be assigned to a variables.</doc>
<status status="PASS" start="2026-05-07T21:11:05.271363" elapsed="0.000231"/>
</kw>
<kw name="Set Variable" owner="BuiltIn">
<msg time="2026-05-07T21:11:05.271905" level="INFO">${naturalidade} = Recife</msg>
<var>${naturalidade}</var>
<arg>${data}[4]</arg>
<doc>Returns the given values which can then be assigned to a variables.</doc>
<status status="PASS" start="2026-05-07T21:11:05.271708" elapsed="0.000222"/>
</kw>
<kw name="Set Variable" owner="BuiltIn">
<msg time="2026-05-07T21:11:05.272242" level="INFO">${nacionalidade} = Brasileira</msg>
<var>${nacionalidade}</var>
<arg>${data}[5]</arg>
<doc>Returns the given values which can then be assigned to a variables.</doc>
<status status="PASS" start="2026-05-07T21:11:05.272042" elapsed="0.000225"/>
</kw>
<kw name="Set Variable" owner="BuiltIn">
<msg time="2026-05-07T21:11:05.272784" level="INFO">${sql} = INSERT INTO usuarios(nome, data_nascimento, sexo, estado_civil, naturalidade, nacionalidade) VALUES ('Lucas Pereira', '1976-07-07', 'Masculino', 'Casado', 'Recife', 'Brasileira')</msg>
<var>${sql}</var>
<arg>INSERT INTO ${TABLE_NAME}(nome, data_nascimento, sexo, estado_civil, naturalidade, nacionalidade) VALUES ('${nome}', '${data_nascimento}', '${sexo}', '${estado_civil}', '${naturalidade}', '${nacionalidade}')</arg>
<doc>Returns the given values which can then be assigned to a variables.</doc>
<status status="PASS" start="2026-05-07T21:11:05.272378" elapsed="0.000436"/>
</kw>
<kw name="Execute Sql String" owner="DatabaseLibrary">
<msg time="2026-05-07T21:11:05.273096" level="INFO" html="true">Executing sql:&lt;br&gt;&lt;code style="font-weight: bold;"&gt;INSERT INTO usuarios(nome, data_nascimento, sexo, estado_civil, naturalidade, nacionalidade) VALUES ('Lucas Pereira', '1976-07-07', 'Masculino', 'Casado', 'Recife', 'Brasileira')&lt;/code&gt;</msg>
<msg time="2026-05-07T21:11:05.275884" level="INFO">Commit the transaction</msg>
<arg>${sql}</arg>
<doc>Executes the ``sql_string`` - as a single SQL command (default) or as separate statements.</doc>
<status status="PASS" start="2026-05-07T21:11:05.272938" elapsed="0.006287"/>
</kw>
<var name="${line}">Lucas Pereira,1976-07-07,Masculino,Casado,Recife,Brasileira</var>
<status status="PASS" start="2026-05-07T21:11:05.269567" elapsed="0.009807"/>
</iter>
<iter>
<kw name="Split String" owner="String">
<msg time="2026-05-07T21:11:05.279960" level="INFO">${data} = ['Julia Costa', '1977-08-08', 'Feminino', 'Divorciado', 'Porto Alegre', 'Brasileira']</msg>
<var>${data}</var>
<arg>${line}</arg>
<arg>,</arg>
<doc>Splits the ``string`` using ``separator`` as a delimiter string.</doc>
<status status="PASS" start="2026-05-07T21:11:05.279722" elapsed="0.000265"/>
</kw>
<kw name="Set Variable" owner="BuiltIn">
<msg time="2026-05-07T21:11:05.280273" level="INFO">${nome} = Julia Costa</msg>
<var>${nome}</var>
<arg>${data}[0]</arg>
<doc>Returns the given values which can then be assigned to a variables.</doc>
<status status="PASS" start="2026-05-07T21:11:05.280105" elapsed="0.000192"/>
</kw>
<kw name="Set Variable" owner="BuiltIn">
<msg time="2026-05-07T21:11:05.280572" level="INFO">${data_nascimento} = 1977-08-08</msg>
<var>${data_nascimento}</var>
<arg>${data}[1]</arg>
<doc>Returns the given values which can then be assigned to a variables.</doc>
<status status="PASS" start="2026-05-07T21:11:05.280408" elapsed="0.000188"/>
</kw>
<kw name="Set Variable" owner="BuiltIn">
<msg time="2026-05-07T21:11:05.280860" level="INFO">${sexo} = Feminino</msg>
<var>${sexo}</var>
<arg>${data}[2]</arg>
<doc>Returns the given values which can then be assigned to a variables.</doc>
<status status="PASS" start="2026-05-07T21:11:05.280702" elapsed="0.000180"/>
</kw>
<kw name="Set Variable" owner="BuiltIn">
<msg time="2026-05-07T21:11:05.281152" level="INFO">${estado_civil} = Divorciado</msg>
<var>${estado_civil}</var>
<arg>${data}[3]</arg>
<doc>Returns the given values which can then be assigned to a variables.</doc>
<status status="PASS" start="2026-05-07T21:11:05.280991" elapsed="0.000184"/>
</kw>
<kw name="Set Variable" owner="BuiltIn">
<msg time="2026-05-07T21:11:05.281472" level="INFO">${naturalidade} = Porto Alegre</msg>
<var>${naturalidade}</var>
<arg>${data}[4]</arg>
<doc>Returns the given values which can then be assigned to a variables.</doc>
<status status="PASS" start="2026-05-07T21:11:05.281281" elapsed="0.000214"/>
</kw>
<kw name="Set Variable" owner="BuiltIn">
<msg time="2026-05-07T21:11:05.281768" level="INFO">${nacionalidade} = Brasileira</msg>
<var>${nacionalidade}</var>
<arg>${data}[5]</arg>
<doc>Returns the given values which can then be assigned to a variables.</doc>
<status status="PASS" start="2026-05-07T21:11:05.281603" elapsed="0.000188"/>
</kw>
<kw name="Set Variable" owner="BuiltIn">
<msg time="2026-05-07T21:11:05.282180" level="INFO">${sql} = INSERT INTO usuarios(nome, data_nascimento, sexo, estado_civil, naturalidade, nacionalidade) VALUES ('Julia Costa', '1977-08-08', 'Feminino', 'Divorciado', 'Porto Alegre', 'Brasileira')</msg>
<var>${sql}</var>
<arg>INSERT INTO ${TABLE_NAME}(nome, data_nascimento, sexo, estado_civil, naturalidade, nacionalidade) VALUES ('${nome}', '${data_nascimento}', '${sexo}', '${estado_civil}', '${naturalidade}', '${nacionalidade}')</arg>
<doc>Returns the given values which can then be assigned to a variables.</doc>
<status status="PASS" start="2026-05-07T21:11:05.281896" elapsed="0.000309"/>
</kw>
<kw name="Execute Sql String" owner="DatabaseLibrary">
<msg time="2026-05-07T21:11:05.282597" level="INFO" html="true">Executing sql:&lt;br&gt;&lt;code style="font-weight: bold;"&gt;INSERT INTO usuarios(nome, data_nascimento, sexo, estado_civil, naturalidade, nacionalidade) VALUES ('Julia Costa', '1977-08-08', 'Feminino', 'Divorciado', 'Porto Alegre', 'Brasileira')&lt;/code&gt;</msg>
<msg time="2026-05-07T21:11:05.285359" level="INFO">Commit the transaction</msg>
<arg>${sql}</arg>
<doc>Executes the ``sql_string`` - as a single SQL command (default) or as separate statements.</doc>
<status status="PASS" start="2026-05-07T21:11:05.282424" elapsed="0.006522"/>
</kw>
<var name="${line}">Julia Costa,1977-08-08,Feminino,Divorciado,Porto Alegre,Brasileira</var>
<status status="PASS" start="2026-05-07T21:11:05.279568" elapsed="0.009465"/>
</iter>
<iter>
<kw name="Split String" owner="String">
<msg time="2026-05-07T21:11:05.289685" level="INFO">${data} = ['Mariana Rodrigues', '1978-09-09', 'Feminino', 'Viúvo', 'Brasília', 'Brasileira']</msg>
<var>${data}</var>
<arg>${line}</arg>
<arg>,</arg>
<doc>Splits the ``string`` using ``separator`` as a delimiter string.</doc>
<status status="PASS" start="2026-05-07T21:11:05.289401" elapsed="0.000318"/>
</kw>
<kw name="Set Variable" owner="BuiltIn">
<msg time="2026-05-07T21:11:05.290013" level="INFO">${nome} = Mariana Rodrigues</msg>
<var>${nome}</var>
<arg>${data}[0]</arg>
<doc>Returns the given values which can then be assigned to a variables.</doc>
<status status="PASS" start="2026-05-07T21:11:05.289839" elapsed="0.000198"/>
</kw>
<kw name="Set Variable" owner="BuiltIn">
<msg time="2026-05-07T21:11:05.290364" level="INFO">${data_nascimento} = 1978-09-09</msg>
<var>${data_nascimento}</var>
<arg>${data}[1]</arg>
<doc>Returns the given values which can then be assigned to a variables.</doc>
<status status="PASS" start="2026-05-07T21:11:05.290145" elapsed="0.000243"/>
</kw>
<kw name="Set Variable" owner="BuiltIn">
<msg time="2026-05-07T21:11:05.291483" level="INFO">${sexo} = Feminino</msg>
<var>${sexo}</var>
<arg>${data}[2]</arg>
<doc>Returns the given values which can then be assigned to a variables.</doc>
<status status="PASS" start="2026-05-07T21:11:05.290497" elapsed="0.001018"/>
</kw>
<kw name="Set Variable" owner="BuiltIn">
<msg time="2026-05-07T21:11:05.291823" level="INFO">${estado_civil} = Viúvo</msg>
<var>${estado_civil}</var>
<arg>${data}[3]</arg>
<doc>Returns the given values which can then be assigned to a variables.</doc>
<status status="PASS" start="2026-05-07T21:11:05.291641" elapsed="0.000207"/>
</kw>
<kw name="Set Variable" owner="BuiltIn">
<msg time="2026-05-07T21:11:05.292186" level="INFO">${naturalidade} = Brasília</msg>
<var>${naturalidade}</var>
<arg>${data}[4]</arg>
<doc>Returns the given values which can then be assigned to a variables.</doc>
<status status="PASS" start="2026-05-07T21:11:05.292016" elapsed="0.000195"/>
</kw>
<kw name="Set Variable" owner="BuiltIn">
<msg time="2026-05-07T21:11:05.292534" level="INFO">${nacionalidade} = Brasileira</msg>
<var>${nacionalidade}</var>
<arg>${data}[5]</arg>
<doc>Returns the given values which can then be assigned to a variables.</doc>
<status status="PASS" start="2026-05-07T21:11:05.292319" elapsed="0.000241"/>
</kw>
<kw name="Set Variable" owner="BuiltIn">
<msg time="2026-05-07T21:11:05.292960" level="INFO">${sql} = INSERT INTO usuarios(nome, data_nascimento, sexo, estado_civil, naturalidade, nacionalidade) VALUES ('Mariana Rodrigues', '1978-09-09', 'Feminino', 'Viúvo', 'Brasília', 'Brasileira')</msg>
<var>${sql}</var>
<arg>INSERT INTO ${TABLE_NAME}(nome, data_nascimento, sexo, estado_civil, naturalidade, nacionalidade) VALUES ('${nome}', '${data_nascimento}', '${sexo}', '${estado_civil}', '${naturalidade}', '${nacionalidade}')</arg>
<doc>Returns the given values which can then be assigned to a variables.</doc>
<status status="PASS" start="2026-05-07T21:11:05.292671" elapsed="0.000358"/>
</kw>
<kw name="Execute Sql String" owner="DatabaseLibrary">
<msg time="2026-05-07T21:11:05.293303" level="INFO" html="true">Executing sql:&lt;br&gt;&lt;code style="font-weight: bold;"&gt;INSERT INTO usuarios(nome, data_nascimento, sexo, estado_civil, naturalidade, nacionalidade) VALUES ('Mariana Rodrigues', '1978-09-09', 'Feminino', 'Viúvo', 'Brasília', 'Brasileira')&lt;/code&gt;</msg>
<msg time="2026-05-07T21:11:05.296145" level="INFO">Commit the transaction</msg>
<arg>${sql}</arg>
<doc>Executes the ``sql_string`` - as a single SQL command (default) or as separate statements.</doc>
<status status="PASS" start="2026-05-07T21:11:05.293151" elapsed="0.006214"/>
</kw>
<var name="${line}">Mariana Rodrigues,1978-09-09,Feminino,Viúvo,Brasília,Brasileira</var>
<status status="PASS" start="2026-05-07T21:11:05.289268" elapsed="0.010187"/>
</iter>
<iter>
<kw name="Split String" owner="String">
<msg time="2026-05-07T21:11:05.300044" level="INFO">${data} = ['Rafael Alves', '1979-10-10', 'Masculino', 'Solteiro', 'Manaus', 'Brasileira']</msg>
<var>${data}</var>
<arg>${line}</arg>
<arg>,</arg>
<doc>Splits the ``string`` using ``separator`` as a delimiter string.</doc>
<status status="PASS" start="2026-05-07T21:11:05.299809" elapsed="0.000262"/>
</kw>
<kw name="Set Variable" owner="BuiltIn">
<msg time="2026-05-07T21:11:05.300411" level="INFO">${nome} = Rafael Alves</msg>
<var>${nome}</var>
<arg>${data}[0]</arg>
<doc>Returns the given values which can then be assigned to a variables.</doc>
<status status="PASS" start="2026-05-07T21:11:05.300188" elapsed="0.000248"/>
</kw>
<kw name="Set Variable" owner="BuiltIn">
<msg time="2026-05-07T21:11:05.300708" level="INFO">${data_nascimento} = 1979-10-10</msg>
<var>${data_nascimento}</var>
<arg>${data}[1]</arg>
<doc>Returns the given values which can then be assigned to a variables.</doc>
<status status="PASS" start="2026-05-07T21:11:05.300546" elapsed="0.000185"/>
</kw>
<kw name="Set Variable" owner="BuiltIn">
<msg time="2026-05-07T21:11:05.301058" level="INFO">${sexo} = Masculino</msg>
<var>${sexo}</var>
<arg>${data}[2]</arg>
<doc>Returns the given values which can then be assigned to a variables.</doc>
<status status="PASS" start="2026-05-07T21:11:05.300894" elapsed="0.000188"/>
</kw>
<kw name="Set Variable" owner="BuiltIn">
<msg time="2026-05-07T21:11:05.301381" level="INFO">${estado_civil} = Solteiro</msg>
<var>${estado_civil}</var>
<arg>${data}[3]</arg>
<doc>Returns the given values which can then be assigned to a variables.</doc>
<status status="PASS" start="2026-05-07T21:11:05.301188" elapsed="0.000237"/>
</kw>
<kw name="Set Variable" owner="BuiltIn">
<msg time="2026-05-07T21:11:05.301700" level="INFO">${naturalidade} = Manaus</msg>
<var>${naturalidade}</var>
<arg>${data}[4]</arg>
<doc>Returns the given values which can then be assigned to a variables.</doc>
<status status="PASS" start="2026-05-07T21:11:05.301538" elapsed="0.000185"/>
</kw>
<kw name="Set Variable" owner="BuiltIn">
<msg time="2026-05-07T21:11:05.302043" level="INFO">${nacionalidade} = Brasileira</msg>
<var>${nacionalidade}</var>
<arg>${data}[5]</arg>
<doc>Returns the given values which can then be assigned to a variables.</doc>
<status status="PASS" start="2026-05-07T21:11:05.301829" elapsed="0.000245"/>
</kw>
<kw name="Set Variable" owner="BuiltIn">
<msg time="2026-05-07T21:11:05.302568" level="INFO">${sql} = INSERT INTO usuarios(nome, data_nascimento, sexo, estado_civil, naturalidade, nacionalidade) VALUES ('Rafael Alves', '1979-10-10', 'Masculino', 'Solteiro', 'Manaus', 'Brasileira')</msg>
<var>${sql}</var>
<arg>INSERT INTO ${TABLE_NAME}(nome, data_nascimento, sexo, estado_civil, naturalidade, nacionalidade) VALUES ('${nome}', '${data_nascimento}', '${sexo}', '${estado_civil}', '${naturalidade}', '${nacionalidade}')</arg>
<doc>Returns the given values which can then be assigned to a variables.</doc>
<status status="PASS" start="2026-05-07T21:11:05.302206" elapsed="0.000400"/>
</kw>
<kw name="Execute Sql String" owner="DatabaseLibrary">
<msg time="2026-05-07T21:11:05.302994" level="INFO" html="true">Executing sql:&lt;br&gt;&lt;code style="font-weight: bold;"&gt;INSERT INTO usuarios(nome, data_nascimento, sexo, estado_civil, naturalidade, nacionalidade) VALUES ('Rafael Alves', '1979-10-10', 'Masculino', 'Solteiro', 'Manaus', 'Brasileira')&lt;/code&gt;</msg>
<msg time="2026-05-07T21:11:05.306156" level="INFO">Commit the transaction</msg>
<arg>${sql}</arg>
<doc>Executes the ``sql_string`` - as a single SQL command (default) or as separate statements.</doc>
<status status="PASS" start="2026-05-07T21:11:05.302768" elapsed="0.006667"/>
</kw>
<var name="${line}">Rafael Alves,1979-10-10,Masculino,Solteiro,Manaus,Brasileira</var>
<status status="PASS" start="2026-05-07T21:11:05.299636" elapsed="0.009886"/>
</iter>
<iter>
<kw name="Split String" owner="String">
<msg time="2026-05-07T21:11:05.310091" level="INFO">${data} = ['Ana Souza', '1990-03-12', 'F', 'Solteira', 'Rio de Janeiro', 'Brasileira']</msg>
<var>${data}</var>
<arg>${line}</arg>
<arg>,</arg>
<doc>Splits the ``string`` using ``separator`` as a delimiter string.</doc>
<status status="PASS" start="2026-05-07T21:11:05.309861" elapsed="0.000257"/>
</kw>
<kw name="Set Variable" owner="BuiltIn">
<msg time="2026-05-07T21:11:05.310429" level="INFO">${nome} = Ana Souza</msg>
<var>${nome}</var>
<arg>${data}[0]</arg>
<doc>Returns the given values which can then be assigned to a variables.</doc>
<status status="PASS" start="2026-05-07T21:11:05.310238" elapsed="0.000216"/>
</kw>
<kw name="Set Variable" owner="BuiltIn">
<msg time="2026-05-07T21:11:05.310735" level="INFO">${data_nascimento} = 1990-03-12</msg>
<var>${data_nascimento}</var>
<arg>${data}[1]</arg>
<doc>Returns the given values which can then be assigned to a variables.</doc>
<status status="PASS" start="2026-05-07T21:11:05.310569" elapsed="0.000190"/>
</kw>
<kw name="Set Variable" owner="BuiltIn">
<msg time="2026-05-07T21:11:05.311024" level="INFO">${sexo} = F</msg>
<var>${sexo}</var>
<arg>${data}[2]</arg>
<doc>Returns the given values which can then be assigned to a variables.</doc>
<status status="PASS" start="2026-05-07T21:11:05.310866" elapsed="0.000182"/>
</kw>
<kw name="Set Variable" owner="BuiltIn">
<msg time="2026-05-07T21:11:05.311313" level="INFO">${estado_civil} = Solteira</msg>
<var>${estado_civil}</var>
<arg>${data}[3]</arg>
<doc>Returns the given values which can then be assigned to a variables.</doc>
<status status="PASS" start="2026-05-07T21:11:05.311153" elapsed="0.000184"/>
</kw>
<kw name="Set Variable" owner="BuiltIn">
<msg time="2026-05-07T21:11:05.311629" level="INFO">${naturalidade} = Rio de Janeiro</msg>
<var>${naturalidade}</var>
<arg>${data}[4]</arg>
<doc>Returns the given values which can then be assigned to a variables.</doc>
<status status="PASS" start="2026-05-07T21:11:05.311443" elapsed="0.000211"/>
</kw>
<kw name="Set Variable" owner="BuiltIn">
<msg time="2026-05-07T21:11:05.311921" level="INFO">${nacionalidade} = Brasileira</msg>
<var>${nacionalidade}</var>
<arg>${data}[5]</arg>
<doc>Returns the given values which can then be assigned to a variables.</doc>
<status status="PASS" start="2026-05-07T21:11:05.311763" elapsed="0.000181"/>
</kw>
<kw name="Set Variable" owner="BuiltIn">
<msg time="2026-05-07T21:11:05.312327" level="INFO">${sql} = INSERT INTO usuarios(nome, data_nascimento, sexo, estado_civil, naturalidade, nacionalidade) VALUES ('Ana Souza', '1990-03-12', 'F', 'Solteira', 'Rio de Janeiro', 'Brasileira')</msg>
<var>${sql}</var>
<arg>INSERT INTO ${TABLE_NAME}(nome, data_nascimento, sexo, estado_civil, naturalidade, nacionalidade) VALUES ('${nome}', '${data_nascimento}', '${sexo}', '${estado_civil}', '${naturalidade}', '${nacionalidade}')</arg>
<doc>Returns the given values which can then be assigned to a variables.</doc>
<status status="PASS" start="2026-05-07T21:11:05.312048" elapsed="0.000303"/>
</kw>
<kw name="Execute Sql String" owner="DatabaseLibrary">
<msg time="2026-05-07T21:11:05.312610" level="INFO" html="true">Executing sql:&lt;br&gt;&lt;code style="font-weight: bold;"&gt;INSERT INTO usuarios(nome, data_nascimento, sexo, estado_civil, naturalidade, nacionalidade) VALUES ('Ana Souza', '1990-03-12', 'F', 'Solteira', 'Rio de Janeiro', 'Brasileira')&lt;/code&gt;</msg>
<msg time="2026-05-07T21:11:05.315268" level="INFO">Commit the transaction</msg>
<arg>${sql}</arg>
<doc>Executes the ``sql_string`` - as a single SQL command (default) or as separate statements.</doc>
<status status="PASS" start="2026-05-07T21:11:05.312460" elapsed="0.005778"/>
</kw>
<var name="${line}">Ana Souza,1990-03-12,F,Solteira,Rio de Janeiro,Brasileira</var>
<status status="PASS" start="2026-05-07T21:11:05.309723" elapsed="0.008617"/>
</iter>
<iter>
<kw name="Split String" owner="String">
<msg time="2026-05-07T21:11:05.318996" level="INFO">${data} = ['Carlos Lima', '1985-07-25', 'M', 'Casado', 'São Paulo', 'Brasileira']</msg>
<var>${data}</var>
<arg>${line}</arg>
<arg>,</arg>
<doc>Splits the ``string`` using ``separator`` as a delimiter string.</doc>
<status status="PASS" start="2026-05-07T21:11:05.318657" elapsed="0.000376"/>
</kw>
<kw name="Set Variable" owner="BuiltIn">
<msg time="2026-05-07T21:11:05.319505" level="INFO">${nome} = Carlos Lima</msg>
<var>${nome}</var>
<arg>${data}[0]</arg>
<doc>Returns the given values which can then be assigned to a variables.</doc>
<status status="PASS" start="2026-05-07T21:11:05.319208" elapsed="0.000339"/>
</kw>
<kw name="Set Variable" owner="BuiltIn">
<msg time="2026-05-07T21:11:05.319964" level="INFO">${data_nascimento} = 1985-07-25</msg>
<var>${data_nascimento}</var>
<arg>${data}[1]</arg>
<doc>Returns the given values which can then be assigned to a variables.</doc>
<status status="PASS" start="2026-05-07T21:11:05.319700" elapsed="0.000292"/>
</kw>
<kw name="Set Variable" owner="BuiltIn">
<msg time="2026-05-07T21:11:05.320323" level="INFO">${sexo} = M</msg>
<var>${sexo}</var>
<arg>${data}[2]</arg>
<doc>Returns the given values which can then be assigned to a variables.</doc>
<status status="PASS" start="2026-05-07T21:11:05.320148" elapsed="0.000199"/>
</kw>
<kw name="Set Variable" owner="BuiltIn">
<msg time="2026-05-07T21:11:05.320675" level="INFO">${estado_civil} = Casado</msg>
<var>${estado_civil}</var>
<arg>${data}[3]</arg>
<doc>Returns the given values which can then be assigned to a variables.</doc>
<status status="PASS" start="2026-05-07T21:11:05.320502" elapsed="0.000196"/>
</kw>
<kw name="Set Variable" owner="BuiltIn">
<msg time="2026-05-07T21:11:05.321023" level="INFO">${naturalidade} = São Paulo</msg>
<var>${naturalidade}</var>
<arg>${data}[4]</arg>
<doc>Returns the given values which can then be assigned to a variables.</doc>
<status status="PASS" start="2026-05-07T21:11:05.320808" elapsed="0.000246"/>
</kw>
<kw name="Set Variable" owner="BuiltIn">
<msg time="2026-05-07T21:11:05.321333" level="INFO">${nacionalidade} = Brasileira</msg>
<var>${nacionalidade}</var>
<arg>${data}[5]</arg>
<doc>Returns the given values which can then be assigned to a variables.</doc>
<status status="PASS" start="2026-05-07T21:11:05.321167" elapsed="0.000189"/>
</kw>
<kw name="Set Variable" owner="BuiltIn">
<msg time="2026-05-07T21:11:05.321818" level="INFO">${sql} = INSERT INTO usuarios(nome, data_nascimento, sexo, estado_civil, naturalidade, nacionalidade) VALUES ('Carlos Lima', '1985-07-25', 'M', 'Casado', 'São Paulo', 'Brasileira')</msg>
<var>${sql}</var>
<arg>INSERT INTO ${TABLE_NAME}(nome, data_nascimento, sexo, estado_civil, naturalidade, nacionalidade) VALUES ('${nome}', '${data_nascimento}', '${sexo}', '${estado_civil}', '${naturalidade}', '${nacionalidade}')</arg>
<doc>Returns the given values which can then be assigned to a variables.</doc>
<status status="PASS" start="2026-05-07T21:11:05.321462" elapsed="0.000382"/>
</kw>
<kw name="Execute Sql String" owner="DatabaseLibrary">
<msg time="2026-05-07T21:11:05.322161" level="INFO" html="true">Executing sql:&lt;br&gt;&lt;code style="font-weight: bold;"&gt;INSERT INTO usuarios(nome, data_nascimento, sexo, estado_civil, naturalidade, nacionalidade) VALUES ('Carlos Lima', '1985-07-25', 'M', 'Casado', 'São Paulo', 'Brasileira')&lt;/code&gt;</msg>
<msg time="2026-05-07T21:11:05.325173" level="INFO">Commit the transaction</msg>
<arg>${sql}</arg>
<doc>Executes the ``sql_string`` - as a single SQL command (default) or as separate statements.</doc>
<status status="PASS" start="2026-05-07T21:11:05.321958" elapsed="0.006464"/>
</kw>
<var name="${line}">Carlos Lima,1985-07-25,M,Casado,São Paulo,Brasileira</var>
<status status="PASS" start="2026-05-07T21:11:05.318520" elapsed="0.009989"/>
</iter>
<iter>
<kw name="Split String" owner="String">
<msg time="2026-05-07T21:11:05.329090" level="INFO">${data} = ['Mariana Alves', '1992-11-03', 'F', 'Solteira', 'Belo Horizonte', 'Brasileira']</msg>
<var>${data}</var>
<arg>${line}</arg>
<arg>,</arg>
<doc>Splits the ``string`` using ``separator`` as a delimiter string.</doc>
<status status="PASS" start="2026-05-07T21:11:05.328858" elapsed="0.000259"/>
</kw>
<kw name="Set Variable" owner="BuiltIn">
<msg time="2026-05-07T21:11:05.329528" level="INFO">${nome} = Mariana Alves</msg>
<var>${nome}</var>
<arg>${data}[0]</arg>
<doc>Returns the given values which can then be assigned to a variables.</doc>
<status status="PASS" start="2026-05-07T21:11:05.329233" elapsed="0.000321"/>
</kw>
<kw name="Set Variable" owner="BuiltIn">
<msg time="2026-05-07T21:11:05.329833" level="INFO">${data_nascimento} = 1992-11-03</msg>
<var>${data_nascimento}</var>
<arg>${data}[1]</arg>
<doc>Returns the given values which can then be assigned to a variables.</doc>
<status status="PASS" start="2026-05-07T21:11:05.329666" elapsed="0.000192"/>
</kw>
<kw name="Set Variable" owner="BuiltIn">
<msg time="2026-05-07T21:11:05.330122" level="INFO">${sexo} = F</msg>
<var>${sexo}</var>
<arg>${data}[2]</arg>
<doc>Returns the given values which can then be assigned to a variables.</doc>
<status status="PASS" start="2026-05-07T21:11:05.329965" elapsed="0.000180"/>
</kw>
<kw name="Set Variable" owner="BuiltIn">
<msg time="2026-05-07T21:11:05.330408" level="INFO">${estado_civil} = Solteira</msg>
<var>${estado_civil}</var>
<arg>${data}[3]</arg>
<doc>Returns the given values which can then be assigned to a variables.</doc>
<status status="PASS" start="2026-05-07T21:11:05.330251" elapsed="0.000180"/>
</kw>
<kw name="Set Variable" owner="BuiltIn">
<msg time="2026-05-07T21:11:05.330718" level="INFO">${naturalidade} = Belo Horizonte</msg>
<var>${naturalidade}</var>
<arg>${data}[4]</arg>
<doc>Returns the given values which can then be assigned to a variables.</doc>
<status status="PASS" start="2026-05-07T21:11:05.330536" elapsed="0.000206"/>
</kw>
<kw name="Set Variable" owner="BuiltIn">
<msg time="2026-05-07T21:11:05.331018" level="INFO">${nacionalidade} = Brasileira</msg>
<var>${nacionalidade}</var>
<arg>${data}[5]</arg>
<doc>Returns the given values which can then be assigned to a variables.</doc>
<status status="PASS" start="2026-05-07T21:11:05.330863" elapsed="0.000200"/>
</kw>
<kw name="Set Variable" owner="BuiltIn">
<msg time="2026-05-07T21:11:05.331530" level="INFO">${sql} = INSERT INTO usuarios(nome, data_nascimento, sexo, estado_civil, naturalidade, nacionalidade) VALUES ('Mariana Alves', '1992-11-03', 'F', 'Solteira', 'Belo Horizonte', 'Brasileira')</msg>
<var>${sql}</var>
<arg>INSERT INTO ${TABLE_NAME}(nome, data_nascimento, sexo, estado_civil, naturalidade, nacionalidade) VALUES ('${nome}', '${data_nascimento}', '${sexo}', '${estado_civil}', '${naturalidade}', '${nacionalidade}')</arg>
<doc>Returns the given values which can then be assigned to a variables.</doc>
<status status="PASS" start="2026-05-07T21:11:05.331218" elapsed="0.000335"/>
</kw>
<kw name="Execute Sql String" owner="DatabaseLibrary">
<msg time="2026-05-07T21:11:05.331818" level="INFO" html="true">Executing sql:&lt;br&gt;&lt;code style="font-weight: bold;"&gt;INSERT INTO usuarios(nome, data_nascimento, sexo, estado_civil, naturalidade, nacionalidade) VALUES ('Mariana Alves', '1992-11-03', 'F', 'Solteira', 'Belo Horizonte', 'Brasileira')&lt;/code&gt;</msg>
<msg time="2026-05-07T21:11:05.335083" level="INFO">Commit the transaction</msg>
<arg>${sql}</arg>
<doc>Executes the ``sql_string`` - as a single SQL command (default) or as separate statements.</doc>
<status status="PASS" start="2026-05-07T21:11:05.331657" elapsed="0.006594"/>
</kw>
<var name="${line}">Mariana Alves,1992-11-03,F,Solteira,Belo Horizonte,Brasileira</var>
<status status="PASS" start="2026-05-07T21:11:05.328721" elapsed="0.009618"/>
</iter>
<iter>
<kw name="Split String" owner="String">
<msg time="2026-05-07T21:11:05.338988" level="INFO">${data} = ['João Pereira', '1978-01-19', 'M', 'Divorciado', 'Salvador', 'Brasileira']</msg>
<var>${data}</var>
<arg>${line}</arg>
<arg>,</arg>
<doc>Splits the ``string`` using ``separator`` as a delimiter string.</doc>
<status status="PASS" start="2026-05-07T21:11:05.338700" elapsed="0.000318"/>
</kw>
<kw name="Set Variable" owner="BuiltIn">
<msg time="2026-05-07T21:11:05.339353" level="INFO">${nome} = João Pereira</msg>
<var>${nome}</var>
<arg>${data}[0]</arg>
<doc>Returns the given values which can then be assigned to a variables.</doc>
<status status="PASS" start="2026-05-07T21:11:05.339158" elapsed="0.000220"/>
</kw>
<kw name="Set Variable" owner="BuiltIn">
<msg time="2026-05-07T21:11:05.339694" level="INFO">${data_nascimento} = 1978-01-19</msg>
<var>${data_nascimento}</var>
<arg>${data}[1]</arg>
<doc>Returns the given values which can then be assigned to a variables.</doc>
<status status="PASS" start="2026-05-07T21:11:05.339493" elapsed="0.000225"/>
</kw>
<kw name="Set Variable" owner="BuiltIn">
<msg time="2026-05-07T21:11:05.340053" level="INFO">${sexo} = M</msg>
<var>${sexo}</var>
<arg>${data}[2]</arg>
<doc>Returns the given values which can then be assigned to a variables.</doc>
<status status="PASS" start="2026-05-07T21:11:05.339842" elapsed="0.000234"/>
</kw>
<kw name="Set Variable" owner="BuiltIn">
<msg time="2026-05-07T21:11:05.340443" level="INFO">${estado_civil} = Divorciado</msg>
<var>${estado_civil}</var>
<arg>${data}[3]</arg>
<doc>Returns the given values which can then be assigned to a variables.</doc>
<status status="PASS" start="2026-05-07T21:11:05.340180" elapsed="0.000286"/>
</kw>
<kw name="Set Variable" owner="BuiltIn">
<msg time="2026-05-07T21:11:05.340745" level="INFO">${naturalidade} = Salvador</msg>
<var>${naturalidade}</var>
<arg>${data}[4]</arg>
<doc>Returns the given values which can then be assigned to a variables.</doc>
<status status="PASS" start="2026-05-07T21:11:05.340570" elapsed="0.000198"/>
</kw>
<kw name="Set Variable" owner="BuiltIn">
<msg time="2026-05-07T21:11:05.341104" level="INFO">${nacionalidade} = Brasileira</msg>
<var>${nacionalidade}</var>
<arg>${data}[5]</arg>
<doc>Returns the given values which can then be assigned to a variables.</doc>
<status status="PASS" start="2026-05-07T21:11:05.340896" elapsed="0.000245"/>
</kw>
<kw name="Set Variable" owner="BuiltIn">
<msg time="2026-05-07T21:11:05.341589" level="INFO">${sql} = INSERT INTO usuarios(nome, data_nascimento, sexo, estado_civil, naturalidade, nacionalidade) VALUES ('João Pereira', '1978-01-19', 'M', 'Divorciado', 'Salvador', 'Brasileira')</msg>
<var>${sql}</var>
<arg>INSERT INTO ${TABLE_NAME}(nome, data_nascimento, sexo, estado_civil, naturalidade, nacionalidade) VALUES ('${nome}', '${data_nascimento}', '${sexo}', '${estado_civil}', '${naturalidade}', '${nacionalidade}')</arg>
<doc>Returns the given values which can then be assigned to a variables.</doc>
<status status="PASS" start="2026-05-07T21:11:05.341282" elapsed="0.000335"/>
</kw>
<kw name="Execute Sql String" owner="DatabaseLibrary">
<msg time="2026-05-07T21:11:05.341886" level="INFO" html="true">Executing sql:&lt;br&gt;&lt;code style="font-weight: bold;"&gt;INSERT INTO usuarios(nome, data_nascimento, sexo, estado_civil, naturalidade, nacionalidade) VALUES ('João Pereira', '1978-01-19', 'M', 'Divorciado', 'Salvador', 'Brasileira')&lt;/code&gt;</msg>
<msg time="2026-05-07T21:11:05.344751" level="INFO">Commit the transaction</msg>
<arg>${sql}</arg>
<doc>Executes the ``sql_string`` - as a single SQL command (default) or as separate statements.</doc>
<status status="PASS" start="2026-05-07T21:11:05.341733" elapsed="0.006326"/>
</kw>
<var name="${line}">João Pereira,1978-01-19,M,Divorciado,Salvador,Brasileira</var>
<status status="PASS" start="2026-05-07T21:11:05.338533" elapsed="0.009611"/>
</iter>
<iter>
<kw name="Split String" owner="String">
<msg time="2026-05-07T21:11:05.348863" level="INFO">${data} = ['Fernanda Rocha', '2000-06-30', 'F', 'Solteira', 'Curitiba', 'Brasileira']</msg>
<var>${data}</var>
<arg>${line}</arg>
<arg>,</arg>
<doc>Splits the ``string`` using ``separator`` as a delimiter string.</doc>
<status status="PASS" start="2026-05-07T21:11:05.348604" elapsed="0.000288"/>
</kw>
<kw name="Set Variable" owner="BuiltIn">
<msg time="2026-05-07T21:11:05.349199" level="INFO">${nome} = Fernanda Rocha</msg>
<var>${nome}</var>
<arg>${data}[0]</arg>
<doc>Returns the given values which can then be assigned to a variables.</doc>
<status status="PASS" start="2026-05-07T21:11:05.349023" elapsed="0.000199"/>
</kw>
<kw name="Set Variable" owner="BuiltIn">
<msg time="2026-05-07T21:11:05.349493" level="INFO">${data_nascimento} = 2000-06-30</msg>
<var>${data_nascimento}</var>
<arg>${data}[1]</arg>
<doc>Returns the given values which can then be assigned to a variables.</doc>
<status status="PASS" start="2026-05-07T21:11:05.349329" elapsed="0.000186"/>
</kw>
<kw name="Set Variable" owner="BuiltIn">
<msg time="2026-05-07T21:11:05.349778" level="INFO">${sexo} = F</msg>
<var>${sexo}</var>
<arg>${data}[2]</arg>
<doc>Returns the given values which can then be assigned to a variables.</doc>
<status status="PASS" start="2026-05-07T21:11:05.349621" elapsed="0.000179"/>
</kw>
<kw name="Set Variable" owner="BuiltIn">
<msg time="2026-05-07T21:11:05.350064" level="INFO">${estado_civil} = Solteira</msg>
<var>${estado_civil}</var>
<arg>${data}[3]</arg>
<doc>Returns the given values which can then be assigned to a variables.</doc>
<status status="PASS" start="2026-05-07T21:11:05.349906" elapsed="0.000181"/>
</kw>
<kw name="Set Variable" owner="BuiltIn">
<msg time="2026-05-07T21:11:05.350393" level="INFO">${naturalidade} = Curitiba</msg>
<var>${naturalidade}</var>
<arg>${data}[4]</arg>
<doc>Returns the given values which can then be assigned to a variables.</doc>
<status status="PASS" start="2026-05-07T21:11:05.350195" elapsed="0.000223"/>
</kw>
<kw name="Set Variable" owner="BuiltIn">
<msg time="2026-05-07T21:11:05.350735" level="INFO">${nacionalidade} = Brasileira</msg>
<var>${nacionalidade}</var>
<arg>${data}[5]</arg>
<doc>Returns the given values which can then be assigned to a variables.</doc>
<status status="PASS" start="2026-05-07T21:11:05.350532" elapsed="0.000231"/>
</kw>
<kw name="Set Variable" owner="BuiltIn">
<msg time="2026-05-07T21:11:05.351226" level="INFO">${sql} = INSERT INTO usuarios(nome, data_nascimento, sexo, estado_civil, naturalidade, nacionalidade) VALUES ('Fernanda Rocha', '2000-06-30', 'F', 'Solteira', 'Curitiba', 'Brasileira')</msg>
<var>${sql}</var>
<arg>INSERT INTO ${TABLE_NAME}(nome, data_nascimento, sexo, estado_civil, naturalidade, nacionalidade) VALUES ('${nome}', '${data_nascimento}', '${sexo}', '${estado_civil}', '${naturalidade}', '${nacionalidade}')</arg>
<doc>Returns the given values which can then be assigned to a variables.</doc>
<status status="PASS" start="2026-05-07T21:11:05.350878" elapsed="0.000378"/>
</kw>
<kw name="Execute Sql String" owner="DatabaseLibrary">
<msg time="2026-05-07T21:11:05.351570" level="INFO" html="true">Executing sql:&lt;br&gt;&lt;code style="font-weight: bold;"&gt;INSERT INTO usuarios(nome, data_nascimento, sexo, estado_civil, naturalidade, nacionalidade) VALUES ('Fernanda Rocha', '2000-06-30', 'F', 'Solteira', 'Curitiba', 'Brasileira')&lt;/code&gt;</msg>
<msg time="2026-05-07T21:11:05.354412" level="INFO">Commit the transaction</msg>
<arg>${sql}</arg>
<doc>Executes the ``sql_string`` - as a single SQL command (default) or as separate statements.</doc>
<status status="PASS" start="2026-05-07T21:11:05.351391" elapsed="0.005782"/>
</kw>
<var name="${line}">Fernanda Rocha,2000-06-30,F,Solteira,Curitiba,Brasileira</var>
<status status="PASS" start="2026-05-07T21:11:05.348459" elapsed="0.008807"/>
</iter>
<iter>
<kw name="Split String" owner="String">
<msg time="2026-05-07T21:11:05.357862" level="INFO">${data} = ['Lucas Martins', '1995-09-14', 'M', 'Solteiro', 'Fortaleza', 'Brasileira']</msg>
<var>${data}</var>
<arg>${line}</arg>
<arg>,</arg>
<doc>Splits the ``string`` using ``separator`` as a delimiter string.</doc>
<status status="PASS" start="2026-05-07T21:11:05.357598" elapsed="0.000292"/>
</kw>
<kw name="Set Variable" owner="BuiltIn">
<msg time="2026-05-07T21:11:05.358179" level="INFO">${nome} = Lucas Martins</msg>
<var>${nome}</var>
<arg>${data}[0]</arg>
<doc>Returns the given values which can then be assigned to a variables.</doc>
<status status="PASS" start="2026-05-07T21:11:05.358008" elapsed="0.000194"/>
</kw>
<kw name="Set Variable" owner="BuiltIn">
<msg time="2026-05-07T21:11:05.358476" level="INFO">${data_nascimento} = 1995-09-14</msg>
<var>${data_nascimento}</var>
<arg>${data}[1]</arg>
<doc>Returns the given values which can then be assigned to a variables.</doc>
<status status="PASS" start="2026-05-07T21:11:05.358309" elapsed="0.000190"/>
</kw>
<kw name="Set Variable" owner="BuiltIn">
<msg time="2026-05-07T21:11:05.358765" level="INFO">${sexo} = M</msg>
<var>${sexo}</var>
<arg>${data}[2]</arg>
<doc>Returns the given values which can then be assigned to a variables.</doc>
<status status="PASS" start="2026-05-07T21:11:05.358603" elapsed="0.000185"/>
</kw>
<kw name="Set Variable" owner="BuiltIn">
<msg time="2026-05-07T21:11:05.359049" level="INFO">${estado_civil} = Solteiro</msg>
<var>${estado_civil}</var>
<arg>${data}[3]</arg>
<doc>Returns the given values which can then be assigned to a variables.</doc>
<status status="PASS" start="2026-05-07T21:11:05.358893" elapsed="0.000179"/>
</kw>
<kw name="Set Variable" owner="BuiltIn">
<msg time="2026-05-07T21:11:05.359331" level="INFO">${naturalidade} = Fortaleza</msg>
<var>${naturalidade}</var>
<arg>${data}[4]</arg>
<doc>Returns the given values which can then be assigned to a variables.</doc>
<status status="PASS" start="2026-05-07T21:11:05.359175" elapsed="0.000178"/>
</kw>
<kw name="Set Variable" owner="BuiltIn">
<msg time="2026-05-07T21:11:05.359613" level="INFO">${nacionalidade} = Brasileira</msg>
<var>${nacionalidade}</var>
<arg>${data}[5]</arg>
<doc>Returns the given values which can then be assigned to a variables.</doc>
<status status="PASS" start="2026-05-07T21:11:05.359457" elapsed="0.000178"/>
</kw>
<kw name="Set Variable" owner="BuiltIn">
<msg time="2026-05-07T21:11:05.360065" level="INFO">${sql} = INSERT INTO usuarios(nome, data_nascimento, sexo, estado_civil, naturalidade, nacionalidade) VALUES ('Lucas Martins', '1995-09-14', 'M', 'Solteiro', 'Fortaleza', 'Brasileira')</msg>
<var>${sql}</var>
<arg>INSERT INTO ${TABLE_NAME}(nome, data_nascimento, sexo, estado_civil, naturalidade, nacionalidade) VALUES ('${nome}', '${data_nascimento}', '${sexo}', '${estado_civil}', '${naturalidade}', '${nacionalidade}')</arg>
<doc>Returns the given values which can then be assigned to a variables.</doc>
<status status="PASS" start="2026-05-07T21:11:05.359776" elapsed="0.000314"/>
</kw>
<kw name="Execute Sql String" owner="DatabaseLibrary">
<msg time="2026-05-07T21:11:05.360354" level="INFO" html="true">Executing sql:&lt;br&gt;&lt;code style="font-weight: bold;"&gt;INSERT INTO usuarios(nome, data_nascimento, sexo, estado_civil, naturalidade, nacionalidade) VALUES ('Lucas Martins', '1995-09-14', 'M', 'Solteiro', 'Fortaleza', 'Brasileira')&lt;/code&gt;</msg>
<msg time="2026-05-07T21:11:05.362960" level="INFO">Commit the transaction</msg>
<arg>${sql}</arg>
<doc>Executes the ``sql_string`` - as a single SQL command (default) or as separate statements.</doc>
<status status="PASS" start="2026-05-07T21:11:05.360203" elapsed="0.005597"/>
</kw>
<var name="${line}">Lucas Martins,1995-09-14,M,Solteiro,Fortaleza,Brasileira</var>
<status status="PASS" start="2026-05-07T21:11:05.357460" elapsed="0.008424"/>
</iter>
<iter>
<kw name="Split String" owner="String">
<msg time="2026-05-07T21:11:05.366570" level="INFO">${data} = ['Patrícia Gomes', '1988-12-05', 'F', 'Casada', 'Recife', 'Brasileira']</msg>
<var>${data}</var>
<arg>${line}</arg>
<arg>,</arg>
<doc>Splits the ``string`` using ``separator`` as a delimiter string.</doc>
<status status="PASS" start="2026-05-07T21:11:05.366198" elapsed="0.000405"/>
</kw>
<kw name="Set Variable" owner="BuiltIn">
<msg time="2026-05-07T21:11:05.367043" level="INFO">${nome} = Patrícia Gomes</msg>
<var>${nome}</var>
<arg>${data}[0]</arg>
<doc>Returns the given values which can then be assigned to a variables.</doc>
<status status="PASS" start="2026-05-07T21:11:05.366844" elapsed="0.000226"/>
</kw>
<kw name="Set Variable" owner="BuiltIn">
<msg time="2026-05-07T21:11:05.367389" level="INFO">${data_nascimento} = 1988-12-05</msg>
<var>${data_nascimento}</var>
<arg>${data}[1]</arg>
<doc>Returns the given values which can then be assigned to a variables.</doc>
<status status="PASS" start="2026-05-07T21:11:05.367198" elapsed="0.000217"/>
</kw>
<kw name="Set Variable" owner="BuiltIn">
<msg time="2026-05-07T21:11:05.367701" level="INFO">${sexo} = F</msg>
<var>${sexo}</var>
<arg>${data}[2]</arg>
<doc>Returns the given values which can then be assigned to a variables.</doc>
<status status="PASS" start="2026-05-07T21:11:05.367533" elapsed="0.000192"/>
</kw>
<kw name="Set Variable" owner="BuiltIn">
<msg time="2026-05-07T21:11:05.367990" level="INFO">${estado_civil} = Casada</msg>
<var>${estado_civil}</var>
<arg>${data}[3]</arg>
<doc>Returns the given values which can then be assigned to a variables.</doc>
<status status="PASS" start="2026-05-07T21:11:05.367832" elapsed="0.000181"/>
</kw>
<kw name="Set Variable" owner="BuiltIn">
<msg time="2026-05-07T21:11:05.368276" level="INFO">${naturalidade} = Recife</msg>
<var>${naturalidade}</var>
<arg>${data}[4]</arg>
<doc>Returns the given values which can then be assigned to a variables.</doc>
<status status="PASS" start="2026-05-07T21:11:05.368118" elapsed="0.000179"/>
</kw>
<kw name="Set Variable" owner="BuiltIn">
<msg time="2026-05-07T21:11:05.368585" level="INFO">${nacionalidade} = Brasileira</msg>
<var>${nacionalidade}</var>
<arg>${data}[5]</arg>
<doc>Returns the given values which can then be assigned to a variables.</doc>
<status status="PASS" start="2026-05-07T21:11:05.368402" elapsed="0.000210"/>
</kw>
<kw name="Set Variable" owner="BuiltIn">
<msg time="2026-05-07T21:11:05.369014" level="INFO">${sql} = INSERT INTO usuarios(nome, data_nascimento, sexo, estado_civil, naturalidade, nacionalidade) VALUES ('Patrícia Gomes', '1988-12-05', 'F', 'Casada', 'Recife', 'Brasileira')</msg>
<var>${sql}</var>
<arg>INSERT INTO ${TABLE_NAME}(nome, data_nascimento, sexo, estado_civil, naturalidade, nacionalidade) VALUES ('${nome}', '${data_nascimento}', '${sexo}', '${estado_civil}', '${naturalidade}', '${nacionalidade}')</arg>
<doc>Returns the given values which can then be assigned to a variables.</doc>
<status status="PASS" start="2026-05-07T21:11:05.368721" elapsed="0.000322"/>
</kw>
<kw name="Execute Sql String" owner="DatabaseLibrary">
<msg time="2026-05-07T21:11:05.369353" level="INFO" html="true">Executing sql:&lt;br&gt;&lt;code style="font-weight: bold;"&gt;INSERT INTO usuarios(nome, data_nascimento, sexo, estado_civil, naturalidade, nacionalidade) VALUES ('Patrícia Gomes', '1988-12-05', 'F', 'Casada', 'Recife', 'Brasileira')&lt;/code&gt;</msg>
<msg time="2026-05-07T21:11:05.372101" level="INFO">Commit the transaction</msg>
<arg>${sql}</arg>
<doc>Executes the ``sql_string`` - as a single SQL command (default) or as separate statements.</doc>
<status status="PASS" start="2026-05-07T21:11:05.369175" elapsed="0.006209"/>
</kw>
<var name="${line}">Patrícia Gomes,1988-12-05,F,Casada,Recife,Brasileira</var>
<status status="PASS" start="2026-05-07T21:11:05.366067" elapsed="0.009458"/>
</iter>
<iter>
<kw name="Split String" owner="String">
<msg time="2026-05-07T21:11:05.376458" level="INFO">${data} = ['Rafael Ribeiro', '1993-04-22', 'M', 'Solteiro', 'Porto Alegre', 'Brasileira']</msg>
<var>${data}</var>
<arg>${line}</arg>
<arg>,</arg>
<doc>Splits the ``string`` using ``separator`` as a delimiter string.</doc>
<status status="PASS" start="2026-05-07T21:11:05.376046" elapsed="0.000458"/>
</kw>
<kw name="Set Variable" owner="BuiltIn">
<msg time="2026-05-07T21:11:05.377093" level="INFO">${nome} = Rafael Ribeiro</msg>
<var>${nome}</var>
<arg>${data}[0]</arg>
<doc>Returns the given values which can then be assigned to a variables.</doc>
<status status="PASS" start="2026-05-07T21:11:05.376718" elapsed="0.000426"/>
</kw>
<kw name="Set Variable" owner="BuiltIn">
<msg time="2026-05-07T21:11:05.377579" level="INFO">${data_nascimento} = 1993-04-22</msg>
<var>${data_nascimento}</var>
<arg>${data}[1]</arg>
<doc>Returns the given values which can then be assigned to a variables.</doc>
<status status="PASS" start="2026-05-07T21:11:05.377350" elapsed="0.000286"/>
</kw>
<kw name="Set Variable" owner="BuiltIn">
<msg time="2026-05-07T21:11:05.377978" level="INFO">${sexo} = M</msg>
<var>${sexo}</var>
<arg>${data}[2]</arg>
<doc>Returns the given values which can then be assigned to a variables.</doc>
<status status="PASS" start="2026-05-07T21:11:05.377792" elapsed="0.000210"/>
</kw>
<kw name="Set Variable" owner="BuiltIn">
<msg time="2026-05-07T21:11:05.378309" level="INFO">${estado_civil} = Solteiro</msg>
<var>${estado_civil}</var>
<arg>${data}[3]</arg>
<doc>Returns the given values which can then be assigned to a variables.</doc>
<status status="PASS" start="2026-05-07T21:11:05.378125" elapsed="0.000216"/>
</kw>
<kw name="Set Variable" owner="BuiltIn">
<msg time="2026-05-07T21:11:05.378624" level="INFO">${naturalidade} = Porto Alegre</msg>
<var>${naturalidade}</var>
<arg>${data}[4]</arg>
<doc>Returns the given values which can then be assigned to a variables.</doc>
<status status="PASS" start="2026-05-07T21:11:05.378458" elapsed="0.000189"/>
</kw>
<kw name="Set Variable" owner="BuiltIn">
<msg time="2026-05-07T21:11:05.378984" level="INFO">${nacionalidade} = Brasileira</msg>
<var>${nacionalidade}</var>
<arg>${data}[5]</arg>
<doc>Returns the given values which can then be assigned to a variables.</doc>
<status status="PASS" start="2026-05-07T21:11:05.378793" elapsed="0.000216"/>
</kw>
<kw name="Set Variable" owner="BuiltIn">
<msg time="2026-05-07T21:11:05.379434" level="INFO">${sql} = INSERT INTO usuarios(nome, data_nascimento, sexo, estado_civil, naturalidade, nacionalidade) VALUES ('Rafael Ribeiro', '1993-04-22', 'M', 'Solteiro', 'Porto Alegre', 'Brasileira')</msg>
<var>${sql}</var>
<arg>INSERT INTO ${TABLE_NAME}(nome, data_nascimento, sexo, estado_civil, naturalidade, nacionalidade) VALUES ('${nome}', '${data_nascimento}', '${sexo}', '${estado_civil}', '${naturalidade}', '${nacionalidade}')</arg>
<doc>Returns the given values which can then be assigned to a variables.</doc>
<status status="PASS" start="2026-05-07T21:11:05.379124" elapsed="0.000339"/>
</kw>
<kw name="Execute Sql String" owner="DatabaseLibrary">
<msg time="2026-05-07T21:11:05.379876" level="INFO" html="true">Executing sql:&lt;br&gt;&lt;code style="font-weight: bold;"&gt;INSERT INTO usuarios(nome, data_nascimento, sexo, estado_civil, naturalidade, nacionalidade) VALUES ('Rafael Ribeiro', '1993-04-22', 'M', 'Solteiro', 'Porto Alegre', 'Brasileira')&lt;/code&gt;</msg>
<msg time="2026-05-07T21:11:05.382737" level="INFO">Commit the transaction</msg>
<arg>${sql}</arg>
<doc>Executes the ``sql_string`` - as a single SQL command (default) or as separate statements.</doc>
<status status="PASS" start="2026-05-07T21:11:05.379630" elapsed="0.006307"/>
</kw>
<var name="${line}">Rafael Ribeiro,1993-04-22,M,Solteiro,Porto Alegre,Brasileira</var>
<status status="PASS" start="2026-05-07T21:11:05.375804" elapsed="0.010240"/>
</iter>
<iter>
<kw name="Split String" owner="String">
<msg time="2026-05-07T21:11:05.386713" level="INFO">${data} = ['Juliana Carvalho', '1987-08-11', 'F', 'Divorciada', 'Brasília', 'Brasileira']</msg>
<var>${data}</var>
<arg>${line}</arg>
<arg>,</arg>
<doc>Splits the ``string`` using ``separator`` as a delimiter string.</doc>
<status status="PASS" start="2026-05-07T21:11:05.386416" elapsed="0.000352"/>
</kw>
<kw name="Set Variable" owner="BuiltIn">
<msg time="2026-05-07T21:11:05.387152" level="INFO">${nome} = Juliana Carvalho</msg>
<var>${nome}</var>
<arg>${data}[0]</arg>
<doc>Returns the given values which can then be assigned to a variables.</doc>
<status status="PASS" start="2026-05-07T21:11:05.386951" elapsed="0.000341"/>
</kw>
<kw name="Set Variable" owner="BuiltIn">
<msg time="2026-05-07T21:11:05.387689" level="INFO">${data_nascimento} = 1987-08-11</msg>
<var>${data_nascimento}</var>
<arg>${data}[1]</arg>
<doc>Returns the given values which can then be assigned to a variables.</doc>
<status status="PASS" start="2026-05-07T21:11:05.387463" elapsed="0.000257"/>
</kw>
<kw name="Set Variable" owner="BuiltIn">
<msg time="2026-05-07T21:11:05.388031" level="INFO">${sexo} = F</msg>
<var>${sexo}</var>
<arg>${data}[2]</arg>
<doc>Returns the given values which can then be assigned to a variables.</doc>
<status status="PASS" start="2026-05-07T21:11:05.387846" elapsed="0.000209"/>
</kw>
<kw name="Set Variable" owner="BuiltIn">
<msg time="2026-05-07T21:11:05.388359" level="INFO">${estado_civil} = Divorciada</msg>
<var>${estado_civil}</var>
<arg>${data}[3]</arg>
<doc>Returns the given values which can then be assigned to a variables.</doc>
<status status="PASS" start="2026-05-07T21:11:05.388164" elapsed="0.000221"/>
</kw>
<kw name="Set Variable" owner="BuiltIn">
<msg time="2026-05-07T21:11:05.388657" level="INFO">${naturalidade} = Brasília</msg>
<var>${naturalidade}</var>
<arg>${data}[4]</arg>
<doc>Returns the given values which can then be assigned to a variables.</doc>
<status status="PASS" start="2026-05-07T21:11:05.388497" elapsed="0.000183"/>
</kw>
<kw name="Set Variable" owner="BuiltIn">
<msg time="2026-05-07T21:11:05.388942" level="INFO">${nacionalidade} = Brasileira</msg>
<var>${nacionalidade}</var>
<arg>${data}[5]</arg>
<doc>Returns the given values which can then be assigned to a variables.</doc>
<status status="PASS" start="2026-05-07T21:11:05.388785" elapsed="0.000180"/>
</kw>
<kw name="Set Variable" owner="BuiltIn">
<msg time="2026-05-07T21:11:05.389353" level="INFO">${sql} = INSERT INTO usuarios(nome, data_nascimento, sexo, estado_civil, naturalidade, nacionalidade) VALUES ('Juliana Carvalho', '1987-08-11', 'F', 'Divorciada', 'Brasília', 'Brasileira')</msg>
<var>${sql}</var>
<arg>INSERT INTO ${TABLE_NAME}(nome, data_nascimento, sexo, estado_civil, naturalidade, nacionalidade) VALUES ('${nome}', '${data_nascimento}', '${sexo}', '${estado_civil}', '${naturalidade}', '${nacionalidade}')</arg>
<doc>Returns the given values which can then be assigned to a variables.</doc>
<status status="PASS" start="2026-05-07T21:11:05.389071" elapsed="0.000307"/>
</kw>
<kw name="Execute Sql String" owner="DatabaseLibrary">
<msg time="2026-05-07T21:11:05.389642" level="INFO" html="true">Executing sql:&lt;br&gt;&lt;code style="font-weight: bold;"&gt;INSERT INTO usuarios(nome, data_nascimento, sexo, estado_civil, naturalidade, nacionalidade) VALUES ('Juliana Carvalho', '1987-08-11', 'F', 'Divorciada', 'Brasília', 'Brasileira')&lt;/code&gt;</msg>
<msg time="2026-05-07T21:11:05.392297" level="INFO">Commit the transaction</msg>
<arg>${sql}</arg>
<doc>Executes the ``sql_string`` - as a single SQL command (default) or as separate statements.</doc>
<status status="PASS" start="2026-05-07T21:11:05.389487" elapsed="0.005534"/>
</kw>
<var name="${line}">Juliana Carvalho,1987-08-11,F,Divorciada,Brasília,Brasileira</var>
<status status="PASS" start="2026-05-07T21:11:05.386234" elapsed="0.008908"/>
</iter>
<iter>
<kw name="Split String" owner="String">
<msg time="2026-05-07T21:11:05.395740" level="INFO">${data} = ['Bruno Fernandes', '1999-02-27', 'M', 'Solteiro', 'Manaus', 'Brasileira']</msg>
<var>${data}</var>
<arg>${line}</arg>
<arg>,</arg>
<doc>Splits the ``string`` using ``separator`` as a delimiter string.</doc>
<status status="PASS" start="2026-05-07T21:11:05.395475" elapsed="0.000294"/>
</kw>
<kw name="Set Variable" owner="BuiltIn">
<msg time="2026-05-07T21:11:05.396070" level="INFO">${nome} = Bruno Fernandes</msg>
<var>${nome}</var>
<arg>${data}[0]</arg>
<doc>Returns the given values which can then be assigned to a variables.</doc>
<status status="PASS" start="2026-05-07T21:11:05.395890" elapsed="0.000204"/>
</kw>
<kw name="Set Variable" owner="BuiltIn">
<msg time="2026-05-07T21:11:05.396432" level="INFO">${data_nascimento} = 1999-02-27</msg>
<var>${data_nascimento}</var>
<arg>${data}[1]</arg>
<doc>Returns the given values which can then be assigned to a variables.</doc>
<status status="PASS" start="2026-05-07T21:11:05.396261" elapsed="0.000195"/>
</kw>
<kw name="Set Variable" owner="BuiltIn">
<msg time="2026-05-07T21:11:05.396821" level="INFO">${sexo} = M</msg>
<var>${sexo}</var>
<arg>${data}[2]</arg>
<doc>Returns the given values which can then be assigned to a variables.</doc>
<status status="PASS" start="2026-05-07T21:11:05.396585" elapsed="0.000263"/>
</kw>
<kw name="Set Variable" owner="BuiltIn">
<msg time="2026-05-07T21:11:05.397172" level="INFO">${estado_civil} = Solteiro</msg>
<var>${estado_civil}</var>
<arg>${data}[3]</arg>
<doc>Returns the given values which can then be assigned to a variables.</doc>
<status status="PASS" start="2026-05-07T21:11:05.396976" elapsed="0.000222"/>
</kw>
<kw name="Set Variable" owner="BuiltIn">
<msg time="2026-05-07T21:11:05.397562" level="INFO">${naturalidade} = Manaus</msg>
<var>${naturalidade}</var>
<arg>${data}[4]</arg>
<doc>Returns the given values which can then be assigned to a variables.</doc>
<status status="PASS" start="2026-05-07T21:11:05.397382" elapsed="0.000204"/>
</kw>
<kw name="Set Variable" owner="BuiltIn">
<msg time="2026-05-07T21:11:05.397910" level="INFO">${nacionalidade} = Brasileira</msg>
<var>${nacionalidade}</var>
<arg>${data}[5]</arg>
<doc>Returns the given values which can then be assigned to a variables.</doc>
<status status="PASS" start="2026-05-07T21:11:05.397698" elapsed="0.000236"/>
</kw>
<kw name="Set Variable" owner="BuiltIn">
<msg time="2026-05-07T21:11:05.398332" level="INFO">${sql} = INSERT INTO usuarios(nome, data_nascimento, sexo, estado_civil, naturalidade, nacionalidade) VALUES ('Bruno Fernandes', '1999-02-27', 'M', 'Solteiro', 'Manaus', 'Brasileira')</msg>
<var>${sql}</var>
<arg>INSERT INTO ${TABLE_NAME}(nome, data_nascimento, sexo, estado_civil, naturalidade, nacionalidade) VALUES ('${nome}', '${data_nascimento}', '${sexo}', '${estado_civil}', '${naturalidade}', '${nacionalidade}')</arg>
<doc>Returns the given values which can then be assigned to a variables.</doc>
<status status="PASS" start="2026-05-07T21:11:05.398047" elapsed="0.000335"/>
</kw>
<kw name="Execute Sql String" owner="DatabaseLibrary">
[...]
</kw>
<kw name="Set Variable" owner="BuiltIn">
<msg time="2026-05-07T21:11:06.171192" level="INFO">${data_nascimento} = 1997-07-21</msg>
<var>${data_nascimento}</var>
<arg>${data}[1]</arg>
<doc>Returns the given values which can then be assigned to a variables.</doc>
<status status="PASS" start="2026-05-07T21:11:06.171034" elapsed="0.000180"/>
</kw>
<kw name="Set Variable" owner="BuiltIn">
<msg time="2026-05-07T21:11:06.171515" level="INFO">${sexo} = F</msg>
<var>${sexo}</var>
<arg>${data}[2]</arg>
<doc>Returns the given values which can then be assigned to a variables.</doc>
<status status="PASS" start="2026-05-07T21:11:06.171316" elapsed="0.000235"/>
</kw>
<kw name="Set Variable" owner="BuiltIn">
<msg time="2026-05-07T21:11:06.171918" level="INFO">${estado_civil} = Solteira</msg>
<var>${estado_civil}</var>
<arg>${data}[3]</arg>
<doc>Returns the given values which can then be assigned to a variables.</doc>
<status status="PASS" start="2026-05-07T21:11:06.171721" elapsed="0.000219"/>
</kw>
<kw name="Set Variable" owner="BuiltIn">
<msg time="2026-05-07T21:11:06.172281" level="INFO">${naturalidade} = Casimiro de Abreu</msg>
<var>${naturalidade}</var>
<arg>${data}[4]</arg>
<doc>Returns the given values which can then be assigned to a variables.</doc>
<status status="PASS" start="2026-05-07T21:11:06.172047" elapsed="0.000257"/>
</kw>
<kw name="Set Variable" owner="BuiltIn">
<msg time="2026-05-07T21:11:06.172610" level="INFO">${nacionalidade} = Brasileira</msg>
<var>${nacionalidade}</var>
<arg>${data}[5]</arg>
<doc>Returns the given values which can then be assigned to a variables.</doc>
<status status="PASS" start="2026-05-07T21:11:06.172409" elapsed="0.000223"/>
</kw>
<kw name="Set Variable" owner="BuiltIn">
<msg time="2026-05-07T21:11:06.173007" level="INFO">${sql} = INSERT INTO usuarios(nome, data_nascimento, sexo, estado_civil, naturalidade, nacionalidade) VALUES ('Gisele Batista', '1997-07-21', 'F', 'Solteira', 'Casimiro de Abreu', 'Brasileira')</msg>
<var>${sql}</var>
<arg>INSERT INTO ${TABLE_NAME}(nome, data_nascimento, sexo, estado_civil, naturalidade, nacionalidade) VALUES ('${nome}', '${data_nascimento}', '${sexo}', '${estado_civil}', '${naturalidade}', '${nacionalidade}')</arg>
<doc>Returns the given values which can then be assigned to a variables.</doc>
<status status="PASS" start="2026-05-07T21:11:06.172735" elapsed="0.000296"/>
</kw>
<kw name="Execute Sql String" owner="DatabaseLibrary">
<msg time="2026-05-07T21:11:06.173284" level="INFO" html="true">Executing sql:&lt;br&gt;&lt;code style="font-weight: bold;"&gt;INSERT INTO usuarios(nome, data_nascimento, sexo, estado_civil, naturalidade, nacionalidade) VALUES ('Gisele Batista', '1997-07-21', 'F', 'Solteira', 'Casimiro de Abreu', 'Brasileira')&lt;/code&gt;</msg>
<msg time="2026-05-07T21:11:06.176766" level="INFO">Commit the transaction</msg>
<arg>${sql}</arg>
<doc>Executes the ``sql_string`` - as a single SQL command (default) or as separate statements.</doc>
<status status="PASS" start="2026-05-07T21:11:06.173138" elapsed="0.007336"/>
</kw>
<var name="${line}">Gisele Batista,1997-07-21,F,Solteira,Casimiro de Abreu,Brasileira</var>
<status status="PASS" start="2026-05-07T21:11:06.170002" elapsed="0.010557"/>
</iter>
<iter>
<kw name="Split String" owner="String">
<msg time="2026-05-07T21:11:06.181385" level="INFO">${data} = ['Jonas Ribeiro', '1985-09-05', 'M', 'Casado', 'Quissamã', 'Brasileira']</msg>
<var>${data}</var>
<arg>${line}</arg>
<arg>,</arg>
<doc>Splits the ``string`` using ``separator`` as a delimiter string.</doc>
<status status="PASS" start="2026-05-07T21:11:06.181010" elapsed="0.000404"/>
</kw>
<kw name="Set Variable" owner="BuiltIn">
<msg time="2026-05-07T21:11:06.181704" level="INFO">${nome} = Jonas Ribeiro</msg>
<var>${nome}</var>
<arg>${data}[0]</arg>
<doc>Returns the given values which can then be assigned to a variables.</doc>
<status status="PASS" start="2026-05-07T21:11:06.181536" elapsed="0.000191"/>
</kw>
<kw name="Set Variable" owner="BuiltIn">
<msg time="2026-05-07T21:11:06.181986" level="INFO">${data_nascimento} = 1985-09-05</msg>
<var>${data_nascimento}</var>
<arg>${data}[1]</arg>
<doc>Returns the given values which can then be assigned to a variables.</doc>
<status status="PASS" start="2026-05-07T21:11:06.181832" elapsed="0.000176"/>
</kw>
<kw name="Set Variable" owner="BuiltIn">
<msg time="2026-05-07T21:11:06.182309" level="INFO">${sexo} = M</msg>
<var>${sexo}</var>
<arg>${data}[2]</arg>
<doc>Returns the given values which can then be assigned to a variables.</doc>
<status status="PASS" start="2026-05-07T21:11:06.182159" elapsed="0.000172"/>
</kw>
<kw name="Set Variable" owner="BuiltIn">
<msg time="2026-05-07T21:11:06.182661" level="INFO">${estado_civil} = Casado</msg>
<var>${estado_civil}</var>
<arg>${data}[3]</arg>
<doc>Returns the given values which can then be assigned to a variables.</doc>
<status status="PASS" start="2026-05-07T21:11:06.182492" elapsed="0.000190"/>
</kw>
<kw name="Set Variable" owner="BuiltIn">
<msg time="2026-05-07T21:11:06.182962" level="INFO">${naturalidade} = Quissamã</msg>
<var>${naturalidade}</var>
<arg>${data}[4]</arg>
<doc>Returns the given values which can then be assigned to a variables.</doc>
<status status="PASS" start="2026-05-07T21:11:06.182785" elapsed="0.000200"/>
</kw>
<kw name="Set Variable" owner="BuiltIn">
<msg time="2026-05-07T21:11:06.183312" level="INFO">${nacionalidade} = Brasileira</msg>
<var>${nacionalidade}</var>
<arg>${data}[5]</arg>
<doc>Returns the given values which can then be assigned to a variables.</doc>
<status status="PASS" start="2026-05-07T21:11:06.183146" elapsed="0.000189"/>
</kw>
<kw name="Set Variable" owner="BuiltIn">
<msg time="2026-05-07T21:11:06.183740" level="INFO">${sql} = INSERT INTO usuarios(nome, data_nascimento, sexo, estado_civil, naturalidade, nacionalidade) VALUES ('Jonas Ribeiro', '1985-09-05', 'M', 'Casado', 'Quissamã', 'Brasileira')</msg>
<var>${sql}</var>
<arg>INSERT INTO ${TABLE_NAME}(nome, data_nascimento, sexo, estado_civil, naturalidade, nacionalidade) VALUES ('${nome}', '${data_nascimento}', '${sexo}', '${estado_civil}', '${naturalidade}', '${nacionalidade}')</arg>
<doc>Returns the given values which can then be assigned to a variables.</doc>
<status status="PASS" start="2026-05-07T21:11:06.183437" elapsed="0.000347"/>
</kw>
<kw name="Execute Sql String" owner="DatabaseLibrary">
<msg time="2026-05-07T21:11:06.184050" level="INFO" html="true">Executing sql:&lt;br&gt;&lt;code style="font-weight: bold;"&gt;INSERT INTO usuarios(nome, data_nascimento, sexo, estado_civil, naturalidade, nacionalidade) VALUES ('Jonas Ribeiro', '1985-09-05', 'M', 'Casado', 'Quissamã', 'Brasileira')&lt;/code&gt;</msg>
<msg time="2026-05-07T21:11:06.187418" level="INFO">Commit the transaction</msg>
<arg>${sql}</arg>
<doc>Executes the ``sql_string`` - as a single SQL command (default) or as separate statements.</doc>
<status status="PASS" start="2026-05-07T21:11:06.183906" elapsed="0.006661"/>
</kw>
<var name="${line}">Jonas Ribeiro,1985-09-05,M,Casado,Quissamã,Brasileira</var>
<status status="PASS" start="2026-05-07T21:11:06.180857" elapsed="0.009800"/>
</iter>
<iter>
<kw name="Split String" owner="String">
<msg time="2026-05-07T21:11:06.191232" level="INFO">${data} = ['Carolina Andrade', '1993-02-28', 'F', 'Solteira', 'Carapebus', 'Brasileira']</msg>
<var>${data}</var>
<arg>${line}</arg>
<arg>,</arg>
<doc>Splits the ``string`` using ``separator`` as a delimiter string.</doc>
<status status="PASS" start="2026-05-07T21:11:06.190989" elapsed="0.000270"/>
</kw>
<kw name="Set Variable" owner="BuiltIn">
<msg time="2026-05-07T21:11:06.191594" level="INFO">${nome} = Carolina Andrade</msg>
<var>${nome}</var>
<arg>${data}[0]</arg>
<doc>Returns the given values which can then be assigned to a variables.</doc>
<status status="PASS" start="2026-05-07T21:11:06.191390" elapsed="0.000231"/>
</kw>
<kw name="Set Variable" owner="BuiltIn">
<msg time="2026-05-07T21:11:06.191904" level="INFO">${data_nascimento} = 1993-02-28</msg>
<var>${data_nascimento}</var>
<arg>${data}[1]</arg>
<doc>Returns the given values which can then be assigned to a variables.</doc>
<status status="PASS" start="2026-05-07T21:11:06.191734" elapsed="0.000193"/>
</kw>
<kw name="Set Variable" owner="BuiltIn">
<msg time="2026-05-07T21:11:06.192198" level="INFO">${sexo} = F</msg>
<var>${sexo}</var>
<arg>${data}[2]</arg>
<doc>Returns the given values which can then be assigned to a variables.</doc>
<status status="PASS" start="2026-05-07T21:11:06.192038" elapsed="0.000183"/>
</kw>
<kw name="Set Variable" owner="BuiltIn">
<msg time="2026-05-07T21:11:06.192489" level="INFO">${estado_civil} = Solteira</msg>
<var>${estado_civil}</var>
<arg>${data}[3]</arg>
<doc>Returns the given values which can then be assigned to a variables.</doc>
<status status="PASS" start="2026-05-07T21:11:06.192330" elapsed="0.000181"/>
</kw>
<kw name="Set Variable" owner="BuiltIn">
<msg time="2026-05-07T21:11:06.192772" level="INFO">${naturalidade} = Carapebus</msg>
<var>${naturalidade}</var>
<arg>${data}[4]</arg>
<doc>Returns the given values which can then be assigned to a variables.</doc>
<status status="PASS" start="2026-05-07T21:11:06.192616" elapsed="0.000178"/>
</kw>
<kw name="Set Variable" owner="BuiltIn">
<msg time="2026-05-07T21:11:06.193085" level="INFO">${nacionalidade} = Brasileira</msg>
<var>${nacionalidade}</var>
<arg>${data}[5]</arg>
<doc>Returns the given values which can then be assigned to a variables.</doc>
<status status="PASS" start="2026-05-07T21:11:06.192898" elapsed="0.000210"/>
</kw>
<kw name="Set Variable" owner="BuiltIn">
<msg time="2026-05-07T21:11:06.193491" level="INFO">${sql} = INSERT INTO usuarios(nome, data_nascimento, sexo, estado_civil, naturalidade, nacionalidade) VALUES ('Carolina Andrade', '1993-02-28', 'F', 'Solteira', 'Carapebus', 'Brasileira')</msg>
<var>${sql}</var>
<arg>INSERT INTO ${TABLE_NAME}(nome, data_nascimento, sexo, estado_civil, naturalidade, nacionalidade) VALUES ('${nome}', '${data_nascimento}', '${sexo}', '${estado_civil}', '${naturalidade}', '${nacionalidade}')</arg>
<doc>Returns the given values which can then be assigned to a variables.</doc>
<status status="PASS" start="2026-05-07T21:11:06.193215" elapsed="0.000299"/>
</kw>
<kw name="Execute Sql String" owner="DatabaseLibrary">
<msg time="2026-05-07T21:11:06.193768" level="INFO" html="true">Executing sql:&lt;br&gt;&lt;code style="font-weight: bold;"&gt;INSERT INTO usuarios(nome, data_nascimento, sexo, estado_civil, naturalidade, nacionalidade) VALUES ('Carolina Andrade', '1993-02-28', 'F', 'Solteira', 'Carapebus', 'Brasileira')&lt;/code&gt;</msg>
<msg time="2026-05-07T21:11:06.196961" level="INFO">Commit the transaction</msg>
<arg>${sql}</arg>
<doc>Executes the ``sql_string`` - as a single SQL command (default) or as separate statements.</doc>
<status status="PASS" start="2026-05-07T21:11:06.193621" elapsed="0.006679"/>
</kw>
<var name="${line}">Carolina Andrade,1993-02-28,F,Solteira,Carapebus,Brasileira</var>
<status status="PASS" start="2026-05-07T21:11:06.190835" elapsed="0.009549"/>
</iter>
<iter>
<kw name="Split String" owner="String">
<msg time="2026-05-07T21:11:06.200958" level="INFO">${data} = ['Elias Nascimento', '1979-05-17', 'M', 'Casado', 'Tanguá', 'Brasileira']</msg>
<var>${data}</var>
<arg>${line}</arg>
<arg>,</arg>
<doc>Splits the ``string`` using ``separator`` as a delimiter string.</doc>
<status status="PASS" start="2026-05-07T21:11:06.200729" elapsed="0.000348"/>
</kw>
<kw name="Set Variable" owner="BuiltIn">
<msg time="2026-05-07T21:11:06.201396" level="INFO">${nome} = Elias Nascimento</msg>
<var>${nome}</var>
<arg>${data}[0]</arg>
<doc>Returns the given values which can then be assigned to a variables.</doc>
<status status="PASS" start="2026-05-07T21:11:06.201211" elapsed="0.000209"/>
</kw>
<kw name="Set Variable" owner="BuiltIn">
<msg time="2026-05-07T21:11:06.201704" level="INFO">${data_nascimento} = 1979-05-17</msg>
<var>${data_nascimento}</var>
<arg>${data}[1]</arg>
<doc>Returns the given values which can then be assigned to a variables.</doc>
<status status="PASS" start="2026-05-07T21:11:06.201535" elapsed="0.000192"/>
</kw>
<kw name="Set Variable" owner="BuiltIn">
<msg time="2026-05-07T21:11:06.202002" level="INFO">${sexo} = M</msg>
<var>${sexo}</var>
<arg>${data}[2]</arg>
<doc>Returns the given values which can then be assigned to a variables.</doc>
<status status="PASS" start="2026-05-07T21:11:06.201837" elapsed="0.000188"/>
</kw>
<kw name="Set Variable" owner="BuiltIn">
<msg time="2026-05-07T21:11:06.202345" level="INFO">${estado_civil} = Casado</msg>
<var>${estado_civil}</var>
<arg>${data}[3]</arg>
<doc>Returns the given values which can then be assigned to a variables.</doc>
<status status="PASS" start="2026-05-07T21:11:06.202152" elapsed="0.000218"/>
</kw>
<kw name="Set Variable" owner="BuiltIn">
<msg time="2026-05-07T21:11:06.202681" level="INFO">${naturalidade} = Tanguá</msg>
<var>${naturalidade}</var>
<arg>${data}[4]</arg>
<doc>Returns the given values which can then be assigned to a variables.</doc>
<status status="PASS" start="2026-05-07T21:11:06.202509" elapsed="0.000196"/>
</kw>
<kw name="Set Variable" owner="BuiltIn">
<msg time="2026-05-07T21:11:06.203520" level="INFO">${nacionalidade} = Brasileira</msg>
<var>${nacionalidade}</var>
<arg>${data}[5]</arg>
<doc>Returns the given values which can then be assigned to a variables.</doc>
<status status="PASS" start="2026-05-07T21:11:06.202814" elapsed="0.000742"/>
</kw>
<kw name="Set Variable" owner="BuiltIn">
<msg time="2026-05-07T21:11:06.204062" level="INFO">${sql} = INSERT INTO usuarios(nome, data_nascimento, sexo, estado_civil, naturalidade, nacionalidade) VALUES ('Elias Nascimento', '1979-05-17', 'M', 'Casado', 'Tanguá', 'Brasileira')</msg>
<var>${sql}</var>
<arg>INSERT INTO ${TABLE_NAME}(nome, data_nascimento, sexo, estado_civil, naturalidade, nacionalidade) VALUES ('${nome}', '${data_nascimento}', '${sexo}', '${estado_civil}', '${naturalidade}', '${nacionalidade}')</arg>
<doc>Returns the given values which can then be assigned to a variables.</doc>
<status status="PASS" start="2026-05-07T21:11:06.203725" elapsed="0.000366"/>
</kw>
<kw name="Execute Sql String" owner="DatabaseLibrary">
<msg time="2026-05-07T21:11:06.204378" level="INFO" html="true">Executing sql:&lt;br&gt;&lt;code style="font-weight: bold;"&gt;INSERT INTO usuarios(nome, data_nascimento, sexo, estado_civil, naturalidade, nacionalidade) VALUES ('Elias Nascimento', '1979-05-17', 'M', 'Casado', 'Tanguá', 'Brasileira')&lt;/code&gt;</msg>
<msg time="2026-05-07T21:11:06.207226" level="INFO">Commit the transaction</msg>
<arg>${sql}</arg>
<doc>Executes the ``sql_string`` - as a single SQL command (default) or as separate statements.</doc>
<status status="PASS" start="2026-05-07T21:11:06.204219" elapsed="0.005953"/>
</kw>
<var name="${line}">Elias Nascimento,1979-05-17,M,Casado,Tanguá,Brasileira</var>
<status status="PASS" start="2026-05-07T21:11:06.200593" elapsed="0.009664"/>
</iter>
<iter>
<kw name="Split String" owner="String">
<msg time="2026-05-07T21:11:06.210844" level="INFO">${data} = ['Camila Alves', '1989-08-24', 'Feminino', 'Divorciado', 'Manaus', 'Brasileira']</msg>
<var>${data}</var>
<arg>${line}</arg>
<arg>,</arg>
<doc>Splits the ``string`` using ``separator`` as a delimiter string.</doc>
<status status="PASS" start="2026-05-07T21:11:06.210610" elapsed="0.000261"/>
</kw>
<kw name="Set Variable" owner="BuiltIn">
<msg time="2026-05-07T21:11:06.211205" level="INFO">${nome} = Camila Alves</msg>
<var>${nome}</var>
<arg>${data}[0]</arg>
<doc>Returns the given values which can then be assigned to a variables.</doc>
<status status="PASS" start="2026-05-07T21:11:06.210989" elapsed="0.000240"/>
</kw>
<kw name="Set Variable" owner="BuiltIn">
<msg time="2026-05-07T21:11:06.211504" level="INFO">${data_nascimento} = 1989-08-24</msg>
<var>${data_nascimento}</var>
<arg>${data}[1]</arg>
<doc>Returns the given values which can then be assigned to a variables.</doc>
<status status="PASS" start="2026-05-07T21:11:06.211341" elapsed="0.000186"/>
</kw>
<kw name="Set Variable" owner="BuiltIn">
<msg time="2026-05-07T21:11:06.211794" level="INFO">${sexo} = Feminino</msg>
<var>${sexo}</var>
<arg>${data}[2]</arg>
<doc>Returns the given values which can then be assigned to a variables.</doc>
<status status="PASS" start="2026-05-07T21:11:06.211636" elapsed="0.000181"/>
</kw>
<kw name="Set Variable" owner="BuiltIn">
<msg time="2026-05-07T21:11:06.212115" level="INFO">${estado_civil} = Divorciado</msg>
<var>${estado_civil}</var>
<arg>${data}[3]</arg>
<doc>Returns the given values which can then be assigned to a variables.</doc>
<status status="PASS" start="2026-05-07T21:11:06.211924" elapsed="0.000215"/>
</kw>
<kw name="Set Variable" owner="BuiltIn">
<msg time="2026-05-07T21:11:06.212408" level="INFO">${naturalidade} = Manaus</msg>
<var>${naturalidade}</var>
<arg>${data}[4]</arg>
<doc>Returns the given values which can then be assigned to a variables.</doc>
<status status="PASS" start="2026-05-07T21:11:06.212249" elapsed="0.000182"/>
</kw>
<kw name="Set Variable" owner="BuiltIn">
<msg time="2026-05-07T21:11:06.212724" level="INFO">${nacionalidade} = Brasileira</msg>
<var>${nacionalidade}</var>
<arg>${data}[5]</arg>
<doc>Returns the given values which can then be assigned to a variables.</doc>
<status status="PASS" start="2026-05-07T21:11:06.212559" elapsed="0.000195"/>
</kw>
<kw name="Set Variable" owner="BuiltIn">
<msg time="2026-05-07T21:11:06.213157" level="INFO">${sql} = INSERT INTO usuarios(nome, data_nascimento, sexo, estado_civil, naturalidade, nacionalidade) VALUES ('Camila Alves', '1989-08-24', 'Feminino', 'Divorciado', 'Manaus', 'Brasileira')</msg>
<var>${sql}</var>
<arg>INSERT INTO ${TABLE_NAME}(nome, data_nascimento, sexo, estado_civil, naturalidade, nacionalidade) VALUES ('${nome}', '${data_nascimento}', '${sexo}', '${estado_civil}', '${naturalidade}', '${nacionalidade}')</arg>
<doc>Returns the given values which can then be assigned to a variables.</doc>
<status status="PASS" start="2026-05-07T21:11:06.212865" elapsed="0.000317"/>
</kw>
<kw name="Execute Sql String" owner="DatabaseLibrary">
<msg time="2026-05-07T21:11:06.213441" level="INFO" html="true">Executing sql:&lt;br&gt;&lt;code style="font-weight: bold;"&gt;INSERT INTO usuarios(nome, data_nascimento, sexo, estado_civil, naturalidade, nacionalidade) VALUES ('Camila Alves', '1989-08-24', 'Feminino', 'Divorciado', 'Manaus', 'Brasileira')&lt;/code&gt;</msg>
<msg time="2026-05-07T21:11:06.216410" level="INFO">Commit the transaction</msg>
<arg>${sql}</arg>
<doc>Executes the ``sql_string`` - as a single SQL command (default) or as separate statements.</doc>
<status status="PASS" start="2026-05-07T21:11:06.213294" elapsed="0.006496"/>
</kw>
<var name="${line}">Camila Alves,1989-08-24,Feminino,Divorciado,Manaus,Brasileira</var>
<status status="PASS" start="2026-05-07T21:11:06.210433" elapsed="0.009453"/>
</iter>
<var>${line}</var>
<value>@{data_lines}</value>
<status status="PASS" start="2026-05-07T21:11:05.215446" elapsed="1.004483"/>
</for>
<kw name="Disconnect From Database" owner="DatabaseLibrary">
<doc>Disconnects from the database.</doc>
<status status="PASS" start="2026-05-07T21:11:06.220131" elapsed="0.000224"/>
</kw>
<status status="PASS" start="2026-05-07T21:11:05.196034" elapsed="1.024405"/>
</kw>
<status status="PASS" start="2026-05-07T21:11:05.147266" elapsed="1.073445"/>
</test>
<status status="PASS" start="2026-05-07T21:11:04.900465" elapsed="1.321020"/>
</suite>
<statistics>
<total>
<stat pass="1" fail="0" skip="0">All Tests</stat>
</total>
<tag>
</tag>
<suite>
<stat pass="1" fail="0" skip="0" id="s1" name="Insert">Insert</stat>
</suite>
</statistics>
<errors>
<msg time="2026-05-07T21:11:05.146537" level="WARN">Imported library '/home/rfahham/projetos/testcontainers/tests/local/libraries/postgres_container.py' contains no keywords.</msg>
</errors>
</robot>
